191022 202258.606|CONFIG|main|setFileHandlers|Now logging to /home/xanonymous/vscode/main/ITSA/ITSA_Login_3/bin/logs directory.
191022 202258.608|INFO|main|info|
191022 202258.610|INFO|main|info|Version 9.5.3 20180207 (Wednesday, February 7th 2018 04:25 UTC) Java ver 13 build 4653 Linux 5.3.0-050300-lowlatency (amd64) 
191022 202258.610|INFO|main|startLog|Working directory is /home/xanonymous/vscode/main/ITSA/ITSA_Login_3/bin
191022 202258.628|INFO|main|startLog|Process id is 9799@trusaidlinux
191022 202258.629|INFO|main|start|Starting ConnectionManager...
191022 202258.658|INFO|main|start|Started ConnectionManager
191022 202258.659|INFO|main|setClientServerAndPort|INIFile File location: file:/home/xanonymous/vscode/main/ITSA/ITSA_Login_3/bin/pc2v9.ini
191022 202258.659|INFO|main|setClientServerAndPort|setClientServerAndPort 140.116.245.84 parsed as 140.116.245.84 port 50002
191022 202258.659|INFO|main|info|Contacting server at 140.116.245.84:50002
191022 202258.660|INFO|main|connectToMyServer|Connecting to 140.116.245.84:50002
191022 202258.700|INFO|Thread-0|receiveUnencrypted|receiveUnencrypted(TransportWrapper, ConnectionHandlerID=Socket[addr=/140.116.245.84,port=50002,localport=58672]--4380500380572916118)
191022 202258.715|INFO|Thread-0|receiveUnencrypted|receiveUnencrypted Made a secret key for Socket[addr=/140.116.245.84,port=50002,localport=58672]--4380500380572916118 key is com.sun.crypto.provider.DESKey@fffe7be6
191022 202258.715|INFO|Thread-0|getPublicKeyPacket|Generating Unencrypted Public Key Packet
191022 202258.716|INFO|Thread-0|getPublicKeyPacket|checking key:= SunJCE Diffie-Hellman Public Key:
y:
    e861e342 c27a400c 016825be d02c5d4a c832de0f bdafdeb4 43f89c4c d23ff0af
    b21ac6a0 76f416b4 1ed7a85e b5f725a6 d8ba4e3d d7b476f0 f81ad4a6 17530b75
    11bc0899 a1d1eca9 8100b545 90f1288f 868b0f9b 7479e4e6 b94e02c8 1a556651
    d8dde602 c0a3e586 9d76dffc e40cbd98 b47b9ae8 7a246745 6137e77f 60f63b57
p:
    f488fd58 4e49dbcd 20b49de4 9107366b 336c380d 451d0f7c 88b31c7c 5b2d8ef6
    f3c923c0 43f0a55b 188d8ebb 558cb85d 38d334fd 7c175743 a31d186c de33212c
    b52aff3c e1b12940 18118d7c 84a70a72 d686c403 19c80729 7aca950c d9969fab
    d00a509b 0246d308 3d66a45d 419f9c7c bd894b22 1926baab a25ec355 e92f78c7
g:
    02
l:
    512
191022 202258.717|INFO|Thread-0|getPublicKeyPacket|packet:= edu.csus.ecs.pc2.core.transport.TransportWrapper@4086a0d4
191022 205811.041|INFO|Thread-0|receive|SocketException in receive for Socket[addr=/140.116.245.84,port=50002,localport=58672]--4380500380572916118
|java.net.SocketException: Connection reset
|    at java.net.SocketInputStream.read (SocketInputStream.java:186)
|    at java.net.SocketInputStream.read (SocketInputStream.java:140)
|    at java.net.Socket$SocketInputStream.read (Socket.java:971)
|    at java.net.Socket$SocketInputStream.read (Socket.java:966)
|    at java.io.ObjectInputStream$PeekInputStream.peek (ObjectInputStream.java:2723)
|    at java.io.ObjectInputStream$BlockDataInputStream.peek (ObjectInputStream.java:3050)
|    at java.io.ObjectInputStream$BlockDataInputStream.peekByte (ObjectInputStream.java:3060)
|    at java.io.ObjectInputStream.readObject0 (ObjectInputStream.java:1561)
|    at java.io.ObjectInputStream.readObject (ObjectInputStream.java:430)
|    at edu.csus.ecs.pc2.core.transport.ConnectionHandlerThread.receive (ConnectionHandlerThread.java:151)
|    at edu.csus.ecs.pc2.core.transport.ConnectionHandlerClientThread.run (ConnectionHandlerClientThread.java:65)
191022 205811.044|FINER|Thread-0|run|THROW
|edu.csus.ecs.pc2.core.transport.TransportException: Connection reset
|    at edu.csus.ecs.pc2.core.transport.ConnectionHandlerThread.receive (ConnectionHandlerThread.java:155)
|    at edu.csus.ecs.pc2.core.transport.ConnectionHandlerClientThread.run (ConnectionHandlerClientThread.java:65)
