191023 181056.629|CONFIG|main|setFileHandlers|Now logging to /home/xanonymous/vscode/main/ITSA/ITSA_Login_3/bin/logs directory.
191023 181056.644|INFO|main|info|
191023 181056.676|INFO|main|info|Version 9.5.3 20180207 (Wednesday, February 7th 2018 04:25 UTC) Java ver 13 build 4653 Linux 5.3.0-050300-lowlatency (amd64) 
191023 181056.677|INFO|main|startLog|Working directory is /home/xanonymous/vscode/main/ITSA/ITSA_Login_3/bin
191023 181056.845|INFO|main|startLog|Process id is 7789@trusaidlinux
191023 181056.845|INFO|main|start|Starting ConnectionManager...
191023 181057.166|INFO|main|start|Started ConnectionManager
191023 181057.177|INFO|main|setClientServerAndPort|INIFile File location: file:/home/xanonymous/vscode/main/ITSA/ITSA_Login_3/bin/pc2v9.ini
191023 181057.178|INFO|main|setClientServerAndPort|setClientServerAndPort 140.116.245.84 parsed as 140.116.245.84 port 50002
191023 181057.178|INFO|main|info|Contacting server at 140.116.245.84:50002
191023 181057.179|INFO|main|connectToMyServer|Connecting to 140.116.245.84:50002
191023 181057.480|INFO|Thread-0|receiveUnencrypted|receiveUnencrypted(TransportWrapper, ConnectionHandlerID=Socket[addr=/140.116.245.84,port=50002,localport=54666]--6104680171507914698)
191023 181057.673|INFO|Thread-0|receiveUnencrypted|receiveUnencrypted Made a secret key for Socket[addr=/140.116.245.84,port=50002,localport=54666]--6104680171507914698 key is com.sun.crypto.provider.DESKey@fffe7a5b
191023 181057.673|INFO|Thread-0|getPublicKeyPacket|Generating Unencrypted Public Key Packet
191023 181057.675|INFO|Thread-0|getPublicKeyPacket|checking key:= SunJCE Diffie-Hellman Public Key:
y:
    efb6ec1b a48bea84 7ddf69e3 d2bc8ec0 70081fe3 88e66bb8 5c72a6df 4f4f55b2
    a4c6948a 8c691fbf df9bb8c5 741b4634 9aabba96 fba80a0d 2a596f4f fa550250
    d3ae01a9 d0b22384 a90f014d 6f8f22b3 e06da765 c109465d 6df605f9 3ec245ed
    90406601 4876a487 0a6bb92b 199c6485 979fbd1a 01ab00d6 c1bf2a96 4cbb9ecf
p:
    f488fd58 4e49dbcd 20b49de4 9107366b 336c380d 451d0f7c 88b31c7c 5b2d8ef6
    f3c923c0 43f0a55b 188d8ebb 558cb85d 38d334fd 7c175743 a31d186c de33212c
    b52aff3c e1b12940 18118d7c 84a70a72 d686c403 19c80729 7aca950c d9969fab
    d00a509b 0246d308 3d66a45d 419f9c7c bd894b22 1926baab a25ec355 e92f78c7
g:
    02
l:
    512
191023 181057.676|INFO|Thread-0|getPublicKeyPacket|packet:= edu.csus.ecs.pc2.core.transport.TransportWrapper@1f1efac1
191023 183341.755|INFO|Thread-0|receive|SocketException in receive for Socket[addr=/140.116.245.84,port=50002,localport=54666]--6104680171507914698
|java.net.SocketException: Connection reset
|    at java.net.SocketInputStream.read (SocketInputStream.java:186)
|    at java.net.SocketInputStream.read (SocketInputStream.java:140)
|    at java.net.Socket$SocketInputStream.read (Socket.java:971)
|    at java.net.Socket$SocketInputStream.read (Socket.java:966)
|    at java.io.ObjectInputStream$PeekInputStream.peek (ObjectInputStream.java:2723)
|    at java.io.ObjectInputStream$BlockDataInputStream.peek (ObjectInputStream.java:3050)
|    at java.io.ObjectInputStream$BlockDataInputStream.peekByte (ObjectInputStream.java:3060)
|    at java.io.ObjectInputStream.readObject0 (ObjectInputStream.java:1561)
|    at java.io.ObjectInputStream.readObject (ObjectInputStream.java:430)
|    at edu.csus.ecs.pc2.core.transport.ConnectionHandlerThread.receive (ConnectionHandlerThread.java:151)
|    at edu.csus.ecs.pc2.core.transport.ConnectionHandlerClientThread.run (ConnectionHandlerClientThread.java:65)
191023 183341.758|FINER|Thread-0|run|THROW
|edu.csus.ecs.pc2.core.transport.TransportException: Connection reset
|    at edu.csus.ecs.pc2.core.transport.ConnectionHandlerThread.receive (ConnectionHandlerThread.java:155)
|    at edu.csus.ecs.pc2.core.transport.ConnectionHandlerClientThread.run (ConnectionHandlerClientThread.java:65)
