191022 194023.060|CONFIG|Thread-2|setFileHandlers|Now logging to /home/xanonymous/Downloads/ITSA_Login_3/bin/logs directory.
191022 194023.060|INFO|Thread-2|info|
191022 194023.060|INFO|Thread-2|info|Version 9.5.3 20180207 (Wednesday, February 7th 2018 04:25 UTC) Java ver 13 build 4653 Linux 5.3.0-050300-lowlatency (amd64) 
191022 194023.060|INFO|Thread-2|info|Login: team633 (aka team633)
191022 194023.060|INFO|Thread-2|startLog|Working directory is /home/xanonymous/Downloads/ITSA_Login_3/bin
191022 194023.060|INFO|Thread-2|startLog|Process id is 6301@trusaidlinux
191022 194023.060|INFO|Thread-2|info|Attempting to load UI class edu.csus.ecs.pc2.ui.team.TeamView
191022 194023.105|INFO|Thread-2|info|Loaded UI class edu.csus.ecs.pc2.ui.team.TeamView
191022 194023.321|INFO|Thread-2|info| handlePacket original LOGIN_SUCCESS after -- all settings loaded 
191022 194023.322|INFO|Thread-2|info|handlePacket end Packet[LOGIN_SUCCESS] #69 SERVER0 @ site 1 -> TEAM633 @ site 1
191022 194023.323|INFO|Thread-2|info| receiveObject(S) end   got Packet[LOGIN_SUCCESS] #69 SERVER0 @ site 1 -> TEAM633 @ site 1
191022 202313.494|CONFIG|Thread-2|setFileHandlers|Now logging to /home/xanonymous/vscode/main/ITSA/ITSA_Login_3/bin/logs directory.
191022 202313.494|INFO|Thread-2|info|
191022 202313.495|INFO|Thread-2|info|Version 9.5.3 20180207 (Wednesday, February 7th 2018 04:25 UTC) Java ver 13 build 4653 Linux 5.3.0-050300-lowlatency (amd64) 
191022 202313.495|INFO|Thread-2|info|Login: team633 (aka team633)
191022 202313.495|INFO|Thread-2|startLog|Working directory is /home/xanonymous/vscode/main/ITSA/ITSA_Login_3/bin
191022 202313.495|INFO|Thread-2|startLog|Process id is 9799@trusaidlinux
191022 202313.495|INFO|Thread-2|info|Attempting to load UI class edu.csus.ecs.pc2.ui.team.TeamView
191022 202313.502|INFO|Thread-2|info|Loaded UI class edu.csus.ecs.pc2.ui.team.TeamView
191022 202313.619|INFO|Thread-2|info| handlePacket original LOGIN_SUCCESS after -- all settings loaded 
191022 202313.620|INFO|Thread-2|info|handlePacket end Packet[LOGIN_SUCCESS] #158 SERVER0 @ site 1 -> TEAM633 @ site 1
191022 202313.620|INFO|Thread-2|info| receiveObject(S) end   got Packet[LOGIN_SUCCESS] #158 SERVER0 @ site 1 -> TEAM633 @ site 1
191022 202922.963|INFO|Thread-3|testRun|test run for Problem1 Python3.6 file: /home/xanonymous/vscode/main/ITSA/code/test1.py
191022 202922.976|CONFIG|Thread-3|compileProgram|Team submitted an executable 
191022 202922.976|DEBUG|Thread-3|compileProgram|before substitution: C:/Python36-32/python -m py_compile {:mainfile}
191022 202922.977|DEBUG|Thread-3|compileProgram|after  substitution: C:/Python36-32/python -m py_compile test1.py
191022 202922.981|CONFIG|Thread-3|runProgram|executing: 'C:/Python36-32/python -m py_compile test1.py'
191022 202923.008|CONFIG|Thread-3|runProgram|Note: exec failed in RunProgram Cannot run program "C:/Python36-32/python" (in directory "executesite1team633"): error=2, No such file or directory
191022 202924.125|INFO|Thread-3|showDialogToUser|Unable to find/execute compiler using the command "C:/Python36-32/python -m py_compile test1.py", contact staff
191022 202938.648|INFO|AWT-EventQueue-0|testOrSubmitRun|submitRun for Problem1 Python3.6 file: /home/xanonymous/vscode/main/ITSA/code/test1.py
191022 202938.649|INFO|AWT-EventQueue-0|sendToLocalServer|Sending packet to server Packet[RUN_SUBMISSION] #2 TEAM633 @ site 1 -> SERVER0 @ site 1
191022 202938.650|INFO|AWT-EventQueue-0|sendToLocalServer|Sent    packet to server Packet[RUN_SUBMISSION] #2 TEAM633 @ site 1 -> SERVER0 @ site 1
191022 202938.700|INFO|Thread-6|info| receiveObject(S) start got Packet[RUN_SUBMISSION_CONFIRM] #187 SERVER0 @ site 1 -> TEAM633 @ site 1
191022 202938.701|INFO|Thread-6|dumpPacket|Packet RUN_SUBMISSION_CONFIRM (Seq #187 ) recieveObject
191022 202938.701|INFO|Thread-6|dumpPacket|  From: SERVER0 @ site 1 (ntust @ 127.0.1.1) (Contest Id: Default-5078223832395999985)
191022 202938.701|INFO|Thread-6|dumpPacket|    To: TEAM633 @ site 1
191022 202938.701|INFO|Thread-6|dumpPacket|   key: RUN is: edu.csus.ecs.pc2.core.model.Run Run 16 QUEUED_FOR_COMPUTER_JUDGEMENT 507 min 30451703ms from TEAM633 @ site 1 id Run--4237503538320805491 problem Problem1--7237535937124190833 lang Python3.6--8443238504647716559
191022 202938.701|INFO|Thread-6|info|handlePacket start Packet[RUN_SUBMISSION_CONFIRM] #187 SERVER0 @ site 1 -> TEAM633 @ site 1
191022 202938.702|INFO|Thread-6|dumpPacket|Packet RUN_SUBMISSION_CONFIRM (Seq #187 ) handlePacket
191022 202938.702|INFO|Thread-6|dumpPacket|  From: SERVER0 @ site 1 (ntust @ 127.0.1.1) (Contest Id: Default-5078223832395999985)
191022 202938.702|INFO|Thread-6|dumpPacket|    To: TEAM633 @ site 1
191022 202938.702|INFO|Thread-6|dumpPacket|   key: RUN is: edu.csus.ecs.pc2.core.model.Run Run 16 QUEUED_FOR_COMPUTER_JUDGEMENT 507 min 30451703ms from TEAM633 @ site 1 id Run--4237503538320805491 problem Problem1--7237535937124190833 lang Python3.6--8443238504647716559
191022 202939.728|INFO|Thread-7|info| receiveObject(S) start got Packet[RUN_JUDGEMENT] #191 SERVER0 @ site 1 -> TEAM633 @ site 1
191022 202939.728|INFO|Thread-7|dumpPacket|Packet RUN_JUDGEMENT (Seq #191 ) recieveObject
191022 202939.728|INFO|Thread-7|dumpPacket|  From: SERVER0 @ site 1 (ntust @ 127.0.1.1) (Contest Id: Default-5078223832395999985)
191022 202939.728|INFO|Thread-7|dumpPacket|    To: TEAM633 @ site 1
191022 202939.728|INFO|Thread-7|dumpPacket|   key: RUN is: edu.csus.ecs.pc2.core.model.Run Run 16 JUDGED 507 min 30451703ms from TEAM633 @ site 1 id Run--4237503538320805491 problem Problem1--7237535937124190833 lang Python3.6--8443238504647716559
191022 202939.728|INFO|Thread-7|dumpPacket|   key: JUDGEMENT_RECORD is: edu.csus.ecs.pc2.core.model.JudgementRecord Yes by JUDGE1 @ site 1 judgement Yes--2581707550288194410 id JudgementRecord--2623217572597473825
191022 202939.729|INFO|Thread-7|dumpPacket|   key: CLIENT_ID is: edu.csus.ecs.pc2.core.model.ClientId SERVER0 @ site 1
191022 202939.729|INFO|Thread-7|info|handlePacket start Packet[RUN_JUDGEMENT] #191 SERVER0 @ site 1 -> TEAM633 @ site 1
191022 202939.729|INFO|Thread-7|dumpPacket|Packet RUN_JUDGEMENT (Seq #191 ) handlePacket
191022 202939.729|INFO|Thread-7|dumpPacket|  From: SERVER0 @ site 1 (ntust @ 127.0.1.1) (Contest Id: Default-5078223832395999985)
191022 202939.729|INFO|Thread-7|dumpPacket|    To: TEAM633 @ site 1
191022 202939.729|INFO|Thread-7|dumpPacket|   key: RUN is: edu.csus.ecs.pc2.core.model.Run Run 16 JUDGED 507 min 30451703ms from TEAM633 @ site 1 id Run--4237503538320805491 problem Problem1--7237535937124190833 lang Python3.6--8443238504647716559
191022 202939.729|INFO|Thread-7|dumpPacket|   key: JUDGEMENT_RECORD is: edu.csus.ecs.pc2.core.model.JudgementRecord Yes by JUDGE1 @ site 1 judgement Yes--2581707550288194410 id JudgementRecord--2623217572597473825
191022 202939.730|INFO|Thread-7|dumpPacket|   key: CLIENT_ID is: edu.csus.ecs.pc2.core.model.ClientId SERVER0 @ site 1
191022 202942.729|INFO|Thread-7|info| receiveObject(S) end   got Packet[RUN_JUDGEMENT] #191 SERVER0 @ site 1 -> TEAM633 @ site 1
191022 202943.652|INFO|Thread-6|info| receiveObject(S) end   got Packet[RUN_SUBMISSION_CONFIRM] #187 SERVER0 @ site 1 -> TEAM633 @ site 1
191022 203347.513|INFO|AWT-EventQueue-0|testOrSubmitRun|submitRun for Problem2 Python3.6 file: /home/xanonymous/vscode/main/ITSA/code/test2.py
191022 203347.515|INFO|AWT-EventQueue-0|sendToLocalServer|Sending packet to server Packet[RUN_SUBMISSION] #3 TEAM633 @ site 1 -> SERVER0 @ site 1
191022 203347.516|INFO|AWT-EventQueue-0|sendToLocalServer|Sent    packet to server Packet[RUN_SUBMISSION] #3 TEAM633 @ site 1 -> SERVER0 @ site 1
191022 203347.560|INFO|Thread-9|info| receiveObject(S) start got Packet[RUN_SUBMISSION_CONFIRM] #215 SERVER0 @ site 1 -> TEAM633 @ site 1
191022 203347.561|INFO|Thread-9|dumpPacket|Packet RUN_SUBMISSION_CONFIRM (Seq #215 ) recieveObject
191022 203347.561|INFO|Thread-9|dumpPacket|  From: SERVER0 @ site 1 (ntust @ 127.0.1.1) (Contest Id: Default-5078223832395999985)
191022 203347.561|INFO|Thread-9|dumpPacket|    To: TEAM633 @ site 1
191022 203347.561|INFO|Thread-9|dumpPacket|   key: RUN is: edu.csus.ecs.pc2.core.model.Run Run 20 QUEUED_FOR_COMPUTER_JUDGEMENT 511 min 30700564ms from TEAM633 @ site 1 id Run--3577107002793713558 problem Problem2-6942955965036498347 lang Python3.6--8443238504647716559
191022 203347.561|INFO|Thread-9|info|handlePacket start Packet[RUN_SUBMISSION_CONFIRM] #215 SERVER0 @ site 1 -> TEAM633 @ site 1
191022 203347.561|INFO|Thread-9|dumpPacket|Packet RUN_SUBMISSION_CONFIRM (Seq #215 ) handlePacket
191022 203347.562|INFO|Thread-9|dumpPacket|  From: SERVER0 @ site 1 (ntust @ 127.0.1.1) (Contest Id: Default-5078223832395999985)
191022 203347.562|INFO|Thread-9|dumpPacket|    To: TEAM633 @ site 1
191022 203347.562|INFO|Thread-9|dumpPacket|   key: RUN is: edu.csus.ecs.pc2.core.model.Run Run 20 QUEUED_FOR_COMPUTER_JUDGEMENT 511 min 30700564ms from TEAM633 @ site 1 id Run--3577107002793713558 problem Problem2-6942955965036498347 lang Python3.6--8443238504647716559
191022 203348.262|INFO|Thread-9|info| receiveObject(S) end   got Packet[RUN_SUBMISSION_CONFIRM] #215 SERVER0 @ site 1 -> TEAM633 @ site 1
191022 203348.565|INFO|Thread-10|info| receiveObject(S) start got Packet[RUN_JUDGEMENT] #219 SERVER0 @ site 1 -> TEAM633 @ site 1
191022 203348.566|INFO|Thread-10|dumpPacket|Packet RUN_JUDGEMENT (Seq #219 ) recieveObject
191022 203348.566|INFO|Thread-10|dumpPacket|  From: SERVER0 @ site 1 (ntust @ 127.0.1.1) (Contest Id: Default-5078223832395999985)
191022 203348.567|INFO|Thread-10|dumpPacket|    To: TEAM633 @ site 1
191022 203348.567|INFO|Thread-10|dumpPacket|   key: RUN is: edu.csus.ecs.pc2.core.model.Run Run 20 JUDGED 511 min 30700564ms from TEAM633 @ site 1 id Run--3577107002793713558 problem Problem2-6942955965036498347 lang Python3.6--8443238504647716559
191022 203348.568|INFO|Thread-10|dumpPacket|   key: JUDGEMENT_RECORD is: edu.csus.ecs.pc2.core.model.JudgementRecord Yes by JUDGE1 @ site 1 judgement Yes--2581707550288194410 id JudgementRecord--8432999826972698899
191022 203348.568|INFO|Thread-10|dumpPacket|   key: CLIENT_ID is: edu.csus.ecs.pc2.core.model.ClientId SERVER0 @ site 1
191022 203348.569|INFO|Thread-10|info|handlePacket start Packet[RUN_JUDGEMENT] #219 SERVER0 @ site 1 -> TEAM633 @ site 1
191022 203348.569|INFO|Thread-10|dumpPacket|Packet RUN_JUDGEMENT (Seq #219 ) handlePacket
191022 203348.569|INFO|Thread-10|dumpPacket|  From: SERVER0 @ site 1 (ntust @ 127.0.1.1) (Contest Id: Default-5078223832395999985)
191022 203348.569|INFO|Thread-10|dumpPacket|    To: TEAM633 @ site 1
191022 203348.570|INFO|Thread-10|dumpPacket|   key: RUN is: edu.csus.ecs.pc2.core.model.Run Run 20 JUDGED 511 min 30700564ms from TEAM633 @ site 1 id Run--3577107002793713558 problem Problem2-6942955965036498347 lang Python3.6--8443238504647716559
191022 203348.570|INFO|Thread-10|dumpPacket|   key: JUDGEMENT_RECORD is: edu.csus.ecs.pc2.core.model.JudgementRecord Yes by JUDGE1 @ site 1 judgement Yes--2581707550288194410 id JudgementRecord--8432999826972698899
191022 203348.570|INFO|Thread-10|dumpPacket|   key: CLIENT_ID is: edu.csus.ecs.pc2.core.model.ClientId SERVER0 @ site 1
191022 203349.548|INFO|Thread-10|info| receiveObject(S) end   got Packet[RUN_JUDGEMENT] #219 SERVER0 @ site 1 -> TEAM633 @ site 1
191022 203459.095|INFO|Thread-11|testRun|test run for Problem2 Python3.6 file: /home/xanonymous/vscode/main/ITSA/code/test2.py
191022 203459.102|CONFIG|Thread-11|compileProgram|Team submitted an executable 
191022 203459.102|DEBUG|Thread-11|compileProgram|before substitution: C:/Python36-32/python -m py_compile {:mainfile}
191022 203459.102|DEBUG|Thread-11|compileProgram|after  substitution: C:/Python36-32/python -m py_compile test2.py
191022 203459.104|CONFIG|Thread-11|runProgram|executing: 'C:/Python36-32/python -m py_compile test2.py'
191022 203459.106|CONFIG|Thread-11|runProgram|Note: exec failed in RunProgram Cannot run program "C:/Python36-32/python" (in directory "executesite1team633"): error=2, No such file or directory
191022 203459.110|INFO|Thread-11|showDialogToUser|Unable to find/execute compiler using the command "C:/Python36-32/python -m py_compile test2.py", contact staff
191022 203529.143|INFO|Thread-13|testRun|test run for Problem2 Python3.6 file: /home/xanonymous/vscode/main/ITSA/code/test2.py
191022 203529.149|CONFIG|Thread-13|compileProgram|Team submitted an executable 
191022 203529.150|DEBUG|Thread-13|compileProgram|before substitution: C:/Python36-32/python -m py_compile {:mainfile}
191022 203529.150|DEBUG|Thread-13|compileProgram|after  substitution: C:/Python36-32/python -m py_compile test2.py
191022 203529.153|CONFIG|Thread-13|runProgram|executing: 'C:/Python36-32/python -m py_compile test2.py'
191022 203529.154|CONFIG|Thread-13|runProgram|Note: exec failed in RunProgram Cannot run program "C:/Python36-32/python" (in directory "executesite1team633"): error=2, No such file or directory
191022 203529.160|INFO|Thread-13|showDialogToUser|Unable to find/execute compiler using the command "C:/Python36-32/python -m py_compile test2.py", contact staff
191022 203636.756|INFO|Thread-15|testRun|test run for Problem2 Python3.6 file: /home/xanonymous/vscode/main/ITSA/code/test2.py
191022 203636.762|CONFIG|Thread-15|compileProgram|Team submitted an executable 
191022 203636.762|DEBUG|Thread-15|compileProgram|before substitution: C:/Python36-32/python -m py_compile {:mainfile}
191022 203636.763|DEBUG|Thread-15|compileProgram|after  substitution: C:/Python36-32/python -m py_compile test2.py
191022 203636.765|CONFIG|Thread-15|runProgram|executing: 'C:/Python36-32/python -m py_compile test2.py'
191022 203636.767|CONFIG|Thread-15|runProgram|Note: exec failed in RunProgram Cannot run program "C:/Python36-32/python" (in directory "executesite1team633"): error=2, No such file or directory
191022 203636.770|INFO|Thread-15|showDialogToUser|Unable to find/execute compiler using the command "C:/Python36-32/python -m py_compile test2.py", contact staff
191022 203751.907|INFO|AWT-EventQueue-0|submitClarification|submit clarification for Problem1 h
191022 203751.909|INFO|AWT-EventQueue-0|sendToLocalServer|Sending packet to server Packet[CLARIFICATION_SUBMISSION] #4 TEAM633 @ site 1 -> SERVER0 @ site 1
191022 203751.909|INFO|AWT-EventQueue-0|sendToLocalServer|Sent    packet to server Packet[CLARIFICATION_SUBMISSION] #4 TEAM633 @ site 1 -> SERVER0 @ site 1
191022 203751.995|INFO|Thread-18|info| receiveObject(S) start got Packet[CLARIFICATION_SUBMISSION_CONFIRM] #229 SERVER0 @ site 1 -> TEAM633 @ site 1
191022 203751.995|INFO|Thread-18|dumpPacket|Packet CLARIFICATION_SUBMISSION_CONFIRM (Seq #229 ) recieveObject
191022 203751.995|INFO|Thread-18|dumpPacket|  From: SERVER0 @ site 1 (ntust @ 127.0.1.1) (Contest Id: Default-5078223832395999985)
191022 203751.996|INFO|Thread-18|dumpPacket|    To: TEAM633 @ site 1
191022 203751.996|INFO|Thread-18|dumpPacket|   key: CLARIFICATION is: edu.csus.ecs.pc2.core.model.Clarification Clarification 1 NEW from TEAM633 @ site 1 at 515 id=Clarification--4484883537342955993
191022 203751.996|INFO|Thread-18|info|handlePacket start Packet[CLARIFICATION_SUBMISSION_CONFIRM] #229 SERVER0 @ site 1 -> TEAM633 @ site 1
191022 203751.996|INFO|Thread-18|dumpPacket|Packet CLARIFICATION_SUBMISSION_CONFIRM (Seq #229 ) handlePacket
191022 203751.996|INFO|Thread-18|dumpPacket|  From: SERVER0 @ site 1 (ntust @ 127.0.1.1) (Contest Id: Default-5078223832395999985)
191022 203751.996|INFO|Thread-18|dumpPacket|    To: TEAM633 @ site 1
191022 203751.996|INFO|Thread-18|dumpPacket|   key: CLARIFICATION is: edu.csus.ecs.pc2.core.model.Clarification Clarification 1 NEW from TEAM633 @ site 1 at 515 id=Clarification--4484883537342955993
191022 203751.997|INFO|Thread-18|info| receiveObject(S) end   got Packet[CLARIFICATION_SUBMISSION_CONFIRM] #229 SERVER0 @ site 1 -> TEAM633 @ site 1
191022 203803.259|INFO|Thread-19|testRun|test run for Problem2 Python3.6 file: /home/xanonymous/vscode/main/ITSA/code/test2.py
191022 203803.267|CONFIG|Thread-19|compileProgram|Team submitted an executable 
191022 203803.267|DEBUG|Thread-19|compileProgram|before substitution: C:/Python36-32/python -m py_compile {:mainfile}
191022 203803.268|DEBUG|Thread-19|compileProgram|after  substitution: C:/Python36-32/python -m py_compile test2.py
191022 203803.270|CONFIG|Thread-19|runProgram|executing: 'C:/Python36-32/python -m py_compile test2.py'
191022 203803.271|CONFIG|Thread-19|runProgram|Note: exec failed in RunProgram Cannot run program "C:/Python36-32/python" (in directory "executesite1team633"): error=2, No such file or directory
191022 203803.274|INFO|Thread-19|showDialogToUser|Unable to find/execute compiler using the command "C:/Python36-32/python -m py_compile test2.py", contact staff
191022 204119.774|INFO|Thread-21|testRun|test run for Problem2 Python3.6 file: /home/xanonymous/vscode/main/ITSA/code/test2.py
191022 204119.781|CONFIG|Thread-21|compileProgram|Team submitted an executable 
191022 204119.782|DEBUG|Thread-21|compileProgram|before substitution: C:/Python36-32/python -m py_compile {:mainfile}
191022 204119.783|DEBUG|Thread-21|compileProgram|after  substitution: C:/Python36-32/python -m py_compile test2.py
191022 204119.791|CONFIG|Thread-21|runProgram|executing: 'C:/Python36-32/python -m py_compile test2.py'
191022 204119.795|CONFIG|Thread-21|runProgram|Note: exec failed in RunProgram Cannot run program "C:/Python36-32/python" (in directory "executesite1team633"): error=2, No such file or directory
191022 204119.808|INFO|Thread-21|showDialogToUser|Unable to find/execute compiler using the command "C:/Python36-32/python -m py_compile test2.py", contact staff
191022 205811.048|INFO|Thread-0|info|connectionDropped: shutting down TEAM633 @ site 1
191022 205843.563|CONFIG|Thread-2|setFileHandlers|Now logging to /home/xanonymous/vscode/main/ITSA/ITSA_Login_3/bin/logs directory.
191022 205843.564|INFO|Thread-2|info|
191022 205843.564|INFO|Thread-2|info|Version 9.5.3 20180207 (Wednesday, February 7th 2018 04:25 UTC) Java ver 13 build 4653 Linux 5.3.0-050300-lowlatency (amd64) 
191022 205843.564|INFO|Thread-2|info|Login: team633 (aka team633)
191022 205843.564|INFO|Thread-2|startLog|Working directory is /home/xanonymous/vscode/main/ITSA/ITSA_Login_3/bin
191022 205843.565|INFO|Thread-2|startLog|Process id is 14252@trusaidlinux
191022 205843.565|INFO|Thread-2|info|Attempting to load UI class edu.csus.ecs.pc2.ui.team.TeamView
191022 205843.572|INFO|Thread-2|info|Loaded UI class edu.csus.ecs.pc2.ui.team.TeamView
191022 205843.696|INFO|Thread-2|info| handlePacket original LOGIN_SUCCESS after -- all settings loaded 
191022 205843.696|INFO|Thread-2|info|handlePacket end Packet[LOGIN_SUCCESS] #237 SERVER0 @ site 1 -> TEAM633 @ site 1
191022 205843.697|INFO|Thread-2|info| receiveObject(S) end   got Packet[LOGIN_SUCCESS] #237 SERVER0 @ site 1 -> TEAM633 @ site 1
191023 181107.049|CONFIG|Thread-2|setFileHandlers|Now logging to /home/xanonymous/vscode/main/ITSA/ITSA_Login_3/bin/logs directory.
191023 181107.066|INFO|Thread-2|info|
191023 181107.066|INFO|Thread-2|info|Version 9.5.3 20180207 (Wednesday, February 7th 2018 04:25 UTC) Java ver 13 build 4653 Linux 5.3.0-050300-lowlatency (amd64) 
191023 181107.066|INFO|Thread-2|info|Login: team633 (aka team633)
191023 181107.067|INFO|Thread-2|startLog|Working directory is /home/xanonymous/vscode/main/ITSA/ITSA_Login_3/bin
191023 181107.067|INFO|Thread-2|startLog|Process id is 7789@trusaidlinux
191023 181107.067|INFO|Thread-2|info|Attempting to load UI class edu.csus.ecs.pc2.ui.team.TeamView
191023 181107.125|INFO|Thread-2|info|Loaded UI class edu.csus.ecs.pc2.ui.team.TeamView
191023 181107.457|INFO|Thread-2|info| handlePacket original LOGIN_SUCCESS after -- all settings loaded 
191023 181107.459|INFO|Thread-2|info|handlePacket end Packet[LOGIN_SUCCESS] #575 SERVER0 @ site 1 -> TEAM633 @ site 1
191023 181107.459|INFO|Thread-2|info| receiveObject(S) end   got Packet[LOGIN_SUCCESS] #575 SERVER0 @ site 1 -> TEAM633 @ site 1
191023 181303.577|INFO|AWT-EventQueue-0|testOrSubmitRun|submitRun for Problem1 Python3.6 file: /home/xanonymous/vscode/main/ITSA/code/problem01.py
191023 181303.580|INFO|AWT-EventQueue-0|sendToLocalServer|Sending packet to server Packet[RUN_SUBMISSION] #2 TEAM633 @ site 1 -> SERVER0 @ site 1
191023 181303.580|INFO|AWT-EventQueue-0|sendToLocalServer|Sent    packet to server Packet[RUN_SUBMISSION] #2 TEAM633 @ site 1 -> SERVER0 @ site 1
191023 181303.635|INFO|Thread-4|info| receiveObject(S) start got Packet[RUN_SUBMISSION_CONFIRM] #650 SERVER0 @ site 1 -> TEAM633 @ site 1
191023 181303.636|INFO|Thread-4|dumpPacket|Packet RUN_SUBMISSION_CONFIRM (Seq #650 ) recieveObject
191023 181303.636|INFO|Thread-4|dumpPacket|  From: SERVER0 @ site 1 (ntust @ 127.0.1.1) (Contest Id: Default-5078223832395999985)
191023 181303.637|INFO|Thread-4|dumpPacket|    To: TEAM633 @ site 1
191023 181303.637|INFO|Thread-4|dumpPacket|   key: RUN is: edu.csus.ecs.pc2.core.model.Run Run 30 QUEUED_FOR_COMPUTER_JUDGEMENT 13 min 782650ms from TEAM633 @ site 1 id Run--8254666515107790628 problem Problem1--7237535937124190833 lang Python3.6--8443238504647716559
191023 181303.637|INFO|Thread-4|info|handlePacket start Packet[RUN_SUBMISSION_CONFIRM] #650 SERVER0 @ site 1 -> TEAM633 @ site 1
191023 181303.637|INFO|Thread-4|dumpPacket|Packet RUN_SUBMISSION_CONFIRM (Seq #650 ) handlePacket
191023 181303.638|INFO|Thread-4|dumpPacket|  From: SERVER0 @ site 1 (ntust @ 127.0.1.1) (Contest Id: Default-5078223832395999985)
191023 181303.638|INFO|Thread-4|dumpPacket|    To: TEAM633 @ site 1
191023 181303.638|INFO|Thread-4|dumpPacket|   key: RUN is: edu.csus.ecs.pc2.core.model.Run Run 30 QUEUED_FOR_COMPUTER_JUDGEMENT 13 min 782650ms from TEAM633 @ site 1 id Run--8254666515107790628 problem Problem1--7237535937124190833 lang Python3.6--8443238504647716559
191023 181304.716|INFO|Thread-4|info| receiveObject(S) end   got Packet[RUN_SUBMISSION_CONFIRM] #650 SERVER0 @ site 1 -> TEAM633 @ site 1
191023 181309.784|INFO|Thread-5|info| receiveObject(S) start got Packet[RUN_JUDGEMENT] #655 SERVER0 @ site 1 -> TEAM633 @ site 1
191023 181309.785|INFO|Thread-5|dumpPacket|Packet RUN_JUDGEMENT (Seq #655 ) recieveObject
191023 181309.785|INFO|Thread-5|dumpPacket|  From: SERVER0 @ site 1 (ntust @ 127.0.1.1) (Contest Id: Default-5078223832395999985)
191023 181309.785|INFO|Thread-5|dumpPacket|    To: TEAM633 @ site 1
191023 181309.785|INFO|Thread-5|dumpPacket|   key: RUN is: edu.csus.ecs.pc2.core.model.Run Run 30 JUDGED 13 min 782650ms from TEAM633 @ site 1 id Run--8254666515107790628 problem Problem1--7237535937124190833 lang Python3.6--8443238504647716559
191023 181309.785|INFO|Thread-5|dumpPacket|   key: JUDGEMENT_RECORD is: edu.csus.ecs.pc2.core.model.JudgementRecord Yes by JUDGE2 @ site 1 judgement Yes--2581707550288194410 id JudgementRecord--5980427483708701868
191023 181309.786|INFO|Thread-5|dumpPacket|   key: CLIENT_ID is: edu.csus.ecs.pc2.core.model.ClientId SERVER0 @ site 1
191023 181309.786|INFO|Thread-5|info|handlePacket start Packet[RUN_JUDGEMENT] #655 SERVER0 @ site 1 -> TEAM633 @ site 1
191023 181309.786|INFO|Thread-5|dumpPacket|Packet RUN_JUDGEMENT (Seq #655 ) handlePacket
191023 181309.786|INFO|Thread-5|dumpPacket|  From: SERVER0 @ site 1 (ntust @ 127.0.1.1) (Contest Id: Default-5078223832395999985)
191023 181309.787|INFO|Thread-5|dumpPacket|    To: TEAM633 @ site 1
191023 181309.787|INFO|Thread-5|dumpPacket|   key: RUN is: edu.csus.ecs.pc2.core.model.Run Run 30 JUDGED 13 min 782650ms from TEAM633 @ site 1 id Run--8254666515107790628 problem Problem1--7237535937124190833 lang Python3.6--8443238504647716559
191023 181309.787|INFO|Thread-5|dumpPacket|   key: JUDGEMENT_RECORD is: edu.csus.ecs.pc2.core.model.JudgementRecord Yes by JUDGE2 @ site 1 judgement Yes--2581707550288194410 id JudgementRecord--5980427483708701868
191023 181309.787|INFO|Thread-5|dumpPacket|   key: CLIENT_ID is: edu.csus.ecs.pc2.core.model.ClientId SERVER0 @ site 1
191023 181313.165|INFO|Thread-5|info| receiveObject(S) end   got Packet[RUN_JUDGEMENT] #655 SERVER0 @ site 1 -> TEAM633 @ site 1
191023 183341.777|INFO|Thread-0|info|connectionDropped: shutting down TEAM633 @ site 1
191023 185341.548|CONFIG|Thread-2|setFileHandlers|Now logging to /home/xanonymous/vscode/main/ITSA/ITSA_Login_3/bin/logs directory.
191023 185341.548|INFO|Thread-2|info|
191023 185341.549|INFO|Thread-2|info|Version 9.5.3 20180207 (Wednesday, February 7th 2018 04:25 UTC) Java ver 13 build 4653 Linux 5.3.0-050300-lowlatency (amd64) 
191023 185341.549|INFO|Thread-2|info|Login: team633 (aka team633)
191023 185341.549|INFO|Thread-2|startLog|Working directory is /home/xanonymous/vscode/main/ITSA/ITSA_Login_3/bin
191023 185341.549|INFO|Thread-2|startLog|Process id is 13821@trusaidlinux
191023 185341.549|INFO|Thread-2|info|Attempting to load UI class edu.csus.ecs.pc2.ui.team.TeamView
191023 185341.555|INFO|Thread-2|info|Loaded UI class edu.csus.ecs.pc2.ui.team.TeamView
191023 185341.684|INFO|Thread-2|info| handlePacket original LOGIN_SUCCESS after -- all settings loaded 
191023 185341.684|INFO|Thread-2|info|handlePacket end Packet[LOGIN_SUCCESS] #4292 SERVER0 @ site 1 -> TEAM633 @ site 1
191023 185341.685|INFO|Thread-2|info| receiveObject(S) end   got Packet[LOGIN_SUCCESS] #4292 SERVER0 @ site 1 -> TEAM633 @ site 1
191023 185357.559|INFO|AWT-EventQueue-0|testOrSubmitRun|submitRun for Problem2 Python3.6 file: /home/xanonymous/vscode/main/ITSA/code/problem02.py
191023 185357.562|INFO|AWT-EventQueue-0|sendToLocalServer|Sending packet to server Packet[RUN_SUBMISSION] #2 TEAM633 @ site 1 -> SERVER0 @ site 1
191023 185357.563|INFO|AWT-EventQueue-0|sendToLocalServer|Sent    packet to server Packet[RUN_SUBMISSION] #2 TEAM633 @ site 1 -> SERVER0 @ site 1
191023 185357.789|INFO|Thread-4|info| receiveObject(S) start got Packet[RUN_SUBMISSION_CONFIRM] #4316 SERVER0 @ site 1 -> TEAM633 @ site 1
191023 185357.789|INFO|Thread-4|dumpPacket|Packet RUN_SUBMISSION_CONFIRM (Seq #4316 ) recieveObject
191023 185357.789|INFO|Thread-4|dumpPacket|  From: SERVER0 @ site 1 (ntust @ 127.0.1.1) (Contest Id: Default-5078223832395999985)
191023 185357.789|INFO|Thread-4|dumpPacket|    To: TEAM633 @ site 1
191023 185357.790|INFO|Thread-4|dumpPacket|   key: RUN is: edu.csus.ecs.pc2.core.model.Run Run 564 QUEUED_FOR_COMPUTER_JUDGEMENT 53 min 3236635ms from TEAM633 @ site 1 id Run--569061358130351858 problem Problem2-6942955965036498347 lang Python3.6--8443238504647716559
191023 185357.790|INFO|Thread-4|info|handlePacket start Packet[RUN_SUBMISSION_CONFIRM] #4316 SERVER0 @ site 1 -> TEAM633 @ site 1
191023 185357.790|INFO|Thread-4|dumpPacket|Packet RUN_SUBMISSION_CONFIRM (Seq #4316 ) handlePacket
191023 185357.790|INFO|Thread-4|dumpPacket|  From: SERVER0 @ site 1 (ntust @ 127.0.1.1) (Contest Id: Default-5078223832395999985)
191023 185357.790|INFO|Thread-4|dumpPacket|    To: TEAM633 @ site 1
191023 185357.790|INFO|Thread-4|dumpPacket|   key: RUN is: edu.csus.ecs.pc2.core.model.Run Run 564 QUEUED_FOR_COMPUTER_JUDGEMENT 53 min 3236635ms from TEAM633 @ site 1 id Run--569061358130351858 problem Problem2-6942955965036498347 lang Python3.6--8443238504647716559
191023 185359.738|INFO|Thread-4|info| receiveObject(S) end   got Packet[RUN_SUBMISSION_CONFIRM] #4316 SERVER0 @ site 1 -> TEAM633 @ site 1
191023 185758.349|CONFIG|Thread-2|setFileHandlers|Now logging to /home/xanonymous/vscode/main/ITSA/ITSA_Login_3/bin/logs directory.
191023 185758.349|INFO|Thread-2|info|
191023 185758.349|INFO|Thread-2|info|Version 9.5.3 20180207 (Wednesday, February 7th 2018 04:25 UTC) Java ver 13 build 4653 Linux 5.3.0-050300-lowlatency (amd64) 
191023 185758.350|INFO|Thread-2|info|Login: team633 (aka team633)
191023 185758.350|INFO|Thread-2|startLog|Working directory is /home/xanonymous/vscode/main/ITSA/ITSA_Login_3/bin
191023 185758.350|INFO|Thread-2|startLog|Process id is 14169@trusaidlinux
191023 185758.350|INFO|Thread-2|info|Attempting to load UI class edu.csus.ecs.pc2.ui.team.TeamView
191023 185758.356|INFO|Thread-2|info|Loaded UI class edu.csus.ecs.pc2.ui.team.TeamView
191023 185758.475|INFO|Thread-2|info| handlePacket original LOGIN_SUCCESS after -- all settings loaded 
191023 185758.475|INFO|Thread-2|info|handlePacket end Packet[LOGIN_SUCCESS] #4841 SERVER0 @ site 1 -> TEAM633 @ site 1
191023 185758.476|INFO|Thread-2|info| receiveObject(S) end   got Packet[LOGIN_SUCCESS] #4841 SERVER0 @ site 1 -> TEAM633 @ site 1
191023 190114.013|INFO|Thread-3|info| receiveObject(S) start got Packet[RUN_JUDGEMENT] #5266 SERVER0 @ site 1 -> TEAM633 @ site 1
191023 190114.014|INFO|Thread-3|dumpPacket|Packet RUN_JUDGEMENT (Seq #5266 ) recieveObject
191023 190114.014|INFO|Thread-3|dumpPacket|  From: SERVER0 @ site 1 (ntust @ 127.0.1.1) (Contest Id: Default-5078223832395999985)
191023 190114.015|INFO|Thread-3|dumpPacket|    To: TEAM633 @ site 1
191023 190114.015|INFO|Thread-3|dumpPacket|   key: RUN is: edu.csus.ecs.pc2.core.model.Run Run 564 JUDGED 53 min 3236635ms from TEAM633 @ site 1 id Run--569061358130351858 problem Problem2-6942955965036498347 lang Python3.6--8443238504647716559
191023 190114.015|INFO|Thread-3|dumpPacket|   key: JUDGEMENT_RECORD is: edu.csus.ecs.pc2.core.model.JudgementRecord Yes by JUDGE3 @ site 1 judgement Yes--2581707550288194410 id JudgementRecord-7884392534045764498
191023 190114.015|INFO|Thread-3|dumpPacket|   key: CLIENT_ID is: edu.csus.ecs.pc2.core.model.ClientId SERVER0 @ site 1
191023 190114.016|INFO|Thread-3|info|handlePacket start Packet[RUN_JUDGEMENT] #5266 SERVER0 @ site 1 -> TEAM633 @ site 1
191023 190114.016|INFO|Thread-3|dumpPacket|Packet RUN_JUDGEMENT (Seq #5266 ) handlePacket
191023 190114.016|INFO|Thread-3|dumpPacket|  From: SERVER0 @ site 1 (ntust @ 127.0.1.1) (Contest Id: Default-5078223832395999985)
191023 190114.016|INFO|Thread-3|dumpPacket|    To: TEAM633 @ site 1
191023 190114.016|INFO|Thread-3|dumpPacket|   key: RUN is: edu.csus.ecs.pc2.core.model.Run Run 564 JUDGED 53 min 3236635ms from TEAM633 @ site 1 id Run--569061358130351858 problem Problem2-6942955965036498347 lang Python3.6--8443238504647716559
191023 190114.017|INFO|Thread-3|dumpPacket|   key: JUDGEMENT_RECORD is: edu.csus.ecs.pc2.core.model.JudgementRecord Yes by JUDGE3 @ site 1 judgement Yes--2581707550288194410 id JudgementRecord-7884392534045764498
191023 190114.017|INFO|Thread-3|dumpPacket|   key: CLIENT_ID is: edu.csus.ecs.pc2.core.model.ClientId SERVER0 @ site 1
191023 190116.465|INFO|Thread-3|info| receiveObject(S) end   got Packet[RUN_JUDGEMENT] #5266 SERVER0 @ site 1 -> TEAM633 @ site 1
191023 190707.873|INFO|AWT-EventQueue-0|testOrSubmitRun|submitRun for Problem3 Python3.6 file: /home/xanonymous/vscode/main/ITSA/code/problem03.py
191023 190707.874|INFO|AWT-EventQueue-0|sendToLocalServer|Sending packet to server Packet[RUN_SUBMISSION] #2 TEAM633 @ site 1 -> SERVER0 @ site 1
191023 190707.874|INFO|AWT-EventQueue-0|sendToLocalServer|Sent    packet to server Packet[RUN_SUBMISSION] #2 TEAM633 @ site 1 -> SERVER0 @ site 1
191023 190708.018|INFO|Thread-5|info| receiveObject(S) start got Packet[RUN_SUBMISSION_CONFIRM] #6029 SERVER0 @ site 1 -> TEAM633 @ site 1
191023 190708.019|INFO|Thread-5|dumpPacket|Packet RUN_SUBMISSION_CONFIRM (Seq #6029 ) recieveObject
191023 190708.020|INFO|Thread-5|dumpPacket|  From: SERVER0 @ site 1 (ntust @ 127.0.1.1) (Contest Id: Default-5078223832395999985)
191023 190708.020|INFO|Thread-5|dumpPacket|    To: TEAM633 @ site 1
191023 190708.021|INFO|Thread-5|dumpPacket|   key: RUN is: edu.csus.ecs.pc2.core.model.Run Run 798 QUEUED_FOR_COMPUTER_JUDGEMENT 67 min 4026949ms from TEAM633 @ site 1 id Run--1759478986269273250 problem Problem3-766142709225958302 lang Python3.6--8443238504647716559
191023 190708.021|INFO|Thread-5|info|handlePacket start Packet[RUN_SUBMISSION_CONFIRM] #6029 SERVER0 @ site 1 -> TEAM633 @ site 1
191023 190708.021|INFO|Thread-5|dumpPacket|Packet RUN_SUBMISSION_CONFIRM (Seq #6029 ) handlePacket
191023 190708.022|INFO|Thread-5|dumpPacket|  From: SERVER0 @ site 1 (ntust @ 127.0.1.1) (Contest Id: Default-5078223832395999985)
191023 190708.022|INFO|Thread-5|dumpPacket|    To: TEAM633 @ site 1
191023 190708.022|INFO|Thread-5|dumpPacket|   key: RUN is: edu.csus.ecs.pc2.core.model.Run Run 798 QUEUED_FOR_COMPUTER_JUDGEMENT 67 min 4026949ms from TEAM633 @ site 1 id Run--1759478986269273250 problem Problem3-766142709225958302 lang Python3.6--8443238504647716559
191023 190709.323|INFO|Thread-5|info| receiveObject(S) end   got Packet[RUN_SUBMISSION_CONFIRM] #6029 SERVER0 @ site 1 -> TEAM633 @ site 1
191023 190722.766|INFO|Thread-6|info| receiveObject(S) start got Packet[RUN_JUDGEMENT] #6070 SERVER0 @ site 1 -> TEAM633 @ site 1
191023 190722.766|INFO|Thread-6|dumpPacket|Packet RUN_JUDGEMENT (Seq #6070 ) recieveObject
191023 190722.766|INFO|Thread-6|dumpPacket|  From: SERVER0 @ site 1 (ntust @ 127.0.1.1) (Contest Id: Default-5078223832395999985)
191023 190722.767|INFO|Thread-6|dumpPacket|    To: TEAM633 @ site 1
191023 190722.767|INFO|Thread-6|dumpPacket|   key: RUN is: edu.csus.ecs.pc2.core.model.Run Run 798 JUDGED 67 min 4026949ms from TEAM633 @ site 1 id Run--1759478986269273250 problem Problem3-766142709225958302 lang Python3.6--8443238504647716559
191023 190722.767|INFO|Thread-6|dumpPacket|   key: JUDGEMENT_RECORD is: edu.csus.ecs.pc2.core.model.JudgementRecord Yes by JUDGE1 @ site 1 judgement Yes--2581707550288194410 id JudgementRecord-8728887609943633926
191023 190722.767|INFO|Thread-6|dumpPacket|   key: CLIENT_ID is: edu.csus.ecs.pc2.core.model.ClientId SERVER0 @ site 1
191023 190722.767|INFO|Thread-6|info|handlePacket start Packet[RUN_JUDGEMENT] #6070 SERVER0 @ site 1 -> TEAM633 @ site 1
191023 190722.767|INFO|Thread-6|dumpPacket|Packet RUN_JUDGEMENT (Seq #6070 ) handlePacket
191023 190722.767|INFO|Thread-6|dumpPacket|  From: SERVER0 @ site 1 (ntust @ 127.0.1.1) (Contest Id: Default-5078223832395999985)
191023 190722.767|INFO|Thread-6|dumpPacket|    To: TEAM633 @ site 1
191023 190722.768|INFO|Thread-6|dumpPacket|   key: RUN is: edu.csus.ecs.pc2.core.model.Run Run 798 JUDGED 67 min 4026949ms from TEAM633 @ site 1 id Run--1759478986269273250 problem Problem3-766142709225958302 lang Python3.6--8443238504647716559
191023 190722.768|INFO|Thread-6|dumpPacket|   key: JUDGEMENT_RECORD is: edu.csus.ecs.pc2.core.model.JudgementRecord Yes by JUDGE1 @ site 1 judgement Yes--2581707550288194410 id JudgementRecord-8728887609943633926
191023 190722.768|INFO|Thread-6|dumpPacket|   key: CLIENT_ID is: edu.csus.ecs.pc2.core.model.ClientId SERVER0 @ site 1
191023 190724.130|INFO|Thread-6|info| receiveObject(S) end   got Packet[RUN_JUDGEMENT] #6070 SERVER0 @ site 1 -> TEAM633 @ site 1
191023 192744.824|INFO|Thread-0|info|connectionDropped: shutting down TEAM633 @ site 1
191023 201100.317|CONFIG|Thread-2|setFileHandlers|Now logging to /home/xanonymous/vscode/main/ITSA/ITSA_Login_3/bin/logs directory.
191023 201100.318|INFO|Thread-2|info|
191023 201100.318|INFO|Thread-2|info|Version 9.5.3 20180207 (Wednesday, February 7th 2018 04:25 UTC) Java ver 13 build 4653 Linux 5.3.0-050300-lowlatency (amd64) 
191023 201100.318|INFO|Thread-2|info|Login: team633 (aka team633)
191023 201100.318|INFO|Thread-2|startLog|Working directory is /home/xanonymous/vscode/main/ITSA/ITSA_Login_3/bin
191023 201100.318|INFO|Thread-2|startLog|Process id is 22676@trusaidlinux
191023 201100.318|INFO|Thread-2|info|Attempting to load UI class edu.csus.ecs.pc2.ui.team.TeamView
191023 201100.328|INFO|Thread-2|info|Loaded UI class edu.csus.ecs.pc2.ui.team.TeamView
191023 201100.493|INFO|Thread-2|info| handlePacket original LOGIN_SUCCESS after -- all settings loaded 
191023 201100.495|INFO|Thread-2|info|handlePacket end Packet[LOGIN_SUCCESS] #13717 SERVER0 @ site 1 -> TEAM633 @ site 1
191023 201100.495|INFO|Thread-2|info| receiveObject(S) end   got Packet[LOGIN_SUCCESS] #13717 SERVER0 @ site 1 -> TEAM633 @ site 1
191023 201116.903|INFO|AWT-EventQueue-0|testOrSubmitRun|submitRun for Problem3 Python3.6 file: /home/xanonymous/vscode/main/ITSA/code/problem04.py
191023 201116.909|INFO|AWT-EventQueue-0|sendToLocalServer|Sending packet to server Packet[RUN_SUBMISSION] #2 TEAM633 @ site 1 -> SERVER0 @ site 1
191023 201116.911|INFO|AWT-EventQueue-0|sendToLocalServer|Sent    packet to server Packet[RUN_SUBMISSION] #2 TEAM633 @ site 1 -> SERVER0 @ site 1
191023 201117.484|INFO|Thread-4|info| receiveObject(S) start got Packet[RUN_SUBMISSION_CONFIRM] #13756 SERVER0 @ site 1 -> TEAM633 @ site 1
191023 201117.486|INFO|Thread-4|dumpPacket|Packet RUN_SUBMISSION_CONFIRM (Seq #13756 ) recieveObject
191023 201117.487|INFO|Thread-4|dumpPacket|  From: SERVER0 @ site 1 (ntust @ 127.0.1.1) (Contest Id: Default-5078223832395999985)
191023 201117.488|INFO|Thread-4|dumpPacket|    To: TEAM633 @ site 1
191023 201117.489|INFO|Thread-4|dumpPacket|   key: RUN is: edu.csus.ecs.pc2.core.model.Run Run 1930 QUEUED_FOR_COMPUTER_JUDGEMENT 131 min 7876000ms from TEAM633 @ site 1 id Run--7340938189171922782 problem Problem3-766142709225958302 lang Python3.6--8443238504647716559
191023 201117.491|INFO|Thread-4|info|handlePacket start Packet[RUN_SUBMISSION_CONFIRM] #13756 SERVER0 @ site 1 -> TEAM633 @ site 1
191023 201117.492|INFO|Thread-4|dumpPacket|Packet RUN_SUBMISSION_CONFIRM (Seq #13756 ) handlePacket
191023 201117.493|INFO|Thread-4|dumpPacket|  From: SERVER0 @ site 1 (ntust @ 127.0.1.1) (Contest Id: Default-5078223832395999985)
191023 201117.494|INFO|Thread-4|dumpPacket|    To: TEAM633 @ site 1
191023 201117.495|INFO|Thread-4|dumpPacket|   key: RUN is: edu.csus.ecs.pc2.core.model.Run Run 1930 QUEUED_FOR_COMPUTER_JUDGEMENT 131 min 7876000ms from TEAM633 @ site 1 id Run--7340938189171922782 problem Problem3-766142709225958302 lang Python3.6--8443238504647716559
191023 201118.562|INFO|Thread-4|info| receiveObject(S) end   got Packet[RUN_SUBMISSION_CONFIRM] #13756 SERVER0 @ site 1 -> TEAM633 @ site 1
191023 201125.984|INFO|Thread-5|info| receiveObject(S) start got Packet[RUN_JUDGEMENT] #13775 SERVER0 @ site 1 -> TEAM633 @ site 1
191023 201125.985|INFO|Thread-5|dumpPacket|Packet RUN_JUDGEMENT (Seq #13775 ) recieveObject
191023 201125.985|INFO|Thread-5|dumpPacket|  From: SERVER0 @ site 1 (ntust @ 127.0.1.1) (Contest Id: Default-5078223832395999985)
191023 201125.985|INFO|Thread-5|dumpPacket|    To: TEAM633 @ site 1
191023 201125.985|INFO|Thread-5|dumpPacket|   key: RUN is: edu.csus.ecs.pc2.core.model.Run Run 1930 JUDGED 131 min 7876000ms from TEAM633 @ site 1 id Run--7340938189171922782 problem Problem3-766142709225958302 lang Python3.6--8443238504647716559
191023 201125.986|INFO|Thread-5|dumpPacket|   key: JUDGEMENT_RECORD is: edu.csus.ecs.pc2.core.model.JudgementRecord No by JUDGE1 @ site 1 judgement No - Run-time Error--2700772796638942314 id JudgementRecord--2612640757965760605
191023 201125.986|INFO|Thread-5|dumpPacket|   key: CLIENT_ID is: edu.csus.ecs.pc2.core.model.ClientId SERVER0 @ site 1
191023 201125.986|INFO|Thread-5|info|handlePacket start Packet[RUN_JUDGEMENT] #13775 SERVER0 @ site 1 -> TEAM633 @ site 1
191023 201125.986|INFO|Thread-5|dumpPacket|Packet RUN_JUDGEMENT (Seq #13775 ) handlePacket
191023 201125.987|INFO|Thread-5|dumpPacket|  From: SERVER0 @ site 1 (ntust @ 127.0.1.1) (Contest Id: Default-5078223832395999985)
191023 201125.987|INFO|Thread-5|dumpPacket|    To: TEAM633 @ site 1
191023 201125.988|INFO|Thread-5|dumpPacket|   key: RUN is: edu.csus.ecs.pc2.core.model.Run Run 1930 JUDGED 131 min 7876000ms from TEAM633 @ site 1 id Run--7340938189171922782 problem Problem3-766142709225958302 lang Python3.6--8443238504647716559
191023 201125.988|INFO|Thread-5|dumpPacket|   key: JUDGEMENT_RECORD is: edu.csus.ecs.pc2.core.model.JudgementRecord No by JUDGE1 @ site 1 judgement No - Run-time Error--2700772796638942314 id JudgementRecord--2612640757965760605
191023 201125.989|INFO|Thread-5|dumpPacket|   key: CLIENT_ID is: edu.csus.ecs.pc2.core.model.ClientId SERVER0 @ site 1
191023 201134.170|INFO|Thread-5|info| receiveObject(S) end   got Packet[RUN_JUDGEMENT] #13775 SERVER0 @ site 1 -> TEAM633 @ site 1
191023 201314.373|INFO|AWT-EventQueue-0|testOrSubmitRun|submitRun for Problem4 Python3.6 file: /home/xanonymous/vscode/main/ITSA/code/problem04.py
191023 201314.374|INFO|AWT-EventQueue-0|sendToLocalServer|Sending packet to server Packet[RUN_SUBMISSION] #3 TEAM633 @ site 1 -> SERVER0 @ site 1
191023 201314.374|INFO|AWT-EventQueue-0|sendToLocalServer|Sent    packet to server Packet[RUN_SUBMISSION] #3 TEAM633 @ site 1 -> SERVER0 @ site 1
191023 201314.721|INFO|Thread-7|info| receiveObject(S) start got Packet[RUN_SUBMISSION_CONFIRM] #14003 SERVER0 @ site 1 -> TEAM633 @ site 1
191023 201314.722|INFO|Thread-7|dumpPacket|Packet RUN_SUBMISSION_CONFIRM (Seq #14003 ) recieveObject
191023 201314.722|INFO|Thread-7|dumpPacket|  From: SERVER0 @ site 1 (ntust @ 127.0.1.1) (Contest Id: Default-5078223832395999985)
191023 201314.722|INFO|Thread-7|dumpPacket|    To: TEAM633 @ site 1
191023 201314.723|INFO|Thread-7|dumpPacket|   key: RUN is: edu.csus.ecs.pc2.core.model.Run Run 1967 QUEUED_FOR_COMPUTER_JUDGEMENT 133 min 7993455ms from TEAM633 @ site 1 id Run-5771249806313913790 problem Problem4--626224888507074418 lang Python3.6--8443238504647716559
191023 201314.723|INFO|Thread-7|info|handlePacket start Packet[RUN_SUBMISSION_CONFIRM] #14003 SERVER0 @ site 1 -> TEAM633 @ site 1
191023 201314.724|INFO|Thread-7|dumpPacket|Packet RUN_SUBMISSION_CONFIRM (Seq #14003 ) handlePacket
191023 201314.724|INFO|Thread-7|dumpPacket|  From: SERVER0 @ site 1 (ntust @ 127.0.1.1) (Contest Id: Default-5078223832395999985)
191023 201314.724|INFO|Thread-7|dumpPacket|    To: TEAM633 @ site 1
191023 201314.725|INFO|Thread-7|dumpPacket|   key: RUN is: edu.csus.ecs.pc2.core.model.Run Run 1967 QUEUED_FOR_COMPUTER_JUDGEMENT 133 min 7993455ms from TEAM633 @ site 1 id Run-5771249806313913790 problem Problem4--626224888507074418 lang Python3.6--8443238504647716559
191023 201315.393|INFO|Thread-7|info| receiveObject(S) end   got Packet[RUN_SUBMISSION_CONFIRM] #14003 SERVER0 @ site 1 -> TEAM633 @ site 1
191023 201326.087|INFO|Thread-8|info| receiveObject(S) start got Packet[RUN_JUDGEMENT] #14033 SERVER0 @ site 1 -> TEAM633 @ site 1
191023 201326.088|INFO|Thread-8|dumpPacket|Packet RUN_JUDGEMENT (Seq #14033 ) recieveObject
191023 201326.088|INFO|Thread-8|dumpPacket|  From: SERVER0 @ site 1 (ntust @ 127.0.1.1) (Contest Id: Default-5078223832395999985)
191023 201326.088|INFO|Thread-8|dumpPacket|    To: TEAM633 @ site 1
191023 201326.088|INFO|Thread-8|dumpPacket|   key: RUN is: edu.csus.ecs.pc2.core.model.Run Run 1967 JUDGED 133 min 7993455ms from TEAM633 @ site 1 id Run-5771249806313913790 problem Problem4--626224888507074418 lang Python3.6--8443238504647716559
191023 201326.089|INFO|Thread-8|dumpPacket|   key: JUDGEMENT_RECORD is: edu.csus.ecs.pc2.core.model.JudgementRecord No by JUDGE1 @ site 1 judgement No - Wrong Answer--825758851014341951 id JudgementRecord--2424612807634720705
191023 201326.089|INFO|Thread-8|dumpPacket|   key: CLIENT_ID is: edu.csus.ecs.pc2.core.model.ClientId SERVER0 @ site 1
191023 201326.089|INFO|Thread-8|info|handlePacket start Packet[RUN_JUDGEMENT] #14033 SERVER0 @ site 1 -> TEAM633 @ site 1
191023 201326.090|INFO|Thread-8|dumpPacket|Packet RUN_JUDGEMENT (Seq #14033 ) handlePacket
191023 201326.090|INFO|Thread-8|dumpPacket|  From: SERVER0 @ site 1 (ntust @ 127.0.1.1) (Contest Id: Default-5078223832395999985)
191023 201326.091|INFO|Thread-8|dumpPacket|    To: TEAM633 @ site 1
191023 201326.092|INFO|Thread-8|dumpPacket|   key: RUN is: edu.csus.ecs.pc2.core.model.Run Run 1967 JUDGED 133 min 7993455ms from TEAM633 @ site 1 id Run-5771249806313913790 problem Problem4--626224888507074418 lang Python3.6--8443238504647716559
191023 201326.092|INFO|Thread-8|dumpPacket|   key: JUDGEMENT_RECORD is: edu.csus.ecs.pc2.core.model.JudgementRecord No by JUDGE1 @ site 1 judgement No - Wrong Answer--825758851014341951 id JudgementRecord--2424612807634720705
191023 201326.092|INFO|Thread-8|dumpPacket|   key: CLIENT_ID is: edu.csus.ecs.pc2.core.model.ClientId SERVER0 @ site 1
191023 201329.298|INFO|Thread-8|info| receiveObject(S) end   got Packet[RUN_JUDGEMENT] #14033 SERVER0 @ site 1 -> TEAM633 @ site 1
191023 202635.482|CONFIG|Thread-2|setFileHandlers|Now logging to /home/xanonymous/vscode/main/ITSA/ITSA_Login_3/bin/logs directory.
191023 202635.482|INFO|Thread-2|info|
191023 202635.482|INFO|Thread-2|info|Version 9.5.3 20180207 (Wednesday, February 7th 2018 04:25 UTC) Java ver 13 build 4653 Linux 5.3.0-050300-lowlatency (amd64) 
191023 202635.482|INFO|Thread-2|info|Login: team633 (aka team633)
191023 202635.482|INFO|Thread-2|startLog|Working directory is /home/xanonymous/vscode/main/ITSA/ITSA_Login_3/bin
191023 202635.482|INFO|Thread-2|startLog|Process id is 24667@trusaidlinux
191023 202635.482|INFO|Thread-2|info|Attempting to load UI class edu.csus.ecs.pc2.ui.team.TeamView
191023 202635.488|INFO|Thread-2|info|Loaded UI class edu.csus.ecs.pc2.ui.team.TeamView
191023 202635.620|INFO|Thread-2|info| handlePacket original LOGIN_SUCCESS after -- all settings loaded 
191023 202635.620|INFO|Thread-2|info|handlePacket end Packet[LOGIN_SUCCESS] #31498 SERVER0 @ site 1 -> TEAM633 @ site 1
191023 202635.621|INFO|Thread-2|info| receiveObject(S) end   got Packet[LOGIN_SUCCESS] #31498 SERVER0 @ site 1 -> TEAM633 @ site 1
191023 202649.275|INFO|AWT-EventQueue-0|testOrSubmitRun|submitRun for Problem4 Python3.6 file: /home/xanonymous/vscode/main/ITSA/code/problem04.py
191023 202649.278|INFO|AWT-EventQueue-0|sendToLocalServer|Sending packet to server Packet[RUN_SUBMISSION] #2 TEAM633 @ site 1 -> SERVER0 @ site 1
191023 202649.279|INFO|AWT-EventQueue-0|sendToLocalServer|Sent    packet to server Packet[RUN_SUBMISSION] #2 TEAM633 @ site 1 -> SERVER0 @ site 1
191023 202649.623|INFO|Thread-4|info| receiveObject(S) start got Packet[RUN_SUBMISSION_CONFIRM] #32768 SERVER0 @ site 1 -> TEAM633 @ site 1
191023 202649.624|INFO|Thread-4|dumpPacket|Packet RUN_SUBMISSION_CONFIRM (Seq #32768 ) recieveObject
191023 202649.624|INFO|Thread-4|dumpPacket|  From: SERVER0 @ site 1 (ntust @ 127.0.1.1) (Contest Id: Default-5078223832395999985)
191023 202649.625|INFO|Thread-4|dumpPacket|    To: TEAM633 @ site 1
191023 202649.625|INFO|Thread-4|dumpPacket|   key: RUN is: edu.csus.ecs.pc2.core.model.Run Run 2224 QUEUED_FOR_COMPUTER_JUDGEMENT 146 min 8808376ms from TEAM633 @ site 1 id Run--5524581421131351750 problem Problem4--626224888507074418 lang Python3.6--8443238504647716559
191023 202649.625|INFO|Thread-4|info|handlePacket start Packet[RUN_SUBMISSION_CONFIRM] #32768 SERVER0 @ site 1 -> TEAM633 @ site 1
191023 202649.625|INFO|Thread-4|dumpPacket|Packet RUN_SUBMISSION_CONFIRM (Seq #32768 ) handlePacket
191023 202649.625|INFO|Thread-4|dumpPacket|  From: SERVER0 @ site 1 (ntust @ 127.0.1.1) (Contest Id: Default-5078223832395999985)
191023 202649.626|INFO|Thread-4|dumpPacket|    To: TEAM633 @ site 1
191023 202649.626|INFO|Thread-4|dumpPacket|   key: RUN is: edu.csus.ecs.pc2.core.model.Run Run 2224 QUEUED_FOR_COMPUTER_JUDGEMENT 146 min 8808376ms from TEAM633 @ site 1 id Run--5524581421131351750 problem Problem4--626224888507074418 lang Python3.6--8443238504647716559
191023 202650.822|INFO|Thread-4|info| receiveObject(S) end   got Packet[RUN_SUBMISSION_CONFIRM] #32768 SERVER0 @ site 1 -> TEAM633 @ site 1
191023 202713.781|INFO|Thread-5|info| receiveObject(S) start got Packet[RUN_JUDGEMENT] #34797 SERVER0 @ site 1 -> TEAM633 @ site 1
191023 202713.781|INFO|Thread-5|dumpPacket|Packet RUN_JUDGEMENT (Seq #34797 ) recieveObject
191023 202713.781|INFO|Thread-5|dumpPacket|  From: SERVER0 @ site 1 (ntust @ 127.0.1.1) (Contest Id: Default-5078223832395999985)
191023 202713.781|INFO|Thread-5|dumpPacket|    To: TEAM633 @ site 1
191023 202713.781|INFO|Thread-5|dumpPacket|   key: RUN is: edu.csus.ecs.pc2.core.model.Run Run 2224 JUDGED 146 min 8808376ms from TEAM633 @ site 1 id Run--5524581421131351750 problem Problem4--626224888507074418 lang Python3.6--8443238504647716559
191023 202713.782|INFO|Thread-5|dumpPacket|   key: JUDGEMENT_RECORD is: edu.csus.ecs.pc2.core.model.JudgementRecord No by JUDGE1 @ site 1 judgement No - Wrong Answer--825758851014341951 id JudgementRecord-3377880684072103681
191023 202713.782|INFO|Thread-5|dumpPacket|   key: CLIENT_ID is: edu.csus.ecs.pc2.core.model.ClientId SERVER0 @ site 1
191023 202713.782|INFO|Thread-5|info|handlePacket start Packet[RUN_JUDGEMENT] #34797 SERVER0 @ site 1 -> TEAM633 @ site 1
191023 202713.782|INFO|Thread-5|dumpPacket|Packet RUN_JUDGEMENT (Seq #34797 ) handlePacket
191023 202713.782|INFO|Thread-5|dumpPacket|  From: SERVER0 @ site 1 (ntust @ 127.0.1.1) (Contest Id: Default-5078223832395999985)
191023 202713.782|INFO|Thread-5|dumpPacket|    To: TEAM633 @ site 1
191023 202713.783|INFO|Thread-5|dumpPacket|   key: RUN is: edu.csus.ecs.pc2.core.model.Run Run 2224 JUDGED 146 min 8808376ms from TEAM633 @ site 1 id Run--5524581421131351750 problem Problem4--626224888507074418 lang Python3.6--8443238504647716559
191023 202713.783|INFO|Thread-5|dumpPacket|   key: JUDGEMENT_RECORD is: edu.csus.ecs.pc2.core.model.JudgementRecord No by JUDGE1 @ site 1 judgement No - Wrong Answer--825758851014341951 id JudgementRecord-3377880684072103681
191023 202713.783|INFO|Thread-5|dumpPacket|   key: CLIENT_ID is: edu.csus.ecs.pc2.core.model.ClientId SERVER0 @ site 1
191023 202718.455|INFO|Thread-5|info| receiveObject(S) end   got Packet[RUN_JUDGEMENT] #34797 SERVER0 @ site 1 -> TEAM633 @ site 1
191023 203807.075|INFO|AWT-EventQueue-0|testOrSubmitRun|submitRun for Problem4 Python3.6 file: /home/xanonymous/vscode/main/ITSA/code/problem04.py
191023 203807.077|INFO|AWT-EventQueue-0|sendToLocalServer|Sending packet to server Packet[RUN_SUBMISSION] #3 TEAM633 @ site 1 -> SERVER0 @ site 1
191023 203807.078|INFO|AWT-EventQueue-0|sendToLocalServer|Sent    packet to server Packet[RUN_SUBMISSION] #3 TEAM633 @ site 1 -> SERVER0 @ site 1
191023 203807.408|INFO|Thread-7|info| receiveObject(S) start got Packet[RUN_SUBMISSION_CONFIRM] #37959 SERVER0 @ site 1 -> TEAM633 @ site 1
191023 203807.409|INFO|Thread-7|dumpPacket|Packet RUN_SUBMISSION_CONFIRM (Seq #37959 ) recieveObject
191023 203807.410|INFO|Thread-7|dumpPacket|  From: SERVER0 @ site 1 (ntust @ 127.0.1.1) (Contest Id: Default-5078223832395999985)
191023 203807.411|INFO|Thread-7|dumpPacket|    To: TEAM633 @ site 1
191023 203807.412|INFO|Thread-7|dumpPacket|   key: RUN is: edu.csus.ecs.pc2.core.model.Run Run 2392 QUEUED_FOR_COMPUTER_JUDGEMENT 158 min 9486182ms from TEAM633 @ site 1 id Run-1275727823370128078 problem Problem4--626224888507074418 lang Python3.6--8443238504647716559
191023 203807.412|INFO|Thread-7|info|handlePacket start Packet[RUN_SUBMISSION_CONFIRM] #37959 SERVER0 @ site 1 -> TEAM633 @ site 1
191023 203807.413|INFO|Thread-7|dumpPacket|Packet RUN_SUBMISSION_CONFIRM (Seq #37959 ) handlePacket
191023 203807.413|INFO|Thread-7|dumpPacket|  From: SERVER0 @ site 1 (ntust @ 127.0.1.1) (Contest Id: Default-5078223832395999985)
191023 203807.413|INFO|Thread-7|dumpPacket|    To: TEAM633 @ site 1
191023 203807.413|INFO|Thread-7|dumpPacket|   key: RUN is: edu.csus.ecs.pc2.core.model.Run Run 2392 QUEUED_FOR_COMPUTER_JUDGEMENT 158 min 9486182ms from TEAM633 @ site 1 id Run-1275727823370128078 problem Problem4--626224888507074418 lang Python3.6--8443238504647716559
191023 203808.349|INFO|Thread-7|info| receiveObject(S) end   got Packet[RUN_SUBMISSION_CONFIRM] #37959 SERVER0 @ site 1 -> TEAM633 @ site 1
191023 203934.653|INFO|Thread-8|info| receiveObject(S) start got Packet[RUN_JUDGEMENT] #38113 SERVER0 @ site 1 -> TEAM633 @ site 1
191023 203934.654|INFO|Thread-8|dumpPacket|Packet RUN_JUDGEMENT (Seq #38113 ) recieveObject
191023 203934.655|INFO|Thread-8|dumpPacket|  From: SERVER0 @ site 1 (ntust @ 127.0.1.1) (Contest Id: Default-5078223832395999985)
191023 203934.655|INFO|Thread-8|dumpPacket|    To: TEAM633 @ site 1
191023 203934.656|INFO|Thread-8|dumpPacket|   key: RUN is: edu.csus.ecs.pc2.core.model.Run Run 2392 JUDGED 158 min 9486182ms from TEAM633 @ site 1 id Run-1275727823370128078 problem Problem4--626224888507074418 lang Python3.6--8443238504647716559
191023 203934.656|INFO|Thread-8|dumpPacket|   key: JUDGEMENT_RECORD is: edu.csus.ecs.pc2.core.model.JudgementRecord No by JUDGE2 @ site 1 judgement No - Wrong Answer--825758851014341951 id JudgementRecord--1776737620881365766
191023 203934.656|INFO|Thread-8|dumpPacket|   key: CLIENT_ID is: edu.csus.ecs.pc2.core.model.ClientId SERVER0 @ site 1
191023 203934.656|INFO|Thread-8|info|handlePacket start Packet[RUN_JUDGEMENT] #38113 SERVER0 @ site 1 -> TEAM633 @ site 1
191023 203934.656|INFO|Thread-8|dumpPacket|Packet RUN_JUDGEMENT (Seq #38113 ) handlePacket
191023 203934.656|INFO|Thread-8|dumpPacket|  From: SERVER0 @ site 1 (ntust @ 127.0.1.1) (Contest Id: Default-5078223832395999985)
191023 203934.656|INFO|Thread-8|dumpPacket|    To: TEAM633 @ site 1
191023 203934.657|INFO|Thread-8|dumpPacket|   key: RUN is: edu.csus.ecs.pc2.core.model.Run Run 2392 JUDGED 158 min 9486182ms from TEAM633 @ site 1 id Run-1275727823370128078 problem Problem4--626224888507074418 lang Python3.6--8443238504647716559
191023 203934.657|INFO|Thread-8|dumpPacket|   key: JUDGEMENT_RECORD is: edu.csus.ecs.pc2.core.model.JudgementRecord No by JUDGE2 @ site 1 judgement No - Wrong Answer--825758851014341951 id JudgementRecord--1776737620881365766
191023 203934.657|INFO|Thread-8|dumpPacket|   key: CLIENT_ID is: edu.csus.ecs.pc2.core.model.ClientId SERVER0 @ site 1
191023 203945.177|INFO|Thread-8|info| receiveObject(S) end   got Packet[RUN_JUDGEMENT] #38113 SERVER0 @ site 1 -> TEAM633 @ site 1
191023 204436.054|INFO|AWT-EventQueue-0|testOrSubmitRun|submitRun for Problem4 Python3.6 file: /home/xanonymous/vscode/main/ITSA/code/problem04.py
191023 204436.055|INFO|AWT-EventQueue-0|sendToLocalServer|Sending packet to server Packet[RUN_SUBMISSION] #4 TEAM633 @ site 1 -> SERVER0 @ site 1
191023 204436.055|INFO|AWT-EventQueue-0|sendToLocalServer|Sent    packet to server Packet[RUN_SUBMISSION] #4 TEAM633 @ site 1 -> SERVER0 @ site 1
191023 204436.429|INFO|Thread-10|info| receiveObject(S) start got Packet[RUN_SUBMISSION_CONFIRM] #38539 SERVER0 @ site 1 -> TEAM633 @ site 1
191023 204436.430|INFO|Thread-10|dumpPacket|Packet RUN_SUBMISSION_CONFIRM (Seq #38539 ) recieveObject
191023 204436.431|INFO|Thread-10|dumpPacket|  From: SERVER0 @ site 1 (ntust @ 127.0.1.1) (Contest Id: Default-5078223832395999985)
191023 204436.431|INFO|Thread-10|dumpPacket|    To: TEAM633 @ site 1
191023 204436.432|INFO|Thread-10|dumpPacket|   key: RUN is: edu.csus.ecs.pc2.core.model.Run Run 2469 QUEUED_FOR_COMPUTER_JUDGEMENT 164 min 9875154ms from TEAM633 @ site 1 id Run--4948255835995774118 problem Problem4--626224888507074418 lang Python3.6--8443238504647716559
191023 204436.433|INFO|Thread-10|info|handlePacket start Packet[RUN_SUBMISSION_CONFIRM] #38539 SERVER0 @ site 1 -> TEAM633 @ site 1
191023 204436.433|INFO|Thread-10|dumpPacket|Packet RUN_SUBMISSION_CONFIRM (Seq #38539 ) handlePacket
191023 204436.434|INFO|Thread-10|dumpPacket|  From: SERVER0 @ site 1 (ntust @ 127.0.1.1) (Contest Id: Default-5078223832395999985)
191023 204436.435|INFO|Thread-10|dumpPacket|    To: TEAM633 @ site 1
191023 204436.435|INFO|Thread-10|dumpPacket|   key: RUN is: edu.csus.ecs.pc2.core.model.Run Run 2469 QUEUED_FOR_COMPUTER_JUDGEMENT 164 min 9875154ms from TEAM633 @ site 1 id Run--4948255835995774118 problem Problem4--626224888507074418 lang Python3.6--8443238504647716559
191023 204437.523|INFO|Thread-10|info| receiveObject(S) end   got Packet[RUN_SUBMISSION_CONFIRM] #38539 SERVER0 @ site 1 -> TEAM633 @ site 1
191023 204539.211|INFO|Thread-11|info| receiveObject(S) start got Packet[RUN_JUDGEMENT] #38632 SERVER0 @ site 1 -> TEAM633 @ site 1
191023 204539.212|INFO|Thread-11|dumpPacket|Packet RUN_JUDGEMENT (Seq #38632 ) recieveObject
191023 204539.213|INFO|Thread-11|dumpPacket|  From: SERVER0 @ site 1 (ntust @ 127.0.1.1) (Contest Id: Default-5078223832395999985)
191023 204539.213|INFO|Thread-11|dumpPacket|    To: TEAM633 @ site 1
191023 204539.214|INFO|Thread-11|dumpPacket|   key: RUN is: edu.csus.ecs.pc2.core.model.Run Run 2469 JUDGED 164 min 9875154ms from TEAM633 @ site 1 id Run--4948255835995774118 problem Problem4--626224888507074418 lang Python3.6--8443238504647716559
191023 204539.214|INFO|Thread-11|dumpPacket|   key: JUDGEMENT_RECORD is: edu.csus.ecs.pc2.core.model.JudgementRecord No by JUDGE1 @ site 1 judgement No - Wrong Answer--825758851014341951 id JudgementRecord-5830985366963419436
191023 204539.214|INFO|Thread-11|dumpPacket|   key: CLIENT_ID is: edu.csus.ecs.pc2.core.model.ClientId SERVER0 @ site 1
191023 204539.215|INFO|Thread-11|info|handlePacket start Packet[RUN_JUDGEMENT] #38632 SERVER0 @ site 1 -> TEAM633 @ site 1
191023 204539.215|INFO|Thread-11|dumpPacket|Packet RUN_JUDGEMENT (Seq #38632 ) handlePacket
191023 204539.215|INFO|Thread-11|dumpPacket|  From: SERVER0 @ site 1 (ntust @ 127.0.1.1) (Contest Id: Default-5078223832395999985)
191023 204539.215|INFO|Thread-11|dumpPacket|    To: TEAM633 @ site 1
191023 204539.215|INFO|Thread-11|dumpPacket|   key: RUN is: edu.csus.ecs.pc2.core.model.Run Run 2469 JUDGED 164 min 9875154ms from TEAM633 @ site 1 id Run--4948255835995774118 problem Problem4--626224888507074418 lang Python3.6--8443238504647716559
191023 204539.215|INFO|Thread-11|dumpPacket|   key: JUDGEMENT_RECORD is: edu.csus.ecs.pc2.core.model.JudgementRecord No by JUDGE1 @ site 1 judgement No - Wrong Answer--825758851014341951 id JudgementRecord-5830985366963419436
191023 204539.215|INFO|Thread-11|dumpPacket|   key: CLIENT_ID is: edu.csus.ecs.pc2.core.model.ClientId SERVER0 @ site 1
191023 204542.816|INFO|Thread-11|info| receiveObject(S) end   got Packet[RUN_JUDGEMENT] #38632 SERVER0 @ site 1 -> TEAM633 @ site 1
191023 210005.225|INFO|Thread-12|info| receiveObject(S) start got Packet[CLOCK_STOPPED] #40231 SERVER0 @ site 1 -> SERVER0 @ site 0
191023 210005.226|INFO|Thread-12|dumpPacket|Packet CLOCK_STOPPED (Seq #40231 ) recieveObject
191023 210005.226|INFO|Thread-12|dumpPacket|  From: SERVER0 @ site 1 (ntust @ 127.0.1.1) (Contest Id: Default-5078223832395999985)
191023 210005.227|INFO|Thread-12|dumpPacket|    To: SERVER0 @ site 0
191023 210005.227|INFO|Thread-12|dumpPacket|   key: SITE_NUMBER is: java.lang.Integer 1
191023 210005.228|INFO|Thread-12|dumpPacket|   key: CLIENT_ID is: edu.csus.ecs.pc2.core.model.ClientId ADMINISTRATOR2 @ site 1
191023 210005.228|INFO|Thread-12|info|handlePacket start Packet[CLOCK_STOPPED] #40231 SERVER0 @ site 1 -> SERVER0 @ site 0
191023 210005.229|INFO|Thread-12|dumpPacket|Packet CLOCK_STOPPED (Seq #40231 ) handlePacket
191023 210005.229|INFO|Thread-12|dumpPacket|  From: SERVER0 @ site 1 (ntust @ 127.0.1.1) (Contest Id: Default-5078223832395999985)
191023 210005.229|INFO|Thread-12|dumpPacket|    To: SERVER0 @ site 0
191023 210005.229|INFO|Thread-12|dumpPacket|   key: SITE_NUMBER is: java.lang.Integer 1
191023 210005.229|INFO|Thread-12|dumpPacket|   key: CLIENT_ID is: edu.csus.ecs.pc2.core.model.ClientId ADMINISTRATOR2 @ site 1
191023 210005.229|INFO|Thread-12|info|Clock for site 1 stopped by ADMINISTRATOR2 @ site 1 elapsed 3:00:04
191023 210005.229|INFO|Thread-12|info| receiveObject(S) end   got Packet[CLOCK_STOPPED] #40231 SERVER0 @ site 1 -> SERVER0 @ site 0
