191022 194022.894|CONFIG|AWT-EventQueue-0|setFileHandlers|Now logging to /home/xanonymous/Downloads/ITSA_Login_3/bin/logs directory.
191022 194022.895|INFO|AWT-EventQueue-0|info|
191022 194022.895|INFO|AWT-EventQueue-0|info|Version 9.5.3 20180207 (Wednesday, February 7th 2018 04:25 UTC) Java ver 13 build 4653 Linux 5.3.0-050300-lowlatency (amd64) 
191022 194022.895|INFO|AWT-EventQueue-0|info|Login: team633 (aka team633)
191022 194022.896|INFO|AWT-EventQueue-0|startLog|Working directory is /home/xanonymous/Downloads/ITSA_Login_3/bin
191022 194022.896|INFO|AWT-EventQueue-0|startLog|Process id is 6301@trusaidlinux
191022 194022.896|INFO|AWT-EventQueue-0|info|Contacting server at 140.116.245.84:50002 as TEAM633 @ site 0
191022 194022.897|INFO|AWT-EventQueue-0|info|sendLoginRequest start - sending from TEAM633 @ site 0
191022 194022.900|INFO|AWT-EventQueue-0|sendToLocalServer|Sending packet to server Packet[LOGIN_REQUEST] #1 TEAM633 @ site 0 -> SERVER0 @ site 0
191022 194022.901|INFO|Thread-1|run|send(Serializable)
191022 194022.901|INFO|AWT-EventQueue-0|sendToLocalServer|Sent    packet to server Packet[LOGIN_REQUEST] #1 TEAM633 @ site 0 -> SERVER0 @ site 0
191022 194022.902|INFO|AWT-EventQueue-0|info|sendLoginRequest end - packet sent.
191022 194023.001|INFO|Thread-0|receive|public void receive(SealedObject TransportPacket, ConnectionHandlerID connectionHandlerID)
191022 194023.046|INFO|Thread-2|info| receiveObject(S) start got Packet[LOGIN_SUCCESS] #69 SERVER0 @ site 1 -> TEAM633 @ site 1
191022 194023.046|INFO|Thread-2|dumpPacket|Packet LOGIN_SUCCESS (Seq #69 ) recieveObject
191022 194023.047|INFO|Thread-2|dumpPacket|  From: SERVER0 @ site 1 (ntust @ 127.0.1.1) (Contest Id: Default-5078223832395999985)
191022 194023.047|INFO|Thread-2|dumpPacket|    To: TEAM633 @ site 1
191022 194023.047|INFO|Thread-2|dumpPacket|   key: PROFILE_LIST is: [Ledu.csus.ecs.pc2.core.model.Profile; [Ledu.csus.ecs.pc2.core.model.Profile;@23c83ed4
191022 194023.047|INFO|Thread-2|dumpPacket|   key: GENERAL_PROBLEM is: edu.csus.ecs.pc2.core.model.Problem General
191022 194023.047|INFO|Thread-2|dumpPacket|   key: CONTEST_TIME is: edu.csus.ecs.pc2.core.model.ContestTime edu.csus.ecs.pc2.core.model.ContestTime@2d0fd4dd
191022 194023.047|INFO|Thread-2|dumpPacket|   key: CLIENT_SETTINGS_LIST is: [Ledu.csus.ecs.pc2.core.model.ClientSettings; [Ledu.csus.ecs.pc2.core.model.ClientSettings;@293055a4
191022 194023.047|INFO|Thread-2|dumpPacket|   key: CLARIFICATION_LIST is: [Ledu.csus.ecs.pc2.core.model.Clarification; [Ledu.csus.ecs.pc2.core.model.Clarification;@6c32dee6
191022 194023.047|INFO|Thread-2|dumpPacket|   key: CATEGORY_LIST is: [Ledu.csus.ecs.pc2.core.model.Category; [Ledu.csus.ecs.pc2.core.model.Category;@eee732a
191022 194023.048|INFO|Thread-2|dumpPacket|   key: LANGUAGE_LIST is: [Ledu.csus.ecs.pc2.core.model.Language; [Ledu.csus.ecs.pc2.core.model.Language;@5d14f716
191022 194023.048|INFO|Thread-2|dumpPacket|   key: REMOTE_LOGGED_IN_USERS is: [Ledu.csus.ecs.pc2.core.model.ClientId; [Ledu.csus.ecs.pc2.core.model.ClientId;@76220465
191022 194023.048|INFO|Thread-2|dumpPacket|   key: CONTEST_TIME_LIST is: [Ledu.csus.ecs.pc2.core.model.ContestTime; [Ledu.csus.ecs.pc2.core.model.ContestTime;@c1d21a9
191022 194023.048|INFO|Thread-2|dumpPacket|   key: CONNECTION_HANDLE_ID_LIST is: [Ledu.csus.ecs.pc2.core.transport.ConnectionHandlerID; [Ledu.csus.ecs.pc2.core.transport.ConnectionHandlerID;@71976423
191022 194023.048|INFO|Thread-2|dumpPacket|   key: PROFILE is: edu.csus.ecs.pc2.core.model.Profile Default-5903634455156413467
191022 194023.048|INFO|Thread-2|dumpPacket|   key: CLIENT_ID is: edu.csus.ecs.pc2.core.model.ClientId TEAM633 @ site 1
191022 194023.048|INFO|Thread-2|dumpPacket|   key: SITE_NUMBER is: java.lang.Integer 1
191022 194023.049|INFO|Thread-2|dumpPacket|   key: CONTEST_INFORMATION is: edu.csus.ecs.pc2.core.model.ContestInformation edu.csus.ecs.pc2.core.model.ContestInformation@b418140
191022 194023.049|INFO|Thread-2|dumpPacket|   key: SITE_LIST is: [Ledu.csus.ecs.pc2.core.model.Site; [Ledu.csus.ecs.pc2.core.model.Site;@6d26ad61
191022 194023.049|INFO|Thread-2|dumpPacket|   key: PROBLEM_DATA_FILES is: [Ledu.csus.ecs.pc2.core.model.ProblemDataFiles; [Ledu.csus.ecs.pc2.core.model.ProblemDataFiles;@853d905
191022 194023.049|INFO|Thread-2|dumpPacket|   key: PROBLEM_LIST is: [Ledu.csus.ecs.pc2.core.model.Problem; [Ledu.csus.ecs.pc2.core.model.Problem;@422f1250
191022 194023.049|INFO|Thread-2|dumpPacket|   key: JUDGEMENT_LIST is: [Ledu.csus.ecs.pc2.core.model.Judgement; [Ledu.csus.ecs.pc2.core.model.Judgement;@4563c0d4
191022 194023.049|INFO|Thread-2|dumpPacket|   key: LOCAL_LOGGED_IN_USERS is: [Ledu.csus.ecs.pc2.core.model.ClientId; [Ledu.csus.ecs.pc2.core.model.ClientId;@1d7630bc
191022 194023.049|INFO|Thread-2|dumpPacket|   key: GROUP_LIST is: [Ledu.csus.ecs.pc2.core.model.Group; [Ledu.csus.ecs.pc2.core.model.Group;@b7b49e6
191022 194023.049|INFO|Thread-2|dumpPacket|   key: SERVER_CLOCK_OFFSET is: java.util.GregorianCalendar java.util.GregorianCalendar[time=1571744422993,areFieldsSet=true,areAllFieldsSet=false,lenient=true,zone=sun.util.calendar.ZoneInfo[id="GMT",offset=0,dstSavings=0,useDaylight=false,transitions=0,lastRule=null],firstDayOfWeek=1,minimalDaysInFirstWeek=1,ERA=1,YEAR=2019,MONTH=9,WEEK_OF_YEAR=43,WEEK_OF_MONTH=4,DAY_OF_MONTH=22,DAY_OF_YEAR=295,DAY_OF_WEEK=3,DAY_OF_WEEK_IN_MONTH=4,AM_PM=0,HOUR=11,HOUR_OF_DAY=11,MINUTE=40,SECOND=22,MILLISECOND=993,ZONE_OFFSET=0,DST_OFFSET=0]
191022 194023.050|INFO|Thread-2|dumpPacket|   key: CONTEST_IDENTIFIER is: java.lang.String Default-5078223832395999985
191022 194023.050|INFO|Thread-2|dumpPacket|   key: BALLOON_SETTINGS_LIST is: [Ledu.csus.ecs.pc2.core.model.BalloonSettings; [Ledu.csus.ecs.pc2.core.model.BalloonSettings;@317c674b
191022 194023.050|INFO|Thread-2|dumpPacket|   key: RUN_LIST is: [Ledu.csus.ecs.pc2.core.model.Run; [Ledu.csus.ecs.pc2.core.model.Run;@6ac274d0
191022 194023.050|INFO|Thread-2|dumpPacket|   key: ACCOUNT_ARRAY is: [Ledu.csus.ecs.pc2.core.model.Account; [Ledu.csus.ecs.pc2.core.model.Account;@461d5ae4
191022 194023.050|INFO|Thread-2|info|handlePacket start Packet[LOGIN_SUCCESS] #69 SERVER0 @ site 1 -> TEAM633 @ site 1
191022 194023.050|INFO|Thread-2|dumpPacket|Packet LOGIN_SUCCESS (Seq #69 ) handlePacket
191022 194023.050|INFO|Thread-2|dumpPacket|  From: SERVER0 @ site 1 (ntust @ 127.0.1.1) (Contest Id: Default-5078223832395999985)
191022 194023.050|INFO|Thread-2|dumpPacket|    To: TEAM633 @ site 1
191022 194023.050|INFO|Thread-2|dumpPacket|   key: PROFILE_LIST is: [Ledu.csus.ecs.pc2.core.model.Profile; [Ledu.csus.ecs.pc2.core.model.Profile;@23c83ed4
191022 194023.051|INFO|Thread-2|dumpPacket|   key: GENERAL_PROBLEM is: edu.csus.ecs.pc2.core.model.Problem General
191022 194023.051|INFO|Thread-2|dumpPacket|   key: CONTEST_TIME is: edu.csus.ecs.pc2.core.model.ContestTime edu.csus.ecs.pc2.core.model.ContestTime@2d0fd4dd
191022 194023.051|INFO|Thread-2|dumpPacket|   key: CLIENT_SETTINGS_LIST is: [Ledu.csus.ecs.pc2.core.model.ClientSettings; [Ledu.csus.ecs.pc2.core.model.ClientSettings;@293055a4
191022 194023.051|INFO|Thread-2|dumpPacket|   key: CLARIFICATION_LIST is: [Ledu.csus.ecs.pc2.core.model.Clarification; [Ledu.csus.ecs.pc2.core.model.Clarification;@6c32dee6
191022 194023.051|INFO|Thread-2|dumpPacket|   key: CATEGORY_LIST is: [Ledu.csus.ecs.pc2.core.model.Category; [Ledu.csus.ecs.pc2.core.model.Category;@eee732a
191022 194023.051|INFO|Thread-2|dumpPacket|   key: LANGUAGE_LIST is: [Ledu.csus.ecs.pc2.core.model.Language; [Ledu.csus.ecs.pc2.core.model.Language;@5d14f716
191022 194023.051|INFO|Thread-2|dumpPacket|   key: REMOTE_LOGGED_IN_USERS is: [Ledu.csus.ecs.pc2.core.model.ClientId; [Ledu.csus.ecs.pc2.core.model.ClientId;@76220465
191022 194023.051|INFO|Thread-2|dumpPacket|   key: CONTEST_TIME_LIST is: [Ledu.csus.ecs.pc2.core.model.ContestTime; [Ledu.csus.ecs.pc2.core.model.ContestTime;@c1d21a9
191022 194023.051|INFO|Thread-2|dumpPacket|   key: CONNECTION_HANDLE_ID_LIST is: [Ledu.csus.ecs.pc2.core.transport.ConnectionHandlerID; [Ledu.csus.ecs.pc2.core.transport.ConnectionHandlerID;@71976423
191022 194023.052|INFO|Thread-2|dumpPacket|   key: PROFILE is: edu.csus.ecs.pc2.core.model.Profile Default-5903634455156413467
191022 194023.052|INFO|Thread-2|dumpPacket|   key: CLIENT_ID is: edu.csus.ecs.pc2.core.model.ClientId TEAM633 @ site 1
191022 194023.052|INFO|Thread-2|dumpPacket|   key: SITE_NUMBER is: java.lang.Integer 1
191022 194023.052|INFO|Thread-2|dumpPacket|   key: CONTEST_INFORMATION is: edu.csus.ecs.pc2.core.model.ContestInformation edu.csus.ecs.pc2.core.model.ContestInformation@b418140
191022 194023.052|INFO|Thread-2|dumpPacket|   key: SITE_LIST is: [Ledu.csus.ecs.pc2.core.model.Site; [Ledu.csus.ecs.pc2.core.model.Site;@6d26ad61
191022 194023.052|INFO|Thread-2|dumpPacket|   key: PROBLEM_DATA_FILES is: [Ledu.csus.ecs.pc2.core.model.ProblemDataFiles; [Ledu.csus.ecs.pc2.core.model.ProblemDataFiles;@853d905
191022 194023.052|INFO|Thread-2|dumpPacket|   key: PROBLEM_LIST is: [Ledu.csus.ecs.pc2.core.model.Problem; [Ledu.csus.ecs.pc2.core.model.Problem;@422f1250
191022 194023.052|INFO|Thread-2|dumpPacket|   key: JUDGEMENT_LIST is: [Ledu.csus.ecs.pc2.core.model.Judgement; [Ledu.csus.ecs.pc2.core.model.Judgement;@4563c0d4
191022 194023.052|INFO|Thread-2|dumpPacket|   key: LOCAL_LOGGED_IN_USERS is: [Ledu.csus.ecs.pc2.core.model.ClientId; [Ledu.csus.ecs.pc2.core.model.ClientId;@1d7630bc
191022 194023.053|INFO|Thread-2|dumpPacket|   key: GROUP_LIST is: [Ledu.csus.ecs.pc2.core.model.Group; [Ledu.csus.ecs.pc2.core.model.Group;@b7b49e6
191022 194023.053|INFO|Thread-2|dumpPacket|   key: SERVER_CLOCK_OFFSET is: java.util.GregorianCalendar java.util.GregorianCalendar[time=1571744422993,areFieldsSet=true,areAllFieldsSet=false,lenient=true,zone=sun.util.calendar.ZoneInfo[id="GMT",offset=0,dstSavings=0,useDaylight=false,transitions=0,lastRule=null],firstDayOfWeek=1,minimalDaysInFirstWeek=1,ERA=1,YEAR=2019,MONTH=9,WEEK_OF_YEAR=43,WEEK_OF_MONTH=4,DAY_OF_MONTH=22,DAY_OF_YEAR=295,DAY_OF_WEEK=3,DAY_OF_WEEK_IN_MONTH=4,AM_PM=0,HOUR=11,HOUR_OF_DAY=11,MINUTE=40,SECOND=22,MILLISECOND=993,ZONE_OFFSET=0,DST_OFFSET=0]
191022 194023.053|INFO|Thread-2|dumpPacket|   key: CONTEST_IDENTIFIER is: java.lang.String Default-5078223832395999985
191022 194023.053|INFO|Thread-2|dumpPacket|   key: BALLOON_SETTINGS_LIST is: [Ledu.csus.ecs.pc2.core.model.BalloonSettings; [Ledu.csus.ecs.pc2.core.model.BalloonSettings;@317c674b
191022 194023.053|INFO|Thread-2|dumpPacket|   key: RUN_LIST is: [Ledu.csus.ecs.pc2.core.model.Run; [Ledu.csus.ecs.pc2.core.model.Run;@6ac274d0
191022 194023.053|INFO|Thread-2|dumpPacket|   key: ACCOUNT_ARRAY is: [Ledu.csus.ecs.pc2.core.model.Account; [Ledu.csus.ecs.pc2.core.model.Account;@461d5ae4
191022 202313.361|CONFIG|AWT-EventQueue-0|setFileHandlers|Now logging to /home/xanonymous/vscode/main/ITSA/ITSA_Login_3/bin/logs directory.
191022 202313.362|INFO|AWT-EventQueue-0|info|
191022 202313.363|INFO|AWT-EventQueue-0|info|Version 9.5.3 20180207 (Wednesday, February 7th 2018 04:25 UTC) Java ver 13 build 4653 Linux 5.3.0-050300-lowlatency (amd64) 
191022 202313.364|INFO|AWT-EventQueue-0|info|Login: team633 (aka team633)
191022 202313.364|INFO|AWT-EventQueue-0|startLog|Working directory is /home/xanonymous/vscode/main/ITSA/ITSA_Login_3/bin
191022 202313.365|INFO|AWT-EventQueue-0|startLog|Process id is 9799@trusaidlinux
191022 202313.366|INFO|AWT-EventQueue-0|info|Contacting server at 140.116.245.84:50002 as TEAM633 @ site 0
191022 202313.367|INFO|AWT-EventQueue-0|info|sendLoginRequest start - sending from TEAM633 @ site 0
191022 202313.377|INFO|AWT-EventQueue-0|sendToLocalServer|Sending packet to server Packet[LOGIN_REQUEST] #1 TEAM633 @ site 0 -> SERVER0 @ site 0
191022 202313.380|INFO|Thread-1|run|send(Serializable)
191022 202313.381|INFO|AWT-EventQueue-0|sendToLocalServer|Sent    packet to server Packet[LOGIN_REQUEST] #1 TEAM633 @ site 0 -> SERVER0 @ site 0
191022 202313.383|INFO|AWT-EventQueue-0|info|sendLoginRequest end - packet sent.
191022 202313.448|INFO|Thread-0|receive|public void receive(SealedObject TransportPacket, ConnectionHandlerID connectionHandlerID)
191022 202313.480|INFO|Thread-2|info| receiveObject(S) start got Packet[LOGIN_SUCCESS] #158 SERVER0 @ site 1 -> TEAM633 @ site 1
191022 202313.480|INFO|Thread-2|dumpPacket|Packet LOGIN_SUCCESS (Seq #158 ) recieveObject
191022 202313.480|INFO|Thread-2|dumpPacket|  From: SERVER0 @ site 1 (ntust @ 127.0.1.1) (Contest Id: Default-5078223832395999985)
191022 202313.481|INFO|Thread-2|dumpPacket|    To: TEAM633 @ site 1
191022 202313.481|INFO|Thread-2|dumpPacket|   key: PROFILE_LIST is: [Ledu.csus.ecs.pc2.core.model.Profile; [Ledu.csus.ecs.pc2.core.model.Profile;@7a0d328a
191022 202313.481|INFO|Thread-2|dumpPacket|   key: GENERAL_PROBLEM is: edu.csus.ecs.pc2.core.model.Problem General
191022 202313.481|INFO|Thread-2|dumpPacket|   key: CONTEST_TIME is: edu.csus.ecs.pc2.core.model.ContestTime edu.csus.ecs.pc2.core.model.ContestTime@74cac3bb
191022 202313.481|INFO|Thread-2|dumpPacket|   key: CLIENT_SETTINGS_LIST is: [Ledu.csus.ecs.pc2.core.model.ClientSettings; [Ledu.csus.ecs.pc2.core.model.ClientSettings;@70f559fa
191022 202313.481|INFO|Thread-2|dumpPacket|   key: CLARIFICATION_LIST is: [Ledu.csus.ecs.pc2.core.model.Clarification; [Ledu.csus.ecs.pc2.core.model.Clarification;@35f7c980
191022 202313.481|INFO|Thread-2|dumpPacket|   key: CATEGORY_LIST is: [Ledu.csus.ecs.pc2.core.model.Category; [Ledu.csus.ecs.pc2.core.model.Category;@267d24d6
191022 202313.481|INFO|Thread-2|dumpPacket|   key: LANGUAGE_LIST is: [Ledu.csus.ecs.pc2.core.model.Language; [Ledu.csus.ecs.pc2.core.model.Language;@408fcb9
191022 202313.482|INFO|Thread-2|dumpPacket|   key: REMOTE_LOGGED_IN_USERS is: [Ledu.csus.ecs.pc2.core.model.ClientId; [Ledu.csus.ecs.pc2.core.model.ClientId;@5e684f4b
191022 202313.482|INFO|Thread-2|dumpPacket|   key: CONTEST_TIME_LIST is: [Ledu.csus.ecs.pc2.core.model.ContestTime; [Ledu.csus.ecs.pc2.core.model.ContestTime;@55d836cf
191022 202313.482|INFO|Thread-2|dumpPacket|   key: CONNECTION_HANDLE_ID_LIST is: [Ledu.csus.ecs.pc2.core.transport.ConnectionHandlerID; [Ledu.csus.ecs.pc2.core.transport.ConnectionHandlerID;@1accf336
191022 202313.482|INFO|Thread-2|dumpPacket|   key: PROFILE is: edu.csus.ecs.pc2.core.model.Profile Default-5903634455156413467
191022 202313.482|INFO|Thread-2|dumpPacket|   key: CLIENT_ID is: edu.csus.ecs.pc2.core.model.ClientId TEAM633 @ site 1
191022 202313.482|INFO|Thread-2|dumpPacket|   key: SITE_NUMBER is: java.lang.Integer 1
191022 202313.482|INFO|Thread-2|dumpPacket|   key: CONTEST_INFORMATION is: edu.csus.ecs.pc2.core.model.ContestInformation edu.csus.ecs.pc2.core.model.ContestInformation@596229e2
191022 202313.482|INFO|Thread-2|dumpPacket|   key: SITE_LIST is: [Ledu.csus.ecs.pc2.core.model.Site; [Ledu.csus.ecs.pc2.core.model.Site;@456c2792
191022 202313.483|INFO|Thread-2|dumpPacket|   key: PROBLEM_DATA_FILES is: [Ledu.csus.ecs.pc2.core.model.ProblemDataFiles; [Ledu.csus.ecs.pc2.core.model.ProblemDataFiles;@51960fbe
191022 202313.483|INFO|Thread-2|dumpPacket|   key: PROBLEM_LIST is: [Ledu.csus.ecs.pc2.core.model.Problem; [Ledu.csus.ecs.pc2.core.model.Problem;@2cbe03f9
191022 202313.483|INFO|Thread-2|dumpPacket|   key: JUDGEMENT_LIST is: [Ledu.csus.ecs.pc2.core.model.Judgement; [Ledu.csus.ecs.pc2.core.model.Judgement;@64db02b5
191022 202313.483|INFO|Thread-2|dumpPacket|   key: LOCAL_LOGGED_IN_USERS is: [Ledu.csus.ecs.pc2.core.model.ClientId; [Ledu.csus.ecs.pc2.core.model.ClientId;@40aff90b
191022 202313.483|INFO|Thread-2|dumpPacket|   key: GROUP_LIST is: [Ledu.csus.ecs.pc2.core.model.Group; [Ledu.csus.ecs.pc2.core.model.Group;@2125f55f
191022 202313.483|INFO|Thread-2|dumpPacket|   key: SERVER_CLOCK_OFFSET is: java.util.GregorianCalendar java.util.GregorianCalendar[time=1571746993433,areFieldsSet=true,areAllFieldsSet=false,lenient=true,zone=sun.util.calendar.ZoneInfo[id="GMT",offset=0,dstSavings=0,useDaylight=false,transitions=0,lastRule=null],firstDayOfWeek=1,minimalDaysInFirstWeek=1,ERA=1,YEAR=2019,MONTH=9,WEEK_OF_YEAR=43,WEEK_OF_MONTH=4,DAY_OF_MONTH=22,DAY_OF_YEAR=295,DAY_OF_WEEK=3,DAY_OF_WEEK_IN_MONTH=4,AM_PM=1,HOUR=0,HOUR_OF_DAY=12,MINUTE=23,SECOND=13,MILLISECOND=433,ZONE_OFFSET=0,DST_OFFSET=0]
191022 202313.483|INFO|Thread-2|dumpPacket|   key: CONTEST_IDENTIFIER is: java.lang.String Default-5078223832395999985
191022 202313.484|INFO|Thread-2|dumpPacket|   key: BALLOON_SETTINGS_LIST is: [Ledu.csus.ecs.pc2.core.model.BalloonSettings; [Ledu.csus.ecs.pc2.core.model.BalloonSettings;@7dd88b49
191022 202313.484|INFO|Thread-2|dumpPacket|   key: RUN_LIST is: [Ledu.csus.ecs.pc2.core.model.Run; [Ledu.csus.ecs.pc2.core.model.Run;@412af0ed
191022 202313.484|INFO|Thread-2|dumpPacket|   key: ACCOUNT_ARRAY is: [Ledu.csus.ecs.pc2.core.model.Account; [Ledu.csus.ecs.pc2.core.model.Account;@7ef22e62
191022 202313.484|INFO|Thread-2|info|handlePacket start Packet[LOGIN_SUCCESS] #158 SERVER0 @ site 1 -> TEAM633 @ site 1
191022 202313.484|INFO|Thread-2|dumpPacket|Packet LOGIN_SUCCESS (Seq #158 ) handlePacket
191022 202313.484|INFO|Thread-2|dumpPacket|  From: SERVER0 @ site 1 (ntust @ 127.0.1.1) (Contest Id: Default-5078223832395999985)
191022 202313.484|INFO|Thread-2|dumpPacket|    To: TEAM633 @ site 1
191022 202313.484|INFO|Thread-2|dumpPacket|   key: PROFILE_LIST is: [Ledu.csus.ecs.pc2.core.model.Profile; [Ledu.csus.ecs.pc2.core.model.Profile;@7a0d328a
191022 202313.485|INFO|Thread-2|dumpPacket|   key: GENERAL_PROBLEM is: edu.csus.ecs.pc2.core.model.Problem General
191022 202313.485|INFO|Thread-2|dumpPacket|   key: CONTEST_TIME is: edu.csus.ecs.pc2.core.model.ContestTime edu.csus.ecs.pc2.core.model.ContestTime@74cac3bb
191022 202313.485|INFO|Thread-2|dumpPacket|   key: CLIENT_SETTINGS_LIST is: [Ledu.csus.ecs.pc2.core.model.ClientSettings; [Ledu.csus.ecs.pc2.core.model.ClientSettings;@70f559fa
191022 202313.485|INFO|Thread-2|dumpPacket|   key: CLARIFICATION_LIST is: [Ledu.csus.ecs.pc2.core.model.Clarification; [Ledu.csus.ecs.pc2.core.model.Clarification;@35f7c980
191022 202313.485|INFO|Thread-2|dumpPacket|   key: CATEGORY_LIST is: [Ledu.csus.ecs.pc2.core.model.Category; [Ledu.csus.ecs.pc2.core.model.Category;@267d24d6
191022 202313.485|INFO|Thread-2|dumpPacket|   key: LANGUAGE_LIST is: [Ledu.csus.ecs.pc2.core.model.Language; [Ledu.csus.ecs.pc2.core.model.Language;@408fcb9
191022 202313.485|INFO|Thread-2|dumpPacket|   key: REMOTE_LOGGED_IN_USERS is: [Ledu.csus.ecs.pc2.core.model.ClientId; [Ledu.csus.ecs.pc2.core.model.ClientId;@5e684f4b
191022 202313.485|INFO|Thread-2|dumpPacket|   key: CONTEST_TIME_LIST is: [Ledu.csus.ecs.pc2.core.model.ContestTime; [Ledu.csus.ecs.pc2.core.model.ContestTime;@55d836cf
191022 202313.485|INFO|Thread-2|dumpPacket|   key: CONNECTION_HANDLE_ID_LIST is: [Ledu.csus.ecs.pc2.core.transport.ConnectionHandlerID; [Ledu.csus.ecs.pc2.core.transport.ConnectionHandlerID;@1accf336
191022 202313.486|INFO|Thread-2|dumpPacket|   key: PROFILE is: edu.csus.ecs.pc2.core.model.Profile Default-5903634455156413467
191022 202313.486|INFO|Thread-2|dumpPacket|   key: CLIENT_ID is: edu.csus.ecs.pc2.core.model.ClientId TEAM633 @ site 1
191022 202313.486|INFO|Thread-2|dumpPacket|   key: SITE_NUMBER is: java.lang.Integer 1
191022 202313.486|INFO|Thread-2|dumpPacket|   key: CONTEST_INFORMATION is: edu.csus.ecs.pc2.core.model.ContestInformation edu.csus.ecs.pc2.core.model.ContestInformation@596229e2
191022 202313.486|INFO|Thread-2|dumpPacket|   key: SITE_LIST is: [Ledu.csus.ecs.pc2.core.model.Site; [Ledu.csus.ecs.pc2.core.model.Site;@456c2792
191022 202313.486|INFO|Thread-2|dumpPacket|   key: PROBLEM_DATA_FILES is: [Ledu.csus.ecs.pc2.core.model.ProblemDataFiles; [Ledu.csus.ecs.pc2.core.model.ProblemDataFiles;@51960fbe
191022 202313.486|INFO|Thread-2|dumpPacket|   key: PROBLEM_LIST is: [Ledu.csus.ecs.pc2.core.model.Problem; [Ledu.csus.ecs.pc2.core.model.Problem;@2cbe03f9
191022 202313.486|INFO|Thread-2|dumpPacket|   key: JUDGEMENT_LIST is: [Ledu.csus.ecs.pc2.core.model.Judgement; [Ledu.csus.ecs.pc2.core.model.Judgement;@64db02b5
191022 202313.486|INFO|Thread-2|dumpPacket|   key: LOCAL_LOGGED_IN_USERS is: [Ledu.csus.ecs.pc2.core.model.ClientId; [Ledu.csus.ecs.pc2.core.model.ClientId;@40aff90b
191022 202313.487|INFO|Thread-2|dumpPacket|   key: GROUP_LIST is: [Ledu.csus.ecs.pc2.core.model.Group; [Ledu.csus.ecs.pc2.core.model.Group;@2125f55f
191022 202313.487|INFO|Thread-2|dumpPacket|   key: SERVER_CLOCK_OFFSET is: java.util.GregorianCalendar java.util.GregorianCalendar[time=1571746993433,areFieldsSet=true,areAllFieldsSet=false,lenient=true,zone=sun.util.calendar.ZoneInfo[id="GMT",offset=0,dstSavings=0,useDaylight=false,transitions=0,lastRule=null],firstDayOfWeek=1,minimalDaysInFirstWeek=1,ERA=1,YEAR=2019,MONTH=9,WEEK_OF_YEAR=43,WEEK_OF_MONTH=4,DAY_OF_MONTH=22,DAY_OF_YEAR=295,DAY_OF_WEEK=3,DAY_OF_WEEK_IN_MONTH=4,AM_PM=1,HOUR=0,HOUR_OF_DAY=12,MINUTE=23,SECOND=13,MILLISECOND=433,ZONE_OFFSET=0,DST_OFFSET=0]
191022 202313.487|INFO|Thread-2|dumpPacket|   key: CONTEST_IDENTIFIER is: java.lang.String Default-5078223832395999985
191022 202313.487|INFO|Thread-2|dumpPacket|   key: BALLOON_SETTINGS_LIST is: [Ledu.csus.ecs.pc2.core.model.BalloonSettings; [Ledu.csus.ecs.pc2.core.model.BalloonSettings;@7dd88b49
191022 202313.487|INFO|Thread-2|dumpPacket|   key: RUN_LIST is: [Ledu.csus.ecs.pc2.core.model.Run; [Ledu.csus.ecs.pc2.core.model.Run;@412af0ed
191022 202313.487|INFO|Thread-2|dumpPacket|   key: ACCOUNT_ARRAY is: [Ledu.csus.ecs.pc2.core.model.Account; [Ledu.csus.ecs.pc2.core.model.Account;@7ef22e62
191022 202938.650|INFO|Thread-5|run|send(Serializable)
191022 202938.698|INFO|Thread-0|receive|public void receive(SealedObject TransportPacket, ConnectionHandlerID connectionHandlerID)
191022 202939.721|INFO|Thread-0|receive|public void receive(SealedObject TransportPacket, ConnectionHandlerID connectionHandlerID)
191022 203347.516|INFO|Thread-8|run|send(Serializable)
191022 203347.559|INFO|Thread-0|receive|public void receive(SealedObject TransportPacket, ConnectionHandlerID connectionHandlerID)
191022 203348.560|INFO|Thread-0|receive|public void receive(SealedObject TransportPacket, ConnectionHandlerID connectionHandlerID)
191022 203751.909|INFO|Thread-17|run|send(Serializable)
191022 203751.994|INFO|Thread-0|receive|public void receive(SealedObject TransportPacket, ConnectionHandlerID connectionHandlerID)
191022 205811.045|INFO|Thread-0|connectionDropped|connectionDropped(ConnectionHandlerID myConnectionID) 
191022 205843.420|CONFIG|AWT-EventQueue-0|setFileHandlers|Now logging to /home/xanonymous/vscode/main/ITSA/ITSA_Login_3/bin/logs directory.
191022 205843.420|INFO|AWT-EventQueue-0|info|
191022 205843.421|INFO|AWT-EventQueue-0|info|Version 9.5.3 20180207 (Wednesday, February 7th 2018 04:25 UTC) Java ver 13 build 4653 Linux 5.3.0-050300-lowlatency (amd64) 
191022 205843.421|INFO|AWT-EventQueue-0|info|Login: team633 (aka team633)
191022 205843.421|INFO|AWT-EventQueue-0|startLog|Working directory is /home/xanonymous/vscode/main/ITSA/ITSA_Login_3/bin
191022 205843.422|INFO|AWT-EventQueue-0|startLog|Process id is 14252@trusaidlinux
191022 205843.422|INFO|AWT-EventQueue-0|info|Contacting server at 140.116.245.84:50002 as TEAM633 @ site 0
191022 205843.422|INFO|AWT-EventQueue-0|info|sendLoginRequest start - sending from TEAM633 @ site 0
191022 205843.424|INFO|AWT-EventQueue-0|sendToLocalServer|Sending packet to server Packet[LOGIN_REQUEST] #1 TEAM633 @ site 0 -> SERVER0 @ site 0
191022 205843.425|INFO|Thread-1|run|send(Serializable)
191022 205843.426|INFO|AWT-EventQueue-0|sendToLocalServer|Sent    packet to server Packet[LOGIN_REQUEST] #1 TEAM633 @ site 0 -> SERVER0 @ site 0
191022 205843.427|INFO|AWT-EventQueue-0|info|sendLoginRequest end - packet sent.
191022 205843.484|INFO|Thread-0|receive|public void receive(SealedObject TransportPacket, ConnectionHandlerID connectionHandlerID)
191022 205843.542|INFO|Thread-2|info| receiveObject(S) start got Packet[LOGIN_SUCCESS] #237 SERVER0 @ site 1 -> TEAM633 @ site 1
191022 205843.542|INFO|Thread-2|dumpPacket|Packet LOGIN_SUCCESS (Seq #237 ) recieveObject
191022 205843.542|INFO|Thread-2|dumpPacket|  From: SERVER0 @ site 1 (ntust @ 127.0.1.1) (Contest Id: Default-5078223832395999985)
191022 205843.542|INFO|Thread-2|dumpPacket|    To: TEAM633 @ site 1
191022 205843.543|INFO|Thread-2|dumpPacket|   key: PROFILE_LIST is: [Ledu.csus.ecs.pc2.core.model.Profile; [Ledu.csus.ecs.pc2.core.model.Profile;@7c4f4067
191022 205843.543|INFO|Thread-2|dumpPacket|   key: GENERAL_PROBLEM is: edu.csus.ecs.pc2.core.model.Problem General
191022 205843.543|INFO|Thread-2|dumpPacket|   key: CONTEST_TIME is: edu.csus.ecs.pc2.core.model.ContestTime edu.csus.ecs.pc2.core.model.ContestTime@7288a19e
191022 205843.543|INFO|Thread-2|dumpPacket|   key: CLIENT_SETTINGS_LIST is: [Ledu.csus.ecs.pc2.core.model.ClientSettings; [Ledu.csus.ecs.pc2.core.model.ClientSettings;@76b72b17
191022 205843.544|INFO|Thread-2|dumpPacket|   key: CLARIFICATION_LIST is: [Ledu.csus.ecs.pc2.core.model.Clarification; [Ledu.csus.ecs.pc2.core.model.Clarification;@33b5aba5
191022 205843.544|INFO|Thread-2|dumpPacket|   key: CATEGORY_LIST is: [Ledu.csus.ecs.pc2.core.model.Category; [Ledu.csus.ecs.pc2.core.model.Category;@357f99cc
191022 205843.544|INFO|Thread-2|dumpPacket|   key: LANGUAGE_LIST is: [Ledu.csus.ecs.pc2.core.model.Language; [Ledu.csus.ecs.pc2.core.model.Language;@2cc5aac
191022 205843.544|INFO|Thread-2|dumpPacket|   key: REMOTE_LOGGED_IN_USERS is: [Ledu.csus.ecs.pc2.core.model.ClientId; [Ledu.csus.ecs.pc2.core.model.ClientId;@4dec3671
191022 205843.545|INFO|Thread-2|dumpPacket|   key: CONTEST_TIME_LIST is: [Ledu.csus.ecs.pc2.core.model.ContestTime; [Ledu.csus.ecs.pc2.core.model.ContestTime;@539a54ea
191022 205843.545|INFO|Thread-2|dumpPacket|   key: CONNECTION_HANDLE_ID_LIST is: [Ledu.csus.ecs.pc2.core.transport.ConnectionHandlerID; [Ledu.csus.ecs.pc2.core.transport.ConnectionHandlerID;@1a6206ac
191022 205843.545|INFO|Thread-2|dumpPacket|   key: PROFILE is: edu.csus.ecs.pc2.core.model.Profile Default-5903634455156413467
191022 205843.545|INFO|Thread-2|dumpPacket|   key: CLIENT_ID is: edu.csus.ecs.pc2.core.model.ClientId TEAM633 @ site 1
191022 205843.545|INFO|Thread-2|dumpPacket|   key: SITE_NUMBER is: java.lang.Integer 1
191022 205843.546|INFO|Thread-2|dumpPacket|   key: CONTEST_INFORMATION is: edu.csus.ecs.pc2.core.model.ContestInformation edu.csus.ecs.pc2.core.model.ContestInformation@7a9b3676
191022 205843.546|INFO|Thread-2|dumpPacket|   key: SITE_LIST is: [Ledu.csus.ecs.pc2.core.model.Site; [Ledu.csus.ecs.pc2.core.model.Site;@56e8d8ea
191022 205843.546|INFO|Thread-2|dumpPacket|   key: PROBLEM_DATA_FILES is: [Ledu.csus.ecs.pc2.core.model.ProblemDataFiles; [Ledu.csus.ecs.pc2.core.model.ProblemDataFiles;@57d4ebd9
191022 205843.546|INFO|Thread-2|dumpPacket|   key: PROBLEM_LIST is: [Ledu.csus.ecs.pc2.core.model.Problem; [Ledu.csus.ecs.pc2.core.model.Problem;@5d09d0e9
191022 205843.546|INFO|Thread-2|dumpPacket|   key: JUDGEMENT_LIST is: [Ledu.csus.ecs.pc2.core.model.Judgement; [Ledu.csus.ecs.pc2.core.model.Judgement;@7e8265b8
191022 205843.547|INFO|Thread-2|dumpPacket|   key: LOCAL_LOGGED_IN_USERS is: [Ledu.csus.ecs.pc2.core.model.ClientId; [Ledu.csus.ecs.pc2.core.model.ClientId;@6ebdcd0a
191022 205843.547|INFO|Thread-2|dumpPacket|   key: GROUP_LIST is: [Ledu.csus.ecs.pc2.core.model.Group; [Ledu.csus.ecs.pc2.core.model.Group;@1ec76927
191022 205843.547|INFO|Thread-2|dumpPacket|   key: SERVER_CLOCK_OFFSET is: java.util.GregorianCalendar java.util.GregorianCalendar[time=1571749123473,areFieldsSet=true,areAllFieldsSet=false,lenient=true,zone=sun.util.calendar.ZoneInfo[id="GMT",offset=0,dstSavings=0,useDaylight=false,transitions=0,lastRule=null],firstDayOfWeek=1,minimalDaysInFirstWeek=1,ERA=1,YEAR=2019,MONTH=9,WEEK_OF_YEAR=43,WEEK_OF_MONTH=4,DAY_OF_MONTH=22,DAY_OF_YEAR=295,DAY_OF_WEEK=3,DAY_OF_WEEK_IN_MONTH=4,AM_PM=1,HOUR=0,HOUR_OF_DAY=12,MINUTE=58,SECOND=43,MILLISECOND=473,ZONE_OFFSET=0,DST_OFFSET=0]
191022 205843.547|INFO|Thread-2|dumpPacket|   key: CONTEST_IDENTIFIER is: java.lang.String Default-5078223832395999985
191022 205843.547|INFO|Thread-2|dumpPacket|   key: BALLOON_SETTINGS_LIST is: [Ledu.csus.ecs.pc2.core.model.BalloonSettings; [Ledu.csus.ecs.pc2.core.model.BalloonSettings;@dda6c8e
191022 205843.548|INFO|Thread-2|dumpPacket|   key: RUN_LIST is: [Ledu.csus.ecs.pc2.core.model.Run; [Ledu.csus.ecs.pc2.core.model.Run;@60186728
191022 205843.548|INFO|Thread-2|dumpPacket|   key: ACCOUNT_ARRAY is: [Ledu.csus.ecs.pc2.core.model.Account; [Ledu.csus.ecs.pc2.core.model.Account;@604d23bc
191022 205843.548|INFO|Thread-2|info|handlePacket start Packet[LOGIN_SUCCESS] #237 SERVER0 @ site 1 -> TEAM633 @ site 1
191022 205843.548|INFO|Thread-2|dumpPacket|Packet LOGIN_SUCCESS (Seq #237 ) handlePacket
191022 205843.548|INFO|Thread-2|dumpPacket|  From: SERVER0 @ site 1 (ntust @ 127.0.1.1) (Contest Id: Default-5078223832395999985)
191022 205843.549|INFO|Thread-2|dumpPacket|    To: TEAM633 @ site 1
191022 205843.549|INFO|Thread-2|dumpPacket|   key: PROFILE_LIST is: [Ledu.csus.ecs.pc2.core.model.Profile; [Ledu.csus.ecs.pc2.core.model.Profile;@7c4f4067
191022 205843.549|INFO|Thread-2|dumpPacket|   key: GENERAL_PROBLEM is: edu.csus.ecs.pc2.core.model.Problem General
191022 205843.549|INFO|Thread-2|dumpPacket|   key: CONTEST_TIME is: edu.csus.ecs.pc2.core.model.ContestTime edu.csus.ecs.pc2.core.model.ContestTime@7288a19e
191022 205843.549|INFO|Thread-2|dumpPacket|   key: CLIENT_SETTINGS_LIST is: [Ledu.csus.ecs.pc2.core.model.ClientSettings; [Ledu.csus.ecs.pc2.core.model.ClientSettings;@76b72b17
191022 205843.550|INFO|Thread-2|dumpPacket|   key: CLARIFICATION_LIST is: [Ledu.csus.ecs.pc2.core.model.Clarification; [Ledu.csus.ecs.pc2.core.model.Clarification;@33b5aba5
191022 205843.550|INFO|Thread-2|dumpPacket|   key: CATEGORY_LIST is: [Ledu.csus.ecs.pc2.core.model.Category; [Ledu.csus.ecs.pc2.core.model.Category;@357f99cc
191022 205843.550|INFO|Thread-2|dumpPacket|   key: LANGUAGE_LIST is: [Ledu.csus.ecs.pc2.core.model.Language; [Ledu.csus.ecs.pc2.core.model.Language;@2cc5aac
191022 205843.550|INFO|Thread-2|dumpPacket|   key: REMOTE_LOGGED_IN_USERS is: [Ledu.csus.ecs.pc2.core.model.ClientId; [Ledu.csus.ecs.pc2.core.model.ClientId;@4dec3671
191022 205843.550|INFO|Thread-2|dumpPacket|   key: CONTEST_TIME_LIST is: [Ledu.csus.ecs.pc2.core.model.ContestTime; [Ledu.csus.ecs.pc2.core.model.ContestTime;@539a54ea
191022 205843.550|INFO|Thread-2|dumpPacket|   key: CONNECTION_HANDLE_ID_LIST is: [Ledu.csus.ecs.pc2.core.transport.ConnectionHandlerID; [Ledu.csus.ecs.pc2.core.transport.ConnectionHandlerID;@1a6206ac
191022 205843.551|INFO|Thread-2|dumpPacket|   key: PROFILE is: edu.csus.ecs.pc2.core.model.Profile Default-5903634455156413467
191022 205843.551|INFO|Thread-2|dumpPacket|   key: CLIENT_ID is: edu.csus.ecs.pc2.core.model.ClientId TEAM633 @ site 1
191022 205843.551|INFO|Thread-2|dumpPacket|   key: SITE_NUMBER is: java.lang.Integer 1
191022 205843.551|INFO|Thread-2|dumpPacket|   key: CONTEST_INFORMATION is: edu.csus.ecs.pc2.core.model.ContestInformation edu.csus.ecs.pc2.core.model.ContestInformation@7a9b3676
191022 205843.551|INFO|Thread-2|dumpPacket|   key: SITE_LIST is: [Ledu.csus.ecs.pc2.core.model.Site; [Ledu.csus.ecs.pc2.core.model.Site;@56e8d8ea
191022 205843.551|INFO|Thread-2|dumpPacket|   key: PROBLEM_DATA_FILES is: [Ledu.csus.ecs.pc2.core.model.ProblemDataFiles; [Ledu.csus.ecs.pc2.core.model.ProblemDataFiles;@57d4ebd9
191022 205843.552|INFO|Thread-2|dumpPacket|   key: PROBLEM_LIST is: [Ledu.csus.ecs.pc2.core.model.Problem; [Ledu.csus.ecs.pc2.core.model.Problem;@5d09d0e9
191022 205843.552|INFO|Thread-2|dumpPacket|   key: JUDGEMENT_LIST is: [Ledu.csus.ecs.pc2.core.model.Judgement; [Ledu.csus.ecs.pc2.core.model.Judgement;@7e8265b8
191022 205843.552|INFO|Thread-2|dumpPacket|   key: LOCAL_LOGGED_IN_USERS is: [Ledu.csus.ecs.pc2.core.model.ClientId; [Ledu.csus.ecs.pc2.core.model.ClientId;@6ebdcd0a
191022 205843.552|INFO|Thread-2|dumpPacket|   key: GROUP_LIST is: [Ledu.csus.ecs.pc2.core.model.Group; [Ledu.csus.ecs.pc2.core.model.Group;@1ec76927
191022 205843.552|INFO|Thread-2|dumpPacket|   key: SERVER_CLOCK_OFFSET is: java.util.GregorianCalendar java.util.GregorianCalendar[time=1571749123473,areFieldsSet=true,areAllFieldsSet=false,lenient=true,zone=sun.util.calendar.ZoneInfo[id="GMT",offset=0,dstSavings=0,useDaylight=false,transitions=0,lastRule=null],firstDayOfWeek=1,minimalDaysInFirstWeek=1,ERA=1,YEAR=2019,MONTH=9,WEEK_OF_YEAR=43,WEEK_OF_MONTH=4,DAY_OF_MONTH=22,DAY_OF_YEAR=295,DAY_OF_WEEK=3,DAY_OF_WEEK_IN_MONTH=4,AM_PM=1,HOUR=0,HOUR_OF_DAY=12,MINUTE=58,SECOND=43,MILLISECOND=473,ZONE_OFFSET=0,DST_OFFSET=0]
191022 205843.552|INFO|Thread-2|dumpPacket|   key: CONTEST_IDENTIFIER is: java.lang.String Default-5078223832395999985
191022 205843.553|INFO|Thread-2|dumpPacket|   key: BALLOON_SETTINGS_LIST is: [Ledu.csus.ecs.pc2.core.model.BalloonSettings; [Ledu.csus.ecs.pc2.core.model.BalloonSettings;@dda6c8e
191022 205843.553|INFO|Thread-2|dumpPacket|   key: RUN_LIST is: [Ledu.csus.ecs.pc2.core.model.Run; [Ledu.csus.ecs.pc2.core.model.Run;@60186728
191022 205843.553|INFO|Thread-2|dumpPacket|   key: ACCOUNT_ARRAY is: [Ledu.csus.ecs.pc2.core.model.Account; [Ledu.csus.ecs.pc2.core.model.Account;@604d23bc
191023 181106.789|CONFIG|AWT-EventQueue-0|setFileHandlers|Now logging to /home/xanonymous/vscode/main/ITSA/ITSA_Login_3/bin/logs directory.
191023 181106.800|INFO|AWT-EventQueue-0|info|
191023 181106.800|INFO|AWT-EventQueue-0|info|Version 9.5.3 20180207 (Wednesday, February 7th 2018 04:25 UTC) Java ver 13 build 4653 Linux 5.3.0-050300-lowlatency (amd64) 
191023 181106.800|INFO|AWT-EventQueue-0|info|Login: team633 (aka team633)
191023 181106.801|INFO|AWT-EventQueue-0|startLog|Working directory is /home/xanonymous/vscode/main/ITSA/ITSA_Login_3/bin
191023 181106.801|INFO|AWT-EventQueue-0|startLog|Process id is 7789@trusaidlinux
191023 181106.801|INFO|AWT-EventQueue-0|info|Contacting server at 140.116.245.84:50002 as TEAM633 @ site 0
191023 181106.802|INFO|AWT-EventQueue-0|info|sendLoginRequest start - sending from TEAM633 @ site 0
191023 181106.806|INFO|AWT-EventQueue-0|sendToLocalServer|Sending packet to server Packet[LOGIN_REQUEST] #1 TEAM633 @ site 0 -> SERVER0 @ site 0
191023 181106.807|INFO|Thread-1|run|send(Serializable)
191023 181106.808|INFO|AWT-EventQueue-0|sendToLocalServer|Sent    packet to server Packet[LOGIN_REQUEST] #1 TEAM633 @ site 0 -> SERVER0 @ site 0
191023 181106.809|INFO|AWT-EventQueue-0|info|sendLoginRequest end - packet sent.
191023 181106.927|INFO|Thread-0|receive|public void receive(SealedObject TransportPacket, ConnectionHandlerID connectionHandlerID)
191023 181107.032|INFO|Thread-2|info| receiveObject(S) start got Packet[LOGIN_SUCCESS] #575 SERVER0 @ site 1 -> TEAM633 @ site 1
191023 181107.032|INFO|Thread-2|dumpPacket|Packet LOGIN_SUCCESS (Seq #575 ) recieveObject
191023 181107.032|INFO|Thread-2|dumpPacket|  From: SERVER0 @ site 1 (ntust @ 127.0.1.1) (Contest Id: Default-5078223832395999985)
191023 181107.033|INFO|Thread-2|dumpPacket|    To: TEAM633 @ site 1
191023 181107.033|INFO|Thread-2|dumpPacket|   key: PROFILE_LIST is: [Ledu.csus.ecs.pc2.core.model.Profile; [Ledu.csus.ecs.pc2.core.model.Profile;@51a648a1
191023 181107.033|INFO|Thread-2|dumpPacket|   key: GENERAL_PROBLEM is: edu.csus.ecs.pc2.core.model.Problem General
191023 181107.033|INFO|Thread-2|dumpPacket|   key: CONTEST_TIME is: edu.csus.ecs.pc2.core.model.ContestTime edu.csus.ecs.pc2.core.model.ContestTime@5f61ace5
191023 181107.033|INFO|Thread-2|dumpPacket|   key: CLIENT_SETTINGS_LIST is: [Ledu.csus.ecs.pc2.core.model.ClientSettings; [Ledu.csus.ecs.pc2.core.model.ClientSettings;@5b5e23d1
191023 181107.033|INFO|Thread-2|dumpPacket|   key: CLARIFICATION_LIST is: [Ledu.csus.ecs.pc2.core.model.Clarification; [Ledu.csus.ecs.pc2.core.model.Clarification;@1e5ca6de
191023 181107.034|INFO|Thread-2|dumpPacket|   key: CATEGORY_LIST is: [Ledu.csus.ecs.pc2.core.model.Category; [Ledu.csus.ecs.pc2.core.model.Category;@7d5c06f4
191023 181107.034|INFO|Thread-2|dumpPacket|   key: LANGUAGE_LIST is: [Ledu.csus.ecs.pc2.core.model.Language; [Ledu.csus.ecs.pc2.core.model.Language;@2f089b3e
191023 181107.034|INFO|Thread-2|dumpPacket|   key: REMOTE_LOGGED_IN_USERS is: [Ledu.csus.ecs.pc2.core.model.ClientId; [Ledu.csus.ecs.pc2.core.model.ClientId;@5e265a5
191023 181107.034|INFO|Thread-2|dumpPacket|   key: CONTEST_TIME_LIST is: [Ledu.csus.ecs.pc2.core.model.ContestTime; [Ledu.csus.ecs.pc2.core.model.ContestTime;@7e735991
191023 181107.034|INFO|Thread-2|dumpPacket|   key: CONNECTION_HANDLE_ID_LIST is: [Ledu.csus.ecs.pc2.core.transport.ConnectionHandlerID; [Ledu.csus.ecs.pc2.core.transport.ConnectionHandlerID;@63058b0d
191023 181107.034|INFO|Thread-2|dumpPacket|   key: PROFILE is: edu.csus.ecs.pc2.core.model.Profile Default-5903634455156413467
191023 181107.034|INFO|Thread-2|dumpPacket|   key: CLIENT_ID is: edu.csus.ecs.pc2.core.model.ClientId TEAM633 @ site 1
191023 181107.035|INFO|Thread-2|dumpPacket|   key: SITE_NUMBER is: java.lang.Integer 1
191023 181107.035|INFO|Thread-2|dumpPacket|   key: CONTEST_INFORMATION is: edu.csus.ecs.pc2.core.model.ContestInformation edu.csus.ecs.pc2.core.model.ContestInformation@83f2d38
191023 181107.035|INFO|Thread-2|dumpPacket|   key: SITE_LIST is: [Ledu.csus.ecs.pc2.core.model.Site; [Ledu.csus.ecs.pc2.core.model.Site;@1ee6aed7
191023 181107.035|INFO|Thread-2|dumpPacket|   key: PROBLEM_DATA_FILES is: [Ledu.csus.ecs.pc2.core.model.ProblemDataFiles; [Ledu.csus.ecs.pc2.core.model.ProblemDataFiles;@7a3dc34b
191023 181107.035|INFO|Thread-2|dumpPacket|   key: PROBLEM_LIST is: [Ledu.csus.ecs.pc2.core.model.Problem; [Ledu.csus.ecs.pc2.core.model.Problem;@35af72e2
191023 181107.035|INFO|Thread-2|dumpPacket|   key: JUDGEMENT_LIST is: [Ledu.csus.ecs.pc2.core.model.Judgement; [Ledu.csus.ecs.pc2.core.model.Judgement;@4408df82
191023 181107.035|INFO|Thread-2|dumpPacket|   key: LOCAL_LOGGED_IN_USERS is: [Ledu.csus.ecs.pc2.core.model.ClientId; [Ledu.csus.ecs.pc2.core.model.ClientId;@6fb351c2
191023 181107.036|INFO|Thread-2|dumpPacket|   key: GROUP_LIST is: [Ledu.csus.ecs.pc2.core.model.Group; [Ledu.csus.ecs.pc2.core.model.Group;@7b00e0e4
191023 181107.036|INFO|Thread-2|dumpPacket|   key: SERVER_CLOCK_OFFSET is: java.util.GregorianCalendar java.util.GregorianCalendar[time=1571825466893,areFieldsSet=true,areAllFieldsSet=false,lenient=true,zone=sun.util.calendar.ZoneInfo[id="GMT",offset=0,dstSavings=0,useDaylight=false,transitions=0,lastRule=null],firstDayOfWeek=1,minimalDaysInFirstWeek=1,ERA=1,YEAR=2019,MONTH=9,WEEK_OF_YEAR=43,WEEK_OF_MONTH=4,DAY_OF_MONTH=23,DAY_OF_YEAR=296,DAY_OF_WEEK=4,DAY_OF_WEEK_IN_MONTH=4,AM_PM=0,HOUR=10,HOUR_OF_DAY=10,MINUTE=11,SECOND=6,MILLISECOND=893,ZONE_OFFSET=0,DST_OFFSET=0]
191023 181107.036|INFO|Thread-2|dumpPacket|   key: CONTEST_IDENTIFIER is: java.lang.String Default-5078223832395999985
191023 181107.036|INFO|Thread-2|dumpPacket|   key: BALLOON_SETTINGS_LIST is: [Ledu.csus.ecs.pc2.core.model.BalloonSettings; [Ledu.csus.ecs.pc2.core.model.BalloonSettings;@35f6a504
191023 181107.036|INFO|Thread-2|dumpPacket|   key: RUN_LIST is: [Ledu.csus.ecs.pc2.core.model.Run; [Ledu.csus.ecs.pc2.core.model.Run;@370098f7
191023 181107.036|INFO|Thread-2|dumpPacket|   key: ACCOUNT_ARRAY is: [Ledu.csus.ecs.pc2.core.model.Account; [Ledu.csus.ecs.pc2.core.model.Account;@42c8e294
191023 181107.036|INFO|Thread-2|info|handlePacket start Packet[LOGIN_SUCCESS] #575 SERVER0 @ site 1 -> TEAM633 @ site 1
191023 181107.036|INFO|Thread-2|dumpPacket|Packet LOGIN_SUCCESS (Seq #575 ) handlePacket
191023 181107.037|INFO|Thread-2|dumpPacket|  From: SERVER0 @ site 1 (ntust @ 127.0.1.1) (Contest Id: Default-5078223832395999985)
191023 181107.037|INFO|Thread-2|dumpPacket|    To: TEAM633 @ site 1
191023 181107.037|INFO|Thread-2|dumpPacket|   key: PROFILE_LIST is: [Ledu.csus.ecs.pc2.core.model.Profile; [Ledu.csus.ecs.pc2.core.model.Profile;@51a648a1
191023 181107.037|INFO|Thread-2|dumpPacket|   key: GENERAL_PROBLEM is: edu.csus.ecs.pc2.core.model.Problem General
191023 181107.037|INFO|Thread-2|dumpPacket|   key: CONTEST_TIME is: edu.csus.ecs.pc2.core.model.ContestTime edu.csus.ecs.pc2.core.model.ContestTime@5f61ace5
191023 181107.037|INFO|Thread-2|dumpPacket|   key: CLIENT_SETTINGS_LIST is: [Ledu.csus.ecs.pc2.core.model.ClientSettings; [Ledu.csus.ecs.pc2.core.model.ClientSettings;@5b5e23d1
191023 181107.038|INFO|Thread-2|dumpPacket|   key: CLARIFICATION_LIST is: [Ledu.csus.ecs.pc2.core.model.Clarification; [Ledu.csus.ecs.pc2.core.model.Clarification;@1e5ca6de
191023 181107.038|INFO|Thread-2|dumpPacket|   key: CATEGORY_LIST is: [Ledu.csus.ecs.pc2.core.model.Category; [Ledu.csus.ecs.pc2.core.model.Category;@7d5c06f4
191023 181107.038|INFO|Thread-2|dumpPacket|   key: LANGUAGE_LIST is: [Ledu.csus.ecs.pc2.core.model.Language; [Ledu.csus.ecs.pc2.core.model.Language;@2f089b3e
191023 181107.038|INFO|Thread-2|dumpPacket|   key: REMOTE_LOGGED_IN_USERS is: [Ledu.csus.ecs.pc2.core.model.ClientId; [Ledu.csus.ecs.pc2.core.model.ClientId;@5e265a5
191023 181107.038|INFO|Thread-2|dumpPacket|   key: CONTEST_TIME_LIST is: [Ledu.csus.ecs.pc2.core.model.ContestTime; [Ledu.csus.ecs.pc2.core.model.ContestTime;@7e735991
191023 181107.038|INFO|Thread-2|dumpPacket|   key: CONNECTION_HANDLE_ID_LIST is: [Ledu.csus.ecs.pc2.core.transport.ConnectionHandlerID; [Ledu.csus.ecs.pc2.core.transport.ConnectionHandlerID;@63058b0d
191023 181107.039|INFO|Thread-2|dumpPacket|   key: PROFILE is: edu.csus.ecs.pc2.core.model.Profile Default-5903634455156413467
191023 181107.039|INFO|Thread-2|dumpPacket|   key: CLIENT_ID is: edu.csus.ecs.pc2.core.model.ClientId TEAM633 @ site 1
191023 181107.039|INFO|Thread-2|dumpPacket|   key: SITE_NUMBER is: java.lang.Integer 1
191023 181107.039|INFO|Thread-2|dumpPacket|   key: CONTEST_INFORMATION is: edu.csus.ecs.pc2.core.model.ContestInformation edu.csus.ecs.pc2.core.model.ContestInformation@83f2d38
191023 181107.039|INFO|Thread-2|dumpPacket|   key: SITE_LIST is: [Ledu.csus.ecs.pc2.core.model.Site; [Ledu.csus.ecs.pc2.core.model.Site;@1ee6aed7
191023 181107.039|INFO|Thread-2|dumpPacket|   key: PROBLEM_DATA_FILES is: [Ledu.csus.ecs.pc2.core.model.ProblemDataFiles; [Ledu.csus.ecs.pc2.core.model.ProblemDataFiles;@7a3dc34b
191023 181107.039|INFO|Thread-2|dumpPacket|   key: PROBLEM_LIST is: [Ledu.csus.ecs.pc2.core.model.Problem; [Ledu.csus.ecs.pc2.core.model.Problem;@35af72e2
191023 181107.039|INFO|Thread-2|dumpPacket|   key: JUDGEMENT_LIST is: [Ledu.csus.ecs.pc2.core.model.Judgement; [Ledu.csus.ecs.pc2.core.model.Judgement;@4408df82
191023 181107.040|INFO|Thread-2|dumpPacket|   key: LOCAL_LOGGED_IN_USERS is: [Ledu.csus.ecs.pc2.core.model.ClientId; [Ledu.csus.ecs.pc2.core.model.ClientId;@6fb351c2
191023 181107.040|INFO|Thread-2|dumpPacket|   key: GROUP_LIST is: [Ledu.csus.ecs.pc2.core.model.Group; [Ledu.csus.ecs.pc2.core.model.Group;@7b00e0e4
191023 181107.040|INFO|Thread-2|dumpPacket|   key: SERVER_CLOCK_OFFSET is: java.util.GregorianCalendar java.util.GregorianCalendar[time=1571825466893,areFieldsSet=true,areAllFieldsSet=false,lenient=true,zone=sun.util.calendar.ZoneInfo[id="GMT",offset=0,dstSavings=0,useDaylight=false,transitions=0,lastRule=null],firstDayOfWeek=1,minimalDaysInFirstWeek=1,ERA=1,YEAR=2019,MONTH=9,WEEK_OF_YEAR=43,WEEK_OF_MONTH=4,DAY_OF_MONTH=23,DAY_OF_YEAR=296,DAY_OF_WEEK=4,DAY_OF_WEEK_IN_MONTH=4,AM_PM=0,HOUR=10,HOUR_OF_DAY=10,MINUTE=11,SECOND=6,MILLISECOND=893,ZONE_OFFSET=0,DST_OFFSET=0]
191023 181107.040|INFO|Thread-2|dumpPacket|   key: CONTEST_IDENTIFIER is: java.lang.String Default-5078223832395999985
191023 181107.040|INFO|Thread-2|dumpPacket|   key: BALLOON_SETTINGS_LIST is: [Ledu.csus.ecs.pc2.core.model.BalloonSettings; [Ledu.csus.ecs.pc2.core.model.BalloonSettings;@35f6a504
191023 181107.041|INFO|Thread-2|dumpPacket|   key: RUN_LIST is: [Ledu.csus.ecs.pc2.core.model.Run; [Ledu.csus.ecs.pc2.core.model.Run;@370098f7
191023 181107.041|INFO|Thread-2|dumpPacket|   key: ACCOUNT_ARRAY is: [Ledu.csus.ecs.pc2.core.model.Account; [Ledu.csus.ecs.pc2.core.model.Account;@42c8e294
191023 181303.580|INFO|Thread-3|run|send(Serializable)
191023 181303.633|INFO|Thread-0|receive|public void receive(SealedObject TransportPacket, ConnectionHandlerID connectionHandlerID)
191023 181309.778|INFO|Thread-0|receive|public void receive(SealedObject TransportPacket, ConnectionHandlerID connectionHandlerID)
191023 183341.758|INFO|Thread-0|connectionDropped|connectionDropped(ConnectionHandlerID myConnectionID) 
191023 185341.397|CONFIG|AWT-EventQueue-0|setFileHandlers|Now logging to /home/xanonymous/vscode/main/ITSA/ITSA_Login_3/bin/logs directory.
191023 185341.398|INFO|AWT-EventQueue-0|info|
191023 185341.399|INFO|AWT-EventQueue-0|info|Version 9.5.3 20180207 (Wednesday, February 7th 2018 04:25 UTC) Java ver 13 build 4653 Linux 5.3.0-050300-lowlatency (amd64) 
191023 185341.400|INFO|AWT-EventQueue-0|info|Login: team633 (aka team633)
191023 185341.400|INFO|AWT-EventQueue-0|startLog|Working directory is /home/xanonymous/vscode/main/ITSA/ITSA_Login_3/bin
191023 185341.400|INFO|AWT-EventQueue-0|startLog|Process id is 13821@trusaidlinux
191023 185341.401|INFO|AWT-EventQueue-0|info|Contacting server at 140.116.245.84:50002 as TEAM633 @ site 0
191023 185341.401|INFO|AWT-EventQueue-0|info|sendLoginRequest start - sending from TEAM633 @ site 0
191023 185341.405|INFO|AWT-EventQueue-0|sendToLocalServer|Sending packet to server Packet[LOGIN_REQUEST] #1 TEAM633 @ site 0 -> SERVER0 @ site 0
191023 185341.405|INFO|Thread-1|run|send(Serializable)
191023 185341.406|INFO|AWT-EventQueue-0|sendToLocalServer|Sent    packet to server Packet[LOGIN_REQUEST] #1 TEAM633 @ site 0 -> SERVER0 @ site 0
191023 185341.407|INFO|AWT-EventQueue-0|info|sendLoginRequest end - packet sent.
191023 185341.489|INFO|Thread-0|receive|public void receive(SealedObject TransportPacket, ConnectionHandlerID connectionHandlerID)
191023 185341.531|INFO|Thread-2|info| receiveObject(S) start got Packet[LOGIN_SUCCESS] #4292 SERVER0 @ site 1 -> TEAM633 @ site 1
191023 185341.531|INFO|Thread-2|dumpPacket|Packet LOGIN_SUCCESS (Seq #4292 ) recieveObject
191023 185341.531|INFO|Thread-2|dumpPacket|  From: SERVER0 @ site 1 (ntust @ 127.0.1.1) (Contest Id: Default-5078223832395999985)
191023 185341.531|INFO|Thread-2|dumpPacket|    To: TEAM633 @ site 1
191023 185341.531|INFO|Thread-2|dumpPacket|   key: PROFILE_LIST is: [Ledu.csus.ecs.pc2.core.model.Profile; [Ledu.csus.ecs.pc2.core.model.Profile;@724fe2a8
191023 185341.532|INFO|Thread-2|dumpPacket|   key: GENERAL_PROBLEM is: edu.csus.ecs.pc2.core.model.Problem General
191023 185341.532|INFO|Thread-2|dumpPacket|   key: CONTEST_TIME is: edu.csus.ecs.pc2.core.model.ContestTime edu.csus.ecs.pc2.core.model.ContestTime@7c880291
191023 185341.532|INFO|Thread-2|dumpPacket|   key: CLIENT_SETTINGS_LIST is: [Ledu.csus.ecs.pc2.core.model.ClientSettings; [Ledu.csus.ecs.pc2.core.model.ClientSettings;@78b789d8
191023 185341.532|INFO|Thread-2|dumpPacket|   key: CLARIFICATION_LIST is: [Ledu.csus.ecs.pc2.core.model.Clarification; [Ledu.csus.ecs.pc2.core.model.Clarification;@3db508aa
191023 185341.532|INFO|Thread-2|dumpPacket|   key: CATEGORY_LIST is: [Ledu.csus.ecs.pc2.core.model.Category; [Ledu.csus.ecs.pc2.core.model.Category;@3062f716
191023 185341.532|INFO|Thread-2|dumpPacket|   key: LANGUAGE_LIST is: [Ledu.csus.ecs.pc2.core.model.Language; [Ledu.csus.ecs.pc2.core.model.Language;@cc2f701
191023 185341.532|INFO|Thread-2|dumpPacket|   key: REMOTE_LOGGED_IN_USERS is: [Ledu.csus.ecs.pc2.core.model.ClientId; [Ledu.csus.ecs.pc2.core.model.ClientId;@48ff5608
191023 185341.533|INFO|Thread-2|dumpPacket|   key: CONTEST_TIME_LIST is: [Ledu.csus.ecs.pc2.core.model.ContestTime; [Ledu.csus.ecs.pc2.core.model.ContestTime;@5d9af7e5
191023 185341.533|INFO|Thread-2|dumpPacket|   key: CONNECTION_HANDLE_ID_LIST is: [Ledu.csus.ecs.pc2.core.transport.ConnectionHandlerID; [Ledu.csus.ecs.pc2.core.transport.ConnectionHandlerID;@7ae77107
191023 185341.533|INFO|Thread-2|dumpPacket|   key: PROFILE is: edu.csus.ecs.pc2.core.model.Profile Default-5903634455156413467
191023 185341.533|INFO|Thread-2|dumpPacket|   key: CLIENT_ID is: edu.csus.ecs.pc2.core.model.ClientId TEAM633 @ site 1
191023 185341.533|INFO|Thread-2|dumpPacket|   key: SITE_NUMBER is: java.lang.Integer 1
191023 185341.533|INFO|Thread-2|dumpPacket|   key: CONTEST_INFORMATION is: edu.csus.ecs.pc2.core.model.ContestInformation edu.csus.ecs.pc2.core.model.ContestInformation@6106fba5
191023 185341.533|INFO|Thread-2|dumpPacket|   key: SITE_LIST is: [Ledu.csus.ecs.pc2.core.model.Site; [Ledu.csus.ecs.pc2.core.model.Site;@53fbbe9b
191023 185341.533|INFO|Thread-2|dumpPacket|   key: PROBLEM_DATA_FILES is: [Ledu.csus.ecs.pc2.core.model.ProblemDataFiles; [Ledu.csus.ecs.pc2.core.model.ProblemDataFiles;@59d44ede
191023 185341.534|INFO|Thread-2|dumpPacket|   key: PROBLEM_LIST is: [Ledu.csus.ecs.pc2.core.model.Problem; [Ledu.csus.ecs.pc2.core.model.Problem;@18fa63aa
191023 185341.534|INFO|Thread-2|dumpPacket|   key: JUDGEMENT_LIST is: [Ledu.csus.ecs.pc2.core.model.Judgement; [Ledu.csus.ecs.pc2.core.model.Judgement;@4ef768c3
191023 185341.534|INFO|Thread-2|dumpPacket|   key: LOCAL_LOGGED_IN_USERS is: [Ledu.csus.ecs.pc2.core.model.ClientId; [Ledu.csus.ecs.pc2.core.model.ClientId;@407618e0
191023 185341.534|INFO|Thread-2|dumpPacket|   key: GROUP_LIST is: [Ledu.csus.ecs.pc2.core.model.Group; [Ledu.csus.ecs.pc2.core.model.Group;@3b2f0c8e
191023 185341.534|INFO|Thread-2|dumpPacket|   key: SERVER_CLOCK_OFFSET is: java.util.GregorianCalendar java.util.GregorianCalendar[time=1571828021456,areFieldsSet=true,areAllFieldsSet=false,lenient=true,zone=sun.util.calendar.ZoneInfo[id="GMT",offset=0,dstSavings=0,useDaylight=false,transitions=0,lastRule=null],firstDayOfWeek=1,minimalDaysInFirstWeek=1,ERA=1,YEAR=2019,MONTH=9,WEEK_OF_YEAR=43,WEEK_OF_MONTH=4,DAY_OF_MONTH=23,DAY_OF_YEAR=296,DAY_OF_WEEK=4,DAY_OF_WEEK_IN_MONTH=4,AM_PM=0,HOUR=10,HOUR_OF_DAY=10,MINUTE=53,SECOND=41,MILLISECOND=456,ZONE_OFFSET=0,DST_OFFSET=0]
191023 185341.534|INFO|Thread-2|dumpPacket|   key: CONTEST_IDENTIFIER is: java.lang.String Default-5078223832395999985
191023 185341.534|INFO|Thread-2|dumpPacket|   key: BALLOON_SETTINGS_LIST is: [Ledu.csus.ecs.pc2.core.model.BalloonSettings; [Ledu.csus.ecs.pc2.core.model.BalloonSettings;@7003cf72
191023 185341.535|INFO|Thread-2|dumpPacket|   key: RUN_LIST is: [Ledu.csus.ecs.pc2.core.model.Run; [Ledu.csus.ecs.pc2.core.model.Run;@5c700c1
191023 185341.535|INFO|Thread-2|dumpPacket|   key: ACCOUNT_ARRAY is: [Ledu.csus.ecs.pc2.core.model.Account; [Ledu.csus.ecs.pc2.core.model.Account;@7586a981
191023 185341.535|INFO|Thread-2|info|handlePacket start Packet[LOGIN_SUCCESS] #4292 SERVER0 @ site 1 -> TEAM633 @ site 1
191023 185341.535|INFO|Thread-2|dumpPacket|Packet LOGIN_SUCCESS (Seq #4292 ) handlePacket
191023 185341.535|INFO|Thread-2|dumpPacket|  From: SERVER0 @ site 1 (ntust @ 127.0.1.1) (Contest Id: Default-5078223832395999985)
191023 185341.535|INFO|Thread-2|dumpPacket|    To: TEAM633 @ site 1
191023 185341.535|INFO|Thread-2|dumpPacket|   key: PROFILE_LIST is: [Ledu.csus.ecs.pc2.core.model.Profile; [Ledu.csus.ecs.pc2.core.model.Profile;@724fe2a8
191023 185341.535|INFO|Thread-2|dumpPacket|   key: GENERAL_PROBLEM is: edu.csus.ecs.pc2.core.model.Problem General
191023 185341.536|INFO|Thread-2|dumpPacket|   key: CONTEST_TIME is: edu.csus.ecs.pc2.core.model.ContestTime edu.csus.ecs.pc2.core.model.ContestTime@7c880291
191023 185341.536|INFO|Thread-2|dumpPacket|   key: CLIENT_SETTINGS_LIST is: [Ledu.csus.ecs.pc2.core.model.ClientSettings; [Ledu.csus.ecs.pc2.core.model.ClientSettings;@78b789d8
191023 185341.536|INFO|Thread-2|dumpPacket|   key: CLARIFICATION_LIST is: [Ledu.csus.ecs.pc2.core.model.Clarification; [Ledu.csus.ecs.pc2.core.model.Clarification;@3db508aa
191023 185341.536|INFO|Thread-2|dumpPacket|   key: CATEGORY_LIST is: [Ledu.csus.ecs.pc2.core.model.Category; [Ledu.csus.ecs.pc2.core.model.Category;@3062f716
191023 185341.536|INFO|Thread-2|dumpPacket|   key: LANGUAGE_LIST is: [Ledu.csus.ecs.pc2.core.model.Language; [Ledu.csus.ecs.pc2.core.model.Language;@cc2f701
191023 185341.536|INFO|Thread-2|dumpPacket|   key: REMOTE_LOGGED_IN_USERS is: [Ledu.csus.ecs.pc2.core.model.ClientId; [Ledu.csus.ecs.pc2.core.model.ClientId;@48ff5608
191023 185341.536|INFO|Thread-2|dumpPacket|   key: CONTEST_TIME_LIST is: [Ledu.csus.ecs.pc2.core.model.ContestTime; [Ledu.csus.ecs.pc2.core.model.ContestTime;@5d9af7e5
191023 185341.536|INFO|Thread-2|dumpPacket|   key: CONNECTION_HANDLE_ID_LIST is: [Ledu.csus.ecs.pc2.core.transport.ConnectionHandlerID; [Ledu.csus.ecs.pc2.core.transport.ConnectionHandlerID;@7ae77107
191023 185341.536|INFO|Thread-2|dumpPacket|   key: PROFILE is: edu.csus.ecs.pc2.core.model.Profile Default-5903634455156413467
191023 185341.537|INFO|Thread-2|dumpPacket|   key: CLIENT_ID is: edu.csus.ecs.pc2.core.model.ClientId TEAM633 @ site 1
191023 185341.537|INFO|Thread-2|dumpPacket|   key: SITE_NUMBER is: java.lang.Integer 1
191023 185341.537|INFO|Thread-2|dumpPacket|   key: CONTEST_INFORMATION is: edu.csus.ecs.pc2.core.model.ContestInformation edu.csus.ecs.pc2.core.model.ContestInformation@6106fba5
191023 185341.537|INFO|Thread-2|dumpPacket|   key: SITE_LIST is: [Ledu.csus.ecs.pc2.core.model.Site; [Ledu.csus.ecs.pc2.core.model.Site;@53fbbe9b
191023 185341.537|INFO|Thread-2|dumpPacket|   key: PROBLEM_DATA_FILES is: [Ledu.csus.ecs.pc2.core.model.ProblemDataFiles; [Ledu.csus.ecs.pc2.core.model.ProblemDataFiles;@59d44ede
191023 185341.537|INFO|Thread-2|dumpPacket|   key: PROBLEM_LIST is: [Ledu.csus.ecs.pc2.core.model.Problem; [Ledu.csus.ecs.pc2.core.model.Problem;@18fa63aa
191023 185341.537|INFO|Thread-2|dumpPacket|   key: JUDGEMENT_LIST is: [Ledu.csus.ecs.pc2.core.model.Judgement; [Ledu.csus.ecs.pc2.core.model.Judgement;@4ef768c3
191023 185341.538|INFO|Thread-2|dumpPacket|   key: LOCAL_LOGGED_IN_USERS is: [Ledu.csus.ecs.pc2.core.model.ClientId; [Ledu.csus.ecs.pc2.core.model.ClientId;@407618e0
191023 185341.538|INFO|Thread-2|dumpPacket|   key: GROUP_LIST is: [Ledu.csus.ecs.pc2.core.model.Group; [Ledu.csus.ecs.pc2.core.model.Group;@3b2f0c8e
191023 185341.538|INFO|Thread-2|dumpPacket|   key: SERVER_CLOCK_OFFSET is: java.util.GregorianCalendar java.util.GregorianCalendar[time=1571828021456,areFieldsSet=true,areAllFieldsSet=false,lenient=true,zone=sun.util.calendar.ZoneInfo[id="GMT",offset=0,dstSavings=0,useDaylight=false,transitions=0,lastRule=null],firstDayOfWeek=1,minimalDaysInFirstWeek=1,ERA=1,YEAR=2019,MONTH=9,WEEK_OF_YEAR=43,WEEK_OF_MONTH=4,DAY_OF_MONTH=23,DAY_OF_YEAR=296,DAY_OF_WEEK=4,DAY_OF_WEEK_IN_MONTH=4,AM_PM=0,HOUR=10,HOUR_OF_DAY=10,MINUTE=53,SECOND=41,MILLISECOND=456,ZONE_OFFSET=0,DST_OFFSET=0]
191023 185341.538|INFO|Thread-2|dumpPacket|   key: CONTEST_IDENTIFIER is: java.lang.String Default-5078223832395999985
191023 185341.538|INFO|Thread-2|dumpPacket|   key: BALLOON_SETTINGS_LIST is: [Ledu.csus.ecs.pc2.core.model.BalloonSettings; [Ledu.csus.ecs.pc2.core.model.BalloonSettings;@7003cf72
191023 185341.538|INFO|Thread-2|dumpPacket|   key: RUN_LIST is: [Ledu.csus.ecs.pc2.core.model.Run; [Ledu.csus.ecs.pc2.core.model.Run;@5c700c1
191023 185341.539|INFO|Thread-2|dumpPacket|   key: ACCOUNT_ARRAY is: [Ledu.csus.ecs.pc2.core.model.Account; [Ledu.csus.ecs.pc2.core.model.Account;@7586a981
191023 185357.563|INFO|Thread-3|run|send(Serializable)
191023 185357.783|INFO|Thread-0|receive|public void receive(SealedObject TransportPacket, ConnectionHandlerID connectionHandlerID)
191023 185758.184|CONFIG|AWT-EventQueue-0|setFileHandlers|Now logging to /home/xanonymous/vscode/main/ITSA/ITSA_Login_3/bin/logs directory.
191023 185758.185|INFO|AWT-EventQueue-0|info|
191023 185758.185|INFO|AWT-EventQueue-0|info|Version 9.5.3 20180207 (Wednesday, February 7th 2018 04:25 UTC) Java ver 13 build 4653 Linux 5.3.0-050300-lowlatency (amd64) 
191023 185758.185|INFO|AWT-EventQueue-0|info|Login: team633 (aka team633)
191023 185758.186|INFO|AWT-EventQueue-0|startLog|Working directory is /home/xanonymous/vscode/main/ITSA/ITSA_Login_3/bin
191023 185758.186|INFO|AWT-EventQueue-0|startLog|Process id is 14169@trusaidlinux
191023 185758.186|INFO|AWT-EventQueue-0|info|Contacting server at 140.116.245.84:50002 as TEAM633 @ site 0
191023 185758.187|INFO|AWT-EventQueue-0|info|sendLoginRequest start - sending from TEAM633 @ site 0
191023 185758.190|INFO|AWT-EventQueue-0|sendToLocalServer|Sending packet to server Packet[LOGIN_REQUEST] #1 TEAM633 @ site 0 -> SERVER0 @ site 0
191023 185758.191|INFO|Thread-1|run|send(Serializable)
191023 185758.192|INFO|AWT-EventQueue-0|sendToLocalServer|Sent    packet to server Packet[LOGIN_REQUEST] #1 TEAM633 @ site 0 -> SERVER0 @ site 0
191023 185758.192|INFO|AWT-EventQueue-0|info|sendLoginRequest end - packet sent.
191023 185758.281|INFO|Thread-0|receive|public void receive(SealedObject TransportPacket, ConnectionHandlerID connectionHandlerID)
191023 185758.324|INFO|Thread-2|info| receiveObject(S) start got Packet[LOGIN_SUCCESS] #4841 SERVER0 @ site 1 -> TEAM633 @ site 1
191023 185758.324|INFO|Thread-2|dumpPacket|Packet LOGIN_SUCCESS (Seq #4841 ) recieveObject
191023 185758.325|INFO|Thread-2|dumpPacket|  From: SERVER0 @ site 1 (ntust @ 127.0.1.1) (Contest Id: Default-5078223832395999985)
191023 185758.325|INFO|Thread-2|dumpPacket|    To: TEAM633 @ site 1
191023 185758.325|INFO|Thread-2|dumpPacket|   key: PROFILE_LIST is: [Ledu.csus.ecs.pc2.core.model.Profile; [Ledu.csus.ecs.pc2.core.model.Profile;@166e0d28
191023 185758.325|INFO|Thread-2|dumpPacket|   key: GENERAL_PROBLEM is: edu.csus.ecs.pc2.core.model.Problem General
191023 185758.326|INFO|Thread-2|dumpPacket|   key: CONTEST_TIME is: edu.csus.ecs.pc2.core.model.ContestTime edu.csus.ecs.pc2.core.model.ContestTime@18a9f195
191023 185758.326|INFO|Thread-2|dumpPacket|   key: CLIENT_SETTINGS_LIST is: [Ledu.csus.ecs.pc2.core.model.ClientSettings; [Ledu.csus.ecs.pc2.core.model.ClientSettings;@1c966658
191023 185758.326|INFO|Thread-2|dumpPacket|   key: CLARIFICATION_LIST is: [Ledu.csus.ecs.pc2.core.model.Clarification; [Ledu.csus.ecs.pc2.core.model.Clarification;@5994fbae
191023 185758.326|INFO|Thread-2|dumpPacket|   key: CATEGORY_LIST is: [Ledu.csus.ecs.pc2.core.model.Category; [Ledu.csus.ecs.pc2.core.model.Category;@3ff5aaf9
191023 185758.326|INFO|Thread-2|dumpPacket|   key: LANGUAGE_LIST is: [Ledu.csus.ecs.pc2.core.model.Language; [Ledu.csus.ecs.pc2.core.model.Language;@6807c1cb
191023 185758.327|INFO|Thread-2|dumpPacket|   key: REMOTE_LOGGED_IN_USERS is: [Ledu.csus.ecs.pc2.core.model.ClientId; [Ledu.csus.ecs.pc2.core.model.ClientId;@478cce35
191023 185758.327|INFO|Thread-2|dumpPacket|   key: CONTEST_TIME_LIST is: [Ledu.csus.ecs.pc2.core.model.ContestTime; [Ledu.csus.ecs.pc2.core.model.ContestTime;@39bb04e1
191023 185758.327|INFO|Thread-2|dumpPacket|   key: CONNECTION_HANDLE_ID_LIST is: [Ledu.csus.ecs.pc2.core.transport.ConnectionHandlerID; [Ledu.csus.ecs.pc2.core.transport.ConnectionHandlerID;@2b0bc34d
191023 185758.327|INFO|Thread-2|dumpPacket|   key: PROFILE is: edu.csus.ecs.pc2.core.model.Profile Default-5903634455156413467
191023 185758.327|INFO|Thread-2|dumpPacket|   key: CLIENT_ID is: edu.csus.ecs.pc2.core.model.ClientId TEAM633 @ site 1
191023 185758.328|INFO|Thread-2|dumpPacket|   key: SITE_NUMBER is: java.lang.Integer 1
191023 185758.328|INFO|Thread-2|dumpPacket|   key: CONTEST_INFORMATION is: edu.csus.ecs.pc2.core.model.ContestInformation edu.csus.ecs.pc2.core.model.ContestInformation@7d54567e
191023 185758.328|INFO|Thread-2|dumpPacket|   key: SITE_LIST is: [Ledu.csus.ecs.pc2.core.model.Site; [Ledu.csus.ecs.pc2.core.model.Site;@5c88c287
191023 185758.328|INFO|Thread-2|dumpPacket|   key: PROBLEM_DATA_FILES is: [Ledu.csus.ecs.pc2.core.model.ProblemDataFiles; [Ledu.csus.ecs.pc2.core.model.ProblemDataFiles;@3df559fb
191023 185758.328|INFO|Thread-2|dumpPacket|   key: PROBLEM_LIST is: [Ledu.csus.ecs.pc2.core.model.Problem; [Ledu.csus.ecs.pc2.core.model.Problem;@4891f4a3
191023 185758.329|INFO|Thread-2|dumpPacket|   key: JUDGEMENT_LIST is: [Ledu.csus.ecs.pc2.core.model.Judgement; [Ledu.csus.ecs.pc2.core.model.Judgement;@17a9ac69
191023 185758.329|INFO|Thread-2|dumpPacket|   key: LOCAL_LOGGED_IN_USERS is: [Ledu.csus.ecs.pc2.core.model.ClientId; [Ledu.csus.ecs.pc2.core.model.ClientId;@d2fc8e1
191023 185758.329|INFO|Thread-2|dumpPacket|   key: GROUP_LIST is: [Ledu.csus.ecs.pc2.core.model.Group; [Ledu.csus.ecs.pc2.core.model.Group;@1a02723e
191023 185758.329|INFO|Thread-2|dumpPacket|   key: SERVER_CLOCK_OFFSET is: java.util.GregorianCalendar java.util.GregorianCalendar[time=1571828278239,areFieldsSet=true,areAllFieldsSet=false,lenient=true,zone=sun.util.calendar.ZoneInfo[id="GMT",offset=0,dstSavings=0,useDaylight=false,transitions=0,lastRule=null],firstDayOfWeek=1,minimalDaysInFirstWeek=1,ERA=1,YEAR=2019,MONTH=9,WEEK_OF_YEAR=43,WEEK_OF_MONTH=4,DAY_OF_MONTH=23,DAY_OF_YEAR=296,DAY_OF_WEEK=4,DAY_OF_WEEK_IN_MONTH=4,AM_PM=0,HOUR=10,HOUR_OF_DAY=10,MINUTE=57,SECOND=58,MILLISECOND=239,ZONE_OFFSET=0,DST_OFFSET=0]
191023 185758.330|INFO|Thread-2|dumpPacket|   key: CONTEST_IDENTIFIER is: java.lang.String Default-5078223832395999985
191023 185758.330|INFO|Thread-2|dumpPacket|   key: BALLOON_SETTINGS_LIST is: [Ledu.csus.ecs.pc2.core.model.BalloonSettings; [Ledu.csus.ecs.pc2.core.model.BalloonSettings;@5d71a931
191023 185758.330|INFO|Thread-2|dumpPacket|   key: RUN_LIST is: [Ledu.csus.ecs.pc2.core.model.Run; [Ledu.csus.ecs.pc2.core.model.Run;@7e18c12
191023 185758.330|INFO|Thread-2|dumpPacket|   key: ACCOUNT_ARRAY is: [Ledu.csus.ecs.pc2.core.model.Account; [Ledu.csus.ecs.pc2.core.model.Account;@74fa24cf
191023 185758.330|INFO|Thread-2|info|handlePacket start Packet[LOGIN_SUCCESS] #4841 SERVER0 @ site 1 -> TEAM633 @ site 1
191023 185758.331|INFO|Thread-2|dumpPacket|Packet LOGIN_SUCCESS (Seq #4841 ) handlePacket
191023 185758.331|INFO|Thread-2|dumpPacket|  From: SERVER0 @ site 1 (ntust @ 127.0.1.1) (Contest Id: Default-5078223832395999985)
191023 185758.331|INFO|Thread-2|dumpPacket|    To: TEAM633 @ site 1
191023 185758.331|INFO|Thread-2|dumpPacket|   key: PROFILE_LIST is: [Ledu.csus.ecs.pc2.core.model.Profile; [Ledu.csus.ecs.pc2.core.model.Profile;@166e0d28
191023 185758.331|INFO|Thread-2|dumpPacket|   key: GENERAL_PROBLEM is: edu.csus.ecs.pc2.core.model.Problem General
191023 185758.332|INFO|Thread-2|dumpPacket|   key: CONTEST_TIME is: edu.csus.ecs.pc2.core.model.ContestTime edu.csus.ecs.pc2.core.model.ContestTime@18a9f195
191023 185758.332|INFO|Thread-2|dumpPacket|   key: CLIENT_SETTINGS_LIST is: [Ledu.csus.ecs.pc2.core.model.ClientSettings; [Ledu.csus.ecs.pc2.core.model.ClientSettings;@1c966658
191023 185758.332|INFO|Thread-2|dumpPacket|   key: CLARIFICATION_LIST is: [Ledu.csus.ecs.pc2.core.model.Clarification; [Ledu.csus.ecs.pc2.core.model.Clarification;@5994fbae
191023 185758.333|INFO|Thread-2|dumpPacket|   key: CATEGORY_LIST is: [Ledu.csus.ecs.pc2.core.model.Category; [Ledu.csus.ecs.pc2.core.model.Category;@3ff5aaf9
191023 185758.333|INFO|Thread-2|dumpPacket|   key: LANGUAGE_LIST is: [Ledu.csus.ecs.pc2.core.model.Language; [Ledu.csus.ecs.pc2.core.model.Language;@6807c1cb
191023 185758.333|INFO|Thread-2|dumpPacket|   key: REMOTE_LOGGED_IN_USERS is: [Ledu.csus.ecs.pc2.core.model.ClientId; [Ledu.csus.ecs.pc2.core.model.ClientId;@478cce35
191023 185758.333|INFO|Thread-2|dumpPacket|   key: CONTEST_TIME_LIST is: [Ledu.csus.ecs.pc2.core.model.ContestTime; [Ledu.csus.ecs.pc2.core.model.ContestTime;@39bb04e1
191023 185758.333|INFO|Thread-2|dumpPacket|   key: CONNECTION_HANDLE_ID_LIST is: [Ledu.csus.ecs.pc2.core.transport.ConnectionHandlerID; [Ledu.csus.ecs.pc2.core.transport.ConnectionHandlerID;@2b0bc34d
191023 185758.333|INFO|Thread-2|dumpPacket|   key: PROFILE is: edu.csus.ecs.pc2.core.model.Profile Default-5903634455156413467
191023 185758.334|INFO|Thread-2|dumpPacket|   key: CLIENT_ID is: edu.csus.ecs.pc2.core.model.ClientId TEAM633 @ site 1
191023 185758.334|INFO|Thread-2|dumpPacket|   key: SITE_NUMBER is: java.lang.Integer 1
191023 185758.334|INFO|Thread-2|dumpPacket|   key: CONTEST_INFORMATION is: edu.csus.ecs.pc2.core.model.ContestInformation edu.csus.ecs.pc2.core.model.ContestInformation@7d54567e
191023 185758.334|INFO|Thread-2|dumpPacket|   key: SITE_LIST is: [Ledu.csus.ecs.pc2.core.model.Site; [Ledu.csus.ecs.pc2.core.model.Site;@5c88c287
191023 185758.334|INFO|Thread-2|dumpPacket|   key: PROBLEM_DATA_FILES is: [Ledu.csus.ecs.pc2.core.model.ProblemDataFiles; [Ledu.csus.ecs.pc2.core.model.ProblemDataFiles;@3df559fb
191023 185758.335|INFO|Thread-2|dumpPacket|   key: PROBLEM_LIST is: [Ledu.csus.ecs.pc2.core.model.Problem; [Ledu.csus.ecs.pc2.core.model.Problem;@4891f4a3
191023 185758.335|INFO|Thread-2|dumpPacket|   key: JUDGEMENT_LIST is: [Ledu.csus.ecs.pc2.core.model.Judgement; [Ledu.csus.ecs.pc2.core.model.Judgement;@17a9ac69
191023 185758.335|INFO|Thread-2|dumpPacket|   key: LOCAL_LOGGED_IN_USERS is: [Ledu.csus.ecs.pc2.core.model.ClientId; [Ledu.csus.ecs.pc2.core.model.ClientId;@d2fc8e1
191023 185758.335|INFO|Thread-2|dumpPacket|   key: GROUP_LIST is: [Ledu.csus.ecs.pc2.core.model.Group; [Ledu.csus.ecs.pc2.core.model.Group;@1a02723e
191023 185758.335|INFO|Thread-2|dumpPacket|   key: SERVER_CLOCK_OFFSET is: java.util.GregorianCalendar java.util.GregorianCalendar[time=1571828278239,areFieldsSet=true,areAllFieldsSet=false,lenient=true,zone=sun.util.calendar.ZoneInfo[id="GMT",offset=0,dstSavings=0,useDaylight=false,transitions=0,lastRule=null],firstDayOfWeek=1,minimalDaysInFirstWeek=1,ERA=1,YEAR=2019,MONTH=9,WEEK_OF_YEAR=43,WEEK_OF_MONTH=4,DAY_OF_MONTH=23,DAY_OF_YEAR=296,DAY_OF_WEEK=4,DAY_OF_WEEK_IN_MONTH=4,AM_PM=0,HOUR=10,HOUR_OF_DAY=10,MINUTE=57,SECOND=58,MILLISECOND=239,ZONE_OFFSET=0,DST_OFFSET=0]
191023 185758.335|INFO|Thread-2|dumpPacket|   key: CONTEST_IDENTIFIER is: java.lang.String Default-5078223832395999985
191023 185758.336|INFO|Thread-2|dumpPacket|   key: BALLOON_SETTINGS_LIST is: [Ledu.csus.ecs.pc2.core.model.BalloonSettings; [Ledu.csus.ecs.pc2.core.model.BalloonSettings;@5d71a931
191023 185758.336|INFO|Thread-2|dumpPacket|   key: RUN_LIST is: [Ledu.csus.ecs.pc2.core.model.Run; [Ledu.csus.ecs.pc2.core.model.Run;@7e18c12
191023 185758.336|INFO|Thread-2|dumpPacket|   key: ACCOUNT_ARRAY is: [Ledu.csus.ecs.pc2.core.model.Account; [Ledu.csus.ecs.pc2.core.model.Account;@74fa24cf
191023 190114.008|INFO|Thread-0|receive|public void receive(SealedObject TransportPacket, ConnectionHandlerID connectionHandlerID)
191023 190707.875|INFO|Thread-4|run|send(Serializable)
191023 190708.016|INFO|Thread-0|receive|public void receive(SealedObject TransportPacket, ConnectionHandlerID connectionHandlerID)
191023 190722.760|INFO|Thread-0|receive|public void receive(SealedObject TransportPacket, ConnectionHandlerID connectionHandlerID)
191023 192744.821|INFO|Thread-0|connectionDropped|connectionDropped(ConnectionHandlerID myConnectionID) 
191023 201100.110|CONFIG|AWT-EventQueue-0|setFileHandlers|Now logging to /home/xanonymous/vscode/main/ITSA/ITSA_Login_3/bin/logs directory.
191023 201100.111|INFO|AWT-EventQueue-0|info|
191023 201100.112|INFO|AWT-EventQueue-0|info|Version 9.5.3 20180207 (Wednesday, February 7th 2018 04:25 UTC) Java ver 13 build 4653 Linux 5.3.0-050300-lowlatency (amd64) 
191023 201100.113|INFO|AWT-EventQueue-0|info|Login: team633 (aka team633)
191023 201100.113|INFO|AWT-EventQueue-0|startLog|Working directory is /home/xanonymous/vscode/main/ITSA/ITSA_Login_3/bin
191023 201100.113|INFO|AWT-EventQueue-0|startLog|Process id is 22676@trusaidlinux
191023 201100.114|INFO|AWT-EventQueue-0|info|Contacting server at 140.116.245.84:50002 as TEAM633 @ site 0
191023 201100.114|INFO|AWT-EventQueue-0|info|sendLoginRequest start - sending from TEAM633 @ site 0
191023 201100.117|INFO|AWT-EventQueue-0|sendToLocalServer|Sending packet to server Packet[LOGIN_REQUEST] #1 TEAM633 @ site 0 -> SERVER0 @ site 0
191023 201100.118|INFO|Thread-1|run|send(Serializable)
191023 201100.120|INFO|AWT-EventQueue-0|sendToLocalServer|Sent    packet to server Packet[LOGIN_REQUEST] #1 TEAM633 @ site 0 -> SERVER0 @ site 0
191023 201100.121|INFO|AWT-EventQueue-0|info|sendLoginRequest end - packet sent.
191023 201100.209|INFO|Thread-0|receive|public void receive(SealedObject TransportPacket, ConnectionHandlerID connectionHandlerID)
191023 201100.290|INFO|Thread-2|info| receiveObject(S) start got Packet[LOGIN_SUCCESS] #13717 SERVER0 @ site 1 -> TEAM633 @ site 1
191023 201100.290|INFO|Thread-2|dumpPacket|Packet LOGIN_SUCCESS (Seq #13717 ) recieveObject
191023 201100.290|INFO|Thread-2|dumpPacket|  From: SERVER0 @ site 1 (ntust @ 127.0.1.1) (Contest Id: Default-5078223832395999985)
191023 201100.290|INFO|Thread-2|dumpPacket|    To: TEAM633 @ site 1
191023 201100.291|INFO|Thread-2|dumpPacket|   key: PROFILE_LIST is: [Ledu.csus.ecs.pc2.core.model.Profile; [Ledu.csus.ecs.pc2.core.model.Profile;@26a7ba3f
191023 201100.291|INFO|Thread-2|dumpPacket|   key: GENERAL_PROBLEM is: edu.csus.ecs.pc2.core.model.Problem General
191023 201100.291|INFO|Thread-2|dumpPacket|   key: CONTEST_TIME is: edu.csus.ecs.pc2.core.model.ContestTime edu.csus.ecs.pc2.core.model.ContestTime@2860409b
191023 201100.291|INFO|Thread-2|dumpPacket|   key: CLIENT_SETTINGS_LIST is: [Ledu.csus.ecs.pc2.core.model.ClientSettings; [Ledu.csus.ecs.pc2.core.model.ClientSettings;@2c5fd14f
191023 201100.291|INFO|Thread-2|dumpPacket|   key: CLARIFICATION_LIST is: [Ledu.csus.ecs.pc2.core.model.Clarification; [Ledu.csus.ecs.pc2.core.model.Clarification;@695d4aa0
191023 201100.291|INFO|Thread-2|dumpPacket|   key: CATEGORY_LIST is: [Ledu.csus.ecs.pc2.core.model.Category; [Ledu.csus.ecs.pc2.core.model.Category;@723063f6
191023 201100.291|INFO|Thread-2|dumpPacket|   key: LANGUAGE_LIST is: [Ledu.csus.ecs.pc2.core.model.Language; [Ledu.csus.ecs.pc2.core.model.Language;@58fe81b3
191023 201100.292|INFO|Thread-2|dumpPacket|   key: REMOTE_LOGGED_IN_USERS is: [Ledu.csus.ecs.pc2.core.model.ClientId; [Ledu.csus.ecs.pc2.core.model.ClientId;@a79f64a
191023 201100.293|INFO|Thread-2|dumpPacket|   key: CONTEST_TIME_LIST is: [Ledu.csus.ecs.pc2.core.model.ContestTime; [Ledu.csus.ecs.pc2.core.model.ContestTime;@972b5ef
191023 201100.293|INFO|Thread-2|dumpPacket|   key: CONNECTION_HANDLE_ID_LIST is: [Ledu.csus.ecs.pc2.core.transport.ConnectionHandlerID; [Ledu.csus.ecs.pc2.core.transport.ConnectionHandlerID;@782c48e4
191023 201100.294|INFO|Thread-2|dumpPacket|   key: PROFILE is: edu.csus.ecs.pc2.core.model.Profile Default-5903634455156413467
191023 201100.294|INFO|Thread-2|dumpPacket|   key: CLIENT_ID is: edu.csus.ecs.pc2.core.model.ClientId TEAM633 @ site 1
191023 201100.294|INFO|Thread-2|dumpPacket|   key: SITE_NUMBER is: java.lang.Integer 1
191023 201100.294|INFO|Thread-2|dumpPacket|   key: CONTEST_INFORMATION is: edu.csus.ecs.pc2.core.model.ContestInformation edu.csus.ecs.pc2.core.model.ContestInformation@5473ad4b
191023 201100.295|INFO|Thread-2|dumpPacket|   key: SITE_LIST is: [Ledu.csus.ecs.pc2.core.model.Site; [Ledu.csus.ecs.pc2.core.model.Site;@117dda29
191023 201100.295|INFO|Thread-2|dumpPacket|   key: PROBLEM_DATA_FILES is: [Ledu.csus.ecs.pc2.core.model.ProblemDataFiles; [Ledu.csus.ecs.pc2.core.model.ProblemDataFiles;@d3cc824
191023 201100.295|INFO|Thread-2|dumpPacket|   key: PROBLEM_LIST is: [Ledu.csus.ecs.pc2.core.model.Problem; [Ledu.csus.ecs.pc2.core.model.Problem;@174dda0f
191023 201100.296|INFO|Thread-2|dumpPacket|   key: JUDGEMENT_LIST is: [Ledu.csus.ecs.pc2.core.model.Judgement; [Ledu.csus.ecs.pc2.core.model.Judgement;@5e1d2458
191023 201100.296|INFO|Thread-2|dumpPacket|   key: LOCAL_LOGGED_IN_USERS is: [Ledu.csus.ecs.pc2.core.model.ClientId; [Ledu.csus.ecs.pc2.core.model.ClientId;@214e0120
191023 201100.296|INFO|Thread-2|dumpPacket|   key: GROUP_LIST is: [Ledu.csus.ecs.pc2.core.model.Group; [Ledu.csus.ecs.pc2.core.model.Group;@4a5890c5
191023 201100.296|INFO|Thread-2|dumpPacket|   key: SERVER_CLOCK_OFFSET is: java.util.GregorianCalendar java.util.GregorianCalendar[time=1571832660173,areFieldsSet=true,areAllFieldsSet=false,lenient=true,zone=sun.util.calendar.ZoneInfo[id="GMT",offset=0,dstSavings=0,useDaylight=false,transitions=0,lastRule=null],firstDayOfWeek=1,minimalDaysInFirstWeek=1,ERA=1,YEAR=2019,MONTH=9,WEEK_OF_YEAR=43,WEEK_OF_MONTH=4,DAY_OF_MONTH=23,DAY_OF_YEAR=296,DAY_OF_WEEK=4,DAY_OF_WEEK_IN_MONTH=4,AM_PM=1,HOUR=0,HOUR_OF_DAY=12,MINUTE=11,SECOND=0,MILLISECOND=173,ZONE_OFFSET=0,DST_OFFSET=0]
191023 201100.297|INFO|Thread-2|dumpPacket|   key: CONTEST_IDENTIFIER is: java.lang.String Default-5078223832395999985
191023 201100.297|INFO|Thread-2|dumpPacket|   key: BALLOON_SETTINGS_LIST is: [Ledu.csus.ecs.pc2.core.model.BalloonSettings; [Ledu.csus.ecs.pc2.core.model.BalloonSettings;@333ca623
191023 201100.297|INFO|Thread-2|dumpPacket|   key: RUN_LIST is: [Ledu.csus.ecs.pc2.core.model.Run; [Ledu.csus.ecs.pc2.core.model.Run;@4346bf8
191023 201100.297|INFO|Thread-2|dumpPacket|   key: ACCOUNT_ARRAY is: [Ledu.csus.ecs.pc2.core.model.Account; [Ledu.csus.ecs.pc2.core.model.Account;@55223d5f
191023 201100.297|INFO|Thread-2|info|handlePacket start Packet[LOGIN_SUCCESS] #13717 SERVER0 @ site 1 -> TEAM633 @ site 1
191023 201100.298|INFO|Thread-2|dumpPacket|Packet LOGIN_SUCCESS (Seq #13717 ) handlePacket
191023 201100.298|INFO|Thread-2|dumpPacket|  From: SERVER0 @ site 1 (ntust @ 127.0.1.1) (Contest Id: Default-5078223832395999985)
191023 201100.298|INFO|Thread-2|dumpPacket|    To: TEAM633 @ site 1
191023 201100.298|INFO|Thread-2|dumpPacket|   key: PROFILE_LIST is: [Ledu.csus.ecs.pc2.core.model.Profile; [Ledu.csus.ecs.pc2.core.model.Profile;@26a7ba3f
191023 201100.298|INFO|Thread-2|dumpPacket|   key: GENERAL_PROBLEM is: edu.csus.ecs.pc2.core.model.Problem General
191023 201100.299|INFO|Thread-2|dumpPacket|   key: CONTEST_TIME is: edu.csus.ecs.pc2.core.model.ContestTime edu.csus.ecs.pc2.core.model.ContestTime@2860409b
191023 201100.300|INFO|Thread-2|dumpPacket|   key: CLIENT_SETTINGS_LIST is: [Ledu.csus.ecs.pc2.core.model.ClientSettings; [Ledu.csus.ecs.pc2.core.model.ClientSettings;@2c5fd14f
191023 201100.300|INFO|Thread-2|dumpPacket|   key: CLARIFICATION_LIST is: [Ledu.csus.ecs.pc2.core.model.Clarification; [Ledu.csus.ecs.pc2.core.model.Clarification;@695d4aa0
191023 201100.300|INFO|Thread-2|dumpPacket|   key: CATEGORY_LIST is: [Ledu.csus.ecs.pc2.core.model.Category; [Ledu.csus.ecs.pc2.core.model.Category;@723063f6
191023 201100.300|INFO|Thread-2|dumpPacket|   key: LANGUAGE_LIST is: [Ledu.csus.ecs.pc2.core.model.Language; [Ledu.csus.ecs.pc2.core.model.Language;@58fe81b3
191023 201100.300|INFO|Thread-2|dumpPacket|   key: REMOTE_LOGGED_IN_USERS is: [Ledu.csus.ecs.pc2.core.model.ClientId; [Ledu.csus.ecs.pc2.core.model.ClientId;@a79f64a
191023 201100.301|INFO|Thread-2|dumpPacket|   key: CONTEST_TIME_LIST is: [Ledu.csus.ecs.pc2.core.model.ContestTime; [Ledu.csus.ecs.pc2.core.model.ContestTime;@972b5ef
191023 201100.301|INFO|Thread-2|dumpPacket|   key: CONNECTION_HANDLE_ID_LIST is: [Ledu.csus.ecs.pc2.core.transport.ConnectionHandlerID; [Ledu.csus.ecs.pc2.core.transport.ConnectionHandlerID;@782c48e4
191023 201100.301|INFO|Thread-2|dumpPacket|   key: PROFILE is: edu.csus.ecs.pc2.core.model.Profile Default-5903634455156413467
191023 201100.301|INFO|Thread-2|dumpPacket|   key: CLIENT_ID is: edu.csus.ecs.pc2.core.model.ClientId TEAM633 @ site 1
191023 201100.301|INFO|Thread-2|dumpPacket|   key: SITE_NUMBER is: java.lang.Integer 1
191023 201100.301|INFO|Thread-2|dumpPacket|   key: CONTEST_INFORMATION is: edu.csus.ecs.pc2.core.model.ContestInformation edu.csus.ecs.pc2.core.model.ContestInformation@5473ad4b
191023 201100.302|INFO|Thread-2|dumpPacket|   key: SITE_LIST is: [Ledu.csus.ecs.pc2.core.model.Site; [Ledu.csus.ecs.pc2.core.model.Site;@117dda29
191023 201100.302|INFO|Thread-2|dumpPacket|   key: PROBLEM_DATA_FILES is: [Ledu.csus.ecs.pc2.core.model.ProblemDataFiles; [Ledu.csus.ecs.pc2.core.model.ProblemDataFiles;@d3cc824
191023 201100.302|INFO|Thread-2|dumpPacket|   key: PROBLEM_LIST is: [Ledu.csus.ecs.pc2.core.model.Problem; [Ledu.csus.ecs.pc2.core.model.Problem;@174dda0f
191023 201100.302|INFO|Thread-2|dumpPacket|   key: JUDGEMENT_LIST is: [Ledu.csus.ecs.pc2.core.model.Judgement; [Ledu.csus.ecs.pc2.core.model.Judgement;@5e1d2458
191023 201100.302|INFO|Thread-2|dumpPacket|   key: LOCAL_LOGGED_IN_USERS is: [Ledu.csus.ecs.pc2.core.model.ClientId; [Ledu.csus.ecs.pc2.core.model.ClientId;@214e0120
191023 201100.302|INFO|Thread-2|dumpPacket|   key: GROUP_LIST is: [Ledu.csus.ecs.pc2.core.model.Group; [Ledu.csus.ecs.pc2.core.model.Group;@4a5890c5
191023 201100.302|INFO|Thread-2|dumpPacket|   key: SERVER_CLOCK_OFFSET is: java.util.GregorianCalendar java.util.GregorianCalendar[time=1571832660173,areFieldsSet=true,areAllFieldsSet=false,lenient=true,zone=sun.util.calendar.ZoneInfo[id="GMT",offset=0,dstSavings=0,useDaylight=false,transitions=0,lastRule=null],firstDayOfWeek=1,minimalDaysInFirstWeek=1,ERA=1,YEAR=2019,MONTH=9,WEEK_OF_YEAR=43,WEEK_OF_MONTH=4,DAY_OF_MONTH=23,DAY_OF_YEAR=296,DAY_OF_WEEK=4,DAY_OF_WEEK_IN_MONTH=4,AM_PM=1,HOUR=0,HOUR_OF_DAY=12,MINUTE=11,SECOND=0,MILLISECOND=173,ZONE_OFFSET=0,DST_OFFSET=0]
191023 201100.303|INFO|Thread-2|dumpPacket|   key: CONTEST_IDENTIFIER is: java.lang.String Default-5078223832395999985
191023 201100.303|INFO|Thread-2|dumpPacket|   key: BALLOON_SETTINGS_LIST is: [Ledu.csus.ecs.pc2.core.model.BalloonSettings; [Ledu.csus.ecs.pc2.core.model.BalloonSettings;@333ca623
191023 201100.303|INFO|Thread-2|dumpPacket|   key: RUN_LIST is: [Ledu.csus.ecs.pc2.core.model.Run; [Ledu.csus.ecs.pc2.core.model.Run;@4346bf8
191023 201100.303|INFO|Thread-2|dumpPacket|   key: ACCOUNT_ARRAY is: [Ledu.csus.ecs.pc2.core.model.Account; [Ledu.csus.ecs.pc2.core.model.Account;@55223d5f
191023 201116.911|INFO|Thread-3|run|send(Serializable)
191023 201117.475|INFO|Thread-0|receive|public void receive(SealedObject TransportPacket, ConnectionHandlerID connectionHandlerID)
191023 201125.981|INFO|Thread-0|receive|public void receive(SealedObject TransportPacket, ConnectionHandlerID connectionHandlerID)
191023 201314.374|INFO|Thread-6|run|send(Serializable)
191023 201314.720|INFO|Thread-0|receive|public void receive(SealedObject TransportPacket, ConnectionHandlerID connectionHandlerID)
191023 201326.085|INFO|Thread-0|receive|public void receive(SealedObject TransportPacket, ConnectionHandlerID connectionHandlerID)
191023 202635.304|CONFIG|AWT-EventQueue-0|setFileHandlers|Now logging to /home/xanonymous/vscode/main/ITSA/ITSA_Login_3/bin/logs directory.
191023 202635.304|INFO|AWT-EventQueue-0|info|
191023 202635.304|INFO|AWT-EventQueue-0|info|Version 9.5.3 20180207 (Wednesday, February 7th 2018 04:25 UTC) Java ver 13 build 4653 Linux 5.3.0-050300-lowlatency (amd64) 
191023 202635.305|INFO|AWT-EventQueue-0|info|Login: team633 (aka team633)
191023 202635.305|INFO|AWT-EventQueue-0|startLog|Working directory is /home/xanonymous/vscode/main/ITSA/ITSA_Login_3/bin
191023 202635.305|INFO|AWT-EventQueue-0|startLog|Process id is 24667@trusaidlinux
191023 202635.306|INFO|AWT-EventQueue-0|info|Contacting server at 140.116.245.84:50002 as TEAM633 @ site 0
191023 202635.306|INFO|AWT-EventQueue-0|info|sendLoginRequest start - sending from TEAM633 @ site 0
191023 202635.308|INFO|AWT-EventQueue-0|sendToLocalServer|Sending packet to server Packet[LOGIN_REQUEST] #1 TEAM633 @ site 0 -> SERVER0 @ site 0
191023 202635.309|INFO|Thread-1|run|send(Serializable)
191023 202635.310|INFO|AWT-EventQueue-0|sendToLocalServer|Sent    packet to server Packet[LOGIN_REQUEST] #1 TEAM633 @ site 0 -> SERVER0 @ site 0
191023 202635.310|INFO|AWT-EventQueue-0|info|sendLoginRequest end - packet sent.
191023 202635.400|INFO|Thread-0|receive|public void receive(SealedObject TransportPacket, ConnectionHandlerID connectionHandlerID)
191023 202635.463|INFO|Thread-2|info| receiveObject(S) start got Packet[LOGIN_SUCCESS] #31498 SERVER0 @ site 1 -> TEAM633 @ site 1
191023 202635.464|INFO|Thread-2|dumpPacket|Packet LOGIN_SUCCESS (Seq #31498 ) recieveObject
191023 202635.464|INFO|Thread-2|dumpPacket|  From: SERVER0 @ site 1 (ntust @ 127.0.1.1) (Contest Id: Default-5078223832395999985)
191023 202635.464|INFO|Thread-2|dumpPacket|    To: TEAM633 @ site 1
191023 202635.464|INFO|Thread-2|dumpPacket|   key: PROFILE_LIST is: [Ledu.csus.ecs.pc2.core.model.Profile; [Ledu.csus.ecs.pc2.core.model.Profile;@1bae4fd
191023 202635.464|INFO|Thread-2|dumpPacket|   key: GENERAL_PROBLEM is: edu.csus.ecs.pc2.core.model.Problem General
191023 202635.465|INFO|Thread-2|dumpPacket|   key: CONTEST_TIME is: edu.csus.ecs.pc2.core.model.ContestTime edu.csus.ecs.pc2.core.model.ContestTime@f7d0aba
191023 202635.465|INFO|Thread-2|dumpPacket|   key: CLIENT_SETTINGS_LIST is: [Ledu.csus.ecs.pc2.core.model.ClientSettings; [Ledu.csus.ecs.pc2.core.model.ClientSettings;@b428f8d
191023 202635.465|INFO|Thread-2|dumpPacket|   key: CLARIFICATION_LIST is: [Ledu.csus.ecs.pc2.core.model.Clarification; [Ledu.csus.ecs.pc2.core.model.Clarification;@4e400081
191023 202635.465|INFO|Thread-2|dumpPacket|   key: CATEGORY_LIST is: [Ledu.csus.ecs.pc2.core.model.Category; [Ledu.csus.ecs.pc2.core.model.Category;@188b98b8
191023 202635.465|INFO|Thread-2|dumpPacket|   key: LANGUAGE_LIST is: [Ledu.csus.ecs.pc2.core.model.Language; [Ledu.csus.ecs.pc2.core.model.Language;@7f4469c9
191023 202635.465|INFO|Thread-2|dumpPacket|   key: REMOTE_LOGGED_IN_USERS is: [Ledu.csus.ecs.pc2.core.model.ClientId; [Ledu.csus.ecs.pc2.core.model.ClientId;@6065af4b
191023 202635.466|INFO|Thread-2|dumpPacket|   key: CONTEST_TIME_LIST is: [Ledu.csus.ecs.pc2.core.model.ContestTime; [Ledu.csus.ecs.pc2.core.model.ContestTime;@2e6fffce
191023 202635.466|INFO|Thread-2|dumpPacket|   key: CONNECTION_HANDLE_ID_LIST is: [Ledu.csus.ecs.pc2.core.transport.ConnectionHandlerID; [Ledu.csus.ecs.pc2.core.transport.ConnectionHandlerID;@6a65fce3
191023 202635.466|INFO|Thread-2|dumpPacket|   key: PROFILE is: edu.csus.ecs.pc2.core.model.Profile Default-5903634455156413467
191023 202635.466|INFO|Thread-2|dumpPacket|   key: CLIENT_ID is: edu.csus.ecs.pc2.core.model.ClientId TEAM633 @ site 1
191023 202635.466|INFO|Thread-2|dumpPacket|   key: SITE_NUMBER is: java.lang.Integer 1
191023 202635.466|INFO|Thread-2|dumpPacket|   key: CONTEST_INFORMATION is: edu.csus.ecs.pc2.core.model.ContestInformation edu.csus.ecs.pc2.core.model.ContestInformation@36b3ca47
191023 202635.467|INFO|Thread-2|dumpPacket|   key: SITE_LIST is: [Ledu.csus.ecs.pc2.core.model.Site; [Ledu.csus.ecs.pc2.core.model.Site;@7b61242d
191023 202635.467|INFO|Thread-2|dumpPacket|   key: PROBLEM_DATA_FILES is: [Ledu.csus.ecs.pc2.core.model.ProblemDataFiles; [Ledu.csus.ecs.pc2.core.model.ProblemDataFiles;@2a212500
191023 202635.467|INFO|Thread-2|dumpPacket|   key: PROBLEM_LIST is: [Ledu.csus.ecs.pc2.core.model.Problem; [Ledu.csus.ecs.pc2.core.model.Problem;@6f664643
191023 202635.467|INFO|Thread-2|dumpPacket|   key: JUDGEMENT_LIST is: [Ledu.csus.ecs.pc2.core.model.Judgement; [Ledu.csus.ecs.pc2.core.model.Judgement;@472f481a
191023 202635.467|INFO|Thread-2|dumpPacket|   key: LOCAL_LOGGED_IN_USERS is: [Ledu.csus.ecs.pc2.core.model.ClientId; [Ledu.csus.ecs.pc2.core.model.ClientId;@359d4c9e
191023 202635.467|INFO|Thread-2|dumpPacket|   key: GROUP_LIST is: [Ledu.csus.ecs.pc2.core.model.Group; [Ledu.csus.ecs.pc2.core.model.Group;@16b77608
191023 202635.467|INFO|Thread-2|dumpPacket|   key: SERVER_CLOCK_OFFSET is: java.util.GregorianCalendar java.util.GregorianCalendar[time=1571833595390,areFieldsSet=true,areAllFieldsSet=false,lenient=true,zone=sun.util.calendar.ZoneInfo[id="GMT",offset=0,dstSavings=0,useDaylight=false,transitions=0,lastRule=null],firstDayOfWeek=1,minimalDaysInFirstWeek=1,ERA=1,YEAR=2019,MONTH=9,WEEK_OF_YEAR=43,WEEK_OF_MONTH=4,DAY_OF_MONTH=23,DAY_OF_YEAR=296,DAY_OF_WEEK=4,DAY_OF_WEEK_IN_MONTH=4,AM_PM=1,HOUR=0,HOUR_OF_DAY=12,MINUTE=26,SECOND=35,MILLISECOND=390,ZONE_OFFSET=0,DST_OFFSET=0]
191023 202635.468|INFO|Thread-2|dumpPacket|   key: CONTEST_IDENTIFIER is: java.lang.String Default-5078223832395999985
191023 202635.468|INFO|Thread-2|dumpPacket|   key: BALLOON_SETTINGS_LIST is: [Ledu.csus.ecs.pc2.core.model.BalloonSettings; [Ledu.csus.ecs.pc2.core.model.BalloonSettings;@4b3e6ec3
191023 202635.468|INFO|Thread-2|dumpPacket|   key: RUN_LIST is: [Ledu.csus.ecs.pc2.core.model.Run; [Ledu.csus.ecs.pc2.core.model.Run;@766c9026
191023 202635.468|INFO|Thread-2|dumpPacket|   key: ACCOUNT_ARRAY is: [Ledu.csus.ecs.pc2.core.model.Account; [Ledu.csus.ecs.pc2.core.model.Account;@29cadbc9
191023 202635.468|INFO|Thread-2|info|handlePacket start Packet[LOGIN_SUCCESS] #31498 SERVER0 @ site 1 -> TEAM633 @ site 1
191023 202635.468|INFO|Thread-2|dumpPacket|Packet LOGIN_SUCCESS (Seq #31498 ) handlePacket
191023 202635.468|INFO|Thread-2|dumpPacket|  From: SERVER0 @ site 1 (ntust @ 127.0.1.1) (Contest Id: Default-5078223832395999985)
191023 202635.468|INFO|Thread-2|dumpPacket|    To: TEAM633 @ site 1
191023 202635.469|INFO|Thread-2|dumpPacket|   key: PROFILE_LIST is: [Ledu.csus.ecs.pc2.core.model.Profile; [Ledu.csus.ecs.pc2.core.model.Profile;@1bae4fd
191023 202635.469|INFO|Thread-2|dumpPacket|   key: GENERAL_PROBLEM is: edu.csus.ecs.pc2.core.model.Problem General
191023 202635.469|INFO|Thread-2|dumpPacket|   key: CONTEST_TIME is: edu.csus.ecs.pc2.core.model.ContestTime edu.csus.ecs.pc2.core.model.ContestTime@f7d0aba
191023 202635.469|INFO|Thread-2|dumpPacket|   key: CLIENT_SETTINGS_LIST is: [Ledu.csus.ecs.pc2.core.model.ClientSettings; [Ledu.csus.ecs.pc2.core.model.ClientSettings;@b428f8d
191023 202635.469|INFO|Thread-2|dumpPacket|   key: CLARIFICATION_LIST is: [Ledu.csus.ecs.pc2.core.model.Clarification; [Ledu.csus.ecs.pc2.core.model.Clarification;@4e400081
191023 202635.469|INFO|Thread-2|dumpPacket|   key: CATEGORY_LIST is: [Ledu.csus.ecs.pc2.core.model.Category; [Ledu.csus.ecs.pc2.core.model.Category;@188b98b8
191023 202635.469|INFO|Thread-2|dumpPacket|   key: LANGUAGE_LIST is: [Ledu.csus.ecs.pc2.core.model.Language; [Ledu.csus.ecs.pc2.core.model.Language;@7f4469c9
191023 202635.469|INFO|Thread-2|dumpPacket|   key: REMOTE_LOGGED_IN_USERS is: [Ledu.csus.ecs.pc2.core.model.ClientId; [Ledu.csus.ecs.pc2.core.model.ClientId;@6065af4b
191023 202635.470|INFO|Thread-2|dumpPacket|   key: CONTEST_TIME_LIST is: [Ledu.csus.ecs.pc2.core.model.ContestTime; [Ledu.csus.ecs.pc2.core.model.ContestTime;@2e6fffce
191023 202635.470|INFO|Thread-2|dumpPacket|   key: CONNECTION_HANDLE_ID_LIST is: [Ledu.csus.ecs.pc2.core.transport.ConnectionHandlerID; [Ledu.csus.ecs.pc2.core.transport.ConnectionHandlerID;@6a65fce3
191023 202635.470|INFO|Thread-2|dumpPacket|   key: PROFILE is: edu.csus.ecs.pc2.core.model.Profile Default-5903634455156413467
191023 202635.470|INFO|Thread-2|dumpPacket|   key: CLIENT_ID is: edu.csus.ecs.pc2.core.model.ClientId TEAM633 @ site 1
191023 202635.470|INFO|Thread-2|dumpPacket|   key: SITE_NUMBER is: java.lang.Integer 1
191023 202635.470|INFO|Thread-2|dumpPacket|   key: CONTEST_INFORMATION is: edu.csus.ecs.pc2.core.model.ContestInformation edu.csus.ecs.pc2.core.model.ContestInformation@36b3ca47
191023 202635.470|INFO|Thread-2|dumpPacket|   key: SITE_LIST is: [Ledu.csus.ecs.pc2.core.model.Site; [Ledu.csus.ecs.pc2.core.model.Site;@7b61242d
191023 202635.470|INFO|Thread-2|dumpPacket|   key: PROBLEM_DATA_FILES is: [Ledu.csus.ecs.pc2.core.model.ProblemDataFiles; [Ledu.csus.ecs.pc2.core.model.ProblemDataFiles;@2a212500
191023 202635.470|INFO|Thread-2|dumpPacket|   key: PROBLEM_LIST is: [Ledu.csus.ecs.pc2.core.model.Problem; [Ledu.csus.ecs.pc2.core.model.Problem;@6f664643
191023 202635.471|INFO|Thread-2|dumpPacket|   key: JUDGEMENT_LIST is: [Ledu.csus.ecs.pc2.core.model.Judgement; [Ledu.csus.ecs.pc2.core.model.Judgement;@472f481a
191023 202635.471|INFO|Thread-2|dumpPacket|   key: LOCAL_LOGGED_IN_USERS is: [Ledu.csus.ecs.pc2.core.model.ClientId; [Ledu.csus.ecs.pc2.core.model.ClientId;@359d4c9e
191023 202635.471|INFO|Thread-2|dumpPacket|   key: GROUP_LIST is: [Ledu.csus.ecs.pc2.core.model.Group; [Ledu.csus.ecs.pc2.core.model.Group;@16b77608
191023 202635.471|INFO|Thread-2|dumpPacket|   key: SERVER_CLOCK_OFFSET is: java.util.GregorianCalendar java.util.GregorianCalendar[time=1571833595390,areFieldsSet=true,areAllFieldsSet=false,lenient=true,zone=sun.util.calendar.ZoneInfo[id="GMT",offset=0,dstSavings=0,useDaylight=false,transitions=0,lastRule=null],firstDayOfWeek=1,minimalDaysInFirstWeek=1,ERA=1,YEAR=2019,MONTH=9,WEEK_OF_YEAR=43,WEEK_OF_MONTH=4,DAY_OF_MONTH=23,DAY_OF_YEAR=296,DAY_OF_WEEK=4,DAY_OF_WEEK_IN_MONTH=4,AM_PM=1,HOUR=0,HOUR_OF_DAY=12,MINUTE=26,SECOND=35,MILLISECOND=390,ZONE_OFFSET=0,DST_OFFSET=0]
191023 202635.471|INFO|Thread-2|dumpPacket|   key: CONTEST_IDENTIFIER is: java.lang.String Default-5078223832395999985
191023 202635.471|INFO|Thread-2|dumpPacket|   key: BALLOON_SETTINGS_LIST is: [Ledu.csus.ecs.pc2.core.model.BalloonSettings; [Ledu.csus.ecs.pc2.core.model.BalloonSettings;@4b3e6ec3
191023 202635.471|INFO|Thread-2|dumpPacket|   key: RUN_LIST is: [Ledu.csus.ecs.pc2.core.model.Run; [Ledu.csus.ecs.pc2.core.model.Run;@766c9026
191023 202635.471|INFO|Thread-2|dumpPacket|   key: ACCOUNT_ARRAY is: [Ledu.csus.ecs.pc2.core.model.Account; [Ledu.csus.ecs.pc2.core.model.Account;@29cadbc9
191023 202649.279|INFO|Thread-3|run|send(Serializable)
191023 202649.617|INFO|Thread-0|receive|public void receive(SealedObject TransportPacket, ConnectionHandlerID connectionHandlerID)
191023 202713.775|INFO|Thread-0|receive|public void receive(SealedObject TransportPacket, ConnectionHandlerID connectionHandlerID)
191023 203807.078|INFO|Thread-6|run|send(Serializable)
191023 203807.404|INFO|Thread-0|receive|public void receive(SealedObject TransportPacket, ConnectionHandlerID connectionHandlerID)
191023 203934.649|INFO|Thread-0|receive|public void receive(SealedObject TransportPacket, ConnectionHandlerID connectionHandlerID)
191023 204436.055|INFO|Thread-9|run|send(Serializable)
191023 204436.425|INFO|Thread-0|receive|public void receive(SealedObject TransportPacket, ConnectionHandlerID connectionHandlerID)
191023 204539.207|INFO|Thread-0|receive|public void receive(SealedObject TransportPacket, ConnectionHandlerID connectionHandlerID)
191023 210005.222|INFO|Thread-0|receive|public void receive(SealedObject TransportPacket, ConnectionHandlerID connectionHandlerID)
